2017-07-25 10:46:56,193 : 加载设备及用户配置信息
2017-07-25 10:46:56,259 : 配置列表中一共有 38 台设备
2017-07-25 10:46:56,259 : 配置列表中一共有 5 个用户信息
2017-07-25 10:46:56,259 : 获得服务器上待测试的设备
2017-07-25 10:46:56,363 : 已连接的设备： 91QEBP63ULCD ------ M3note
2017-07-25 10:46:56,363 : 开始执行任务...
2017-07-25 10:46:58,278 : 设备：M3note 开始预处理流程...
2017-07-25 10:46:58,934 : 设备：M3note 卸载老的nice包
2017-07-25 10:47:01,013 : 设备：M3note 开始安装测试的nice包
2017-07-25 10:47:01,014 : 设备：M3note 安装app并处理GPS弹窗
2017-07-25 10:47:02,020 : 设备：M3note 查找控件 android:id/button1
2017-07-25 10:47:03,613 : 设备：M3note 找到控件: android:id/button1
2017-07-25 10:47:03,614 : 设备：M3note start tap element id:android:id/button1
2017-07-25 10:47:07,003 : 设备：M3note tap element id:android:id/button1 success
2017-07-25 10:47:21,754 : 设备：M3note 启动成功
2017-07-25 10:47:21,754 : 设备：M3note 开始登录，使用账号:19922223369
2017-07-25 10:47:22,755 : 设备：M3note [action]按系统按键(keycode='4')
2017-07-25 10:47:22,912 : 设备：M3note start tap element id:com.nice.mont:id/circle_avatar
2017-07-25 10:47:24,276 : 设备：M3note tap element id:com.nice.mont:id/circle_avatar success
2017-07-25 10:47:24,276 : 设备：M3note start tap element id:com.nice.mont:id/btn_phone_login
2017-07-25 10:47:25,072 : 设备：M3note tap element id:com.nice.mont:id/btn_phone_login success
2017-07-25 10:47:25,072 : 设备：M3note start send_key 19922223369 to element id:com.nice.mont:id/phone_number
2017-07-25 10:47:30,833 : 设备：M3note send_key text:19922223369 to element id:com.nice.mont:id/phone_number success 
2017-07-25 10:47:31,837 : 设备：M3note start tap element id:com.nice.mont:id/btn_obtain_verify_code
2017-07-25 10:47:32,086 : 设备：M3note tap element id:com.nice.mont:id/btn_obtain_verify_code success
2017-07-25 10:47:33,090 : 设备：M3note start send_key 123456 to element id:com.nice.mont:id/verify_code_num
2017-07-25 10:47:39,076 : 设备：M3note send_key text:123456 to element id:com.nice.mont:id/verify_code_num success 
2017-07-25 10:47:40,077 : 设备：M3note start tap element id:com.nice.mont:id/login
2017-07-25 10:47:41,133 : 设备：M3note tap element id:com.nice.mont:id/login success
2017-07-25 10:47:41,133 : 设备：M3note 登录成功
2017-07-25 10:47:41,134 : 设备：M3note 获取相机及录音权限
2017-07-25 10:47:41,134 : 设备：M3note start tap element id:com.nice.mont:id/feed_open_camera
2017-07-25 10:47:44,928 : 设备：M3note tap element id:com.nice.mont:id/feed_open_camera success
2017-07-25 10:47:44,929 : 设备：M3note start tap element id:android:id/button1
2017-07-25 10:47:48,549 : 设备：M3note tap element id:android:id/button1 success
2017-07-25 10:47:48,550 : 设备：M3note start tap element id:android:id/button1
2017-07-25 10:47:51,733 : 设备：M3note tap element id:android:id/button1 success
2017-07-25 10:47:51,733 : 设备：M3note start tap element id:com.nice.mont:id/iv_close
2017-07-25 10:47:52,085 : 设备：M3note tap element id:com.nice.mont:id/iv_close success
2017-07-25 10:47:52,085 : 设备：M3note 预处理成功，开始执行Monkey测试
2017-07-25 10:47:52,085 : 设备：M3note -----------------开始执行monkey脚本-----------------
2017-07-25 10:47:54,795 : -----------完成monkey测试--------------
