2017-07-25 11:03:40,052 : 加载设备及用户配置信息
2017-07-25 11:03:40,098 : 配置列表中一共有 38 台设备
2017-07-25 11:03:40,098 : 配置列表中一共有 5 个用户信息
2017-07-25 11:03:40,098 : 获得服务器上待测试的设备
2017-07-25 11:03:40,178 : 已连接的设备： 8526c60c ------ SumSing_Note4
2017-07-25 11:03:40,178 : 开始执行任务...
2017-07-25 11:03:42,084 : 设备：SumSing_Note4 开始预处理流程...
2017-07-25 11:03:42,664 : 设备：SumSing_Note4 卸载老的nice包
2017-07-25 11:03:45,053 : 设备：SumSing_Note4 开始安装测试的nice包
2017-07-25 11:03:45,053 : 设备：SumSing_Note4 启动app并处理GPS弹窗
2017-07-25 11:04:00,073 : 设备：SumSing_Note4 start tap element id:com.android.settings:id/button
2017-07-25 11:04:03,308 : 设备：SumSing_Note4 tap element id:com.android.settings:id/button success
2017-07-25 11:04:05,182 : 设备：SumSing_Note4 启动成功
2017-07-25 11:04:05,183 : 设备：SumSing_Note4 开始登录，使用账号:19922223369
2017-07-25 11:04:06,183 : 设备：SumSing_Note4 [action]按系统按键(keycode='4')
2017-07-25 11:04:06,328 : 设备：SumSing_Note4 start tap element id:com.nice.mont:id/circle_avatar
2017-07-25 11:04:07,627 : 设备：SumSing_Note4 tap element id:com.nice.mont:id/circle_avatar success
2017-07-25 11:04:07,627 : 设备：SumSing_Note4 start tap element id:com.nice.mont:id/btn_phone_login
2017-07-25 11:04:08,595 : 设备：SumSing_Note4 tap element id:com.nice.mont:id/btn_phone_login success
2017-07-25 11:04:08,595 : 设备：SumSing_Note4 start send_key 19922223369 to element id:com.nice.mont:id/phone_number
2017-07-25 11:04:15,805 : 设备：SumSing_Note4 send_key text:19922223369 to element id:com.nice.mont:id/phone_number success 
2017-07-25 11:04:16,806 : 设备：SumSing_Note4 start tap element id:com.nice.mont:id/btn_obtain_verify_code
2017-07-25 11:04:17,138 : 设备：SumSing_Note4 tap element id:com.nice.mont:id/btn_obtain_verify_code success
2017-07-25 11:04:18,139 : 设备：SumSing_Note4 start send_key 123456 to element id:com.nice.mont:id/verify_code_num
2017-07-25 11:04:24,789 : 设备：SumSing_Note4 send_key text:123456 to element id:com.nice.mont:id/verify_code_num success 
2017-07-25 11:04:25,791 : 设备：SumSing_Note4 start tap element id:com.nice.mont:id/login
2017-07-25 11:04:26,286 : 设备：SumSing_Note4 tap element id:com.nice.mont:id/login success
2017-07-25 11:04:26,286 : 设备：SumSing_Note4 登录成功
2017-07-25 11:04:26,287 : 设备：SumSing_Note4 获取相机及录音权限
2017-07-25 11:04:26,287 : 设备：SumSing_Note4 查找控件 com.nice.mont:id/feed_open_camera
2017-07-25 11:04:27,452 : 设备：SumSing_Note4 未找到控件: com.nice.mont:id/feed_open_camera
2017-07-25 11:04:27,453 : 设备：SumSing_Note4 [action]按系统按键(keycode='4')
2017-07-25 11:04:27,990 : 设备：SumSing_Note4 查找控件 com.nice.mont:id/feed_open_camera
2017-07-25 11:04:28,196 : 设备：SumSing_Note4 找到控件: com.nice.mont:id/feed_open_camera
2017-07-25 11:04:28,196 : 设备：SumSing_Note4 start tap element id:com.nice.mont:id/feed_open_camera
2017-07-25 11:04:29,847 : 设备：SumSing_Note4 tap element id:com.nice.mont:id/feed_open_camera success
2017-07-25 11:04:30,852 : 设备：SumSing_Note4 start tap element id:com.nice.mont:id/iv_close
2017-07-25 11:04:31,366 : 设备：SumSing_Note4 tap element id:com.nice.mont:id/iv_close success
2017-07-25 11:04:31,366 : 设备：SumSing_Note4 预处理成功，开始执行Monkey测试
2017-07-25 11:04:31,366 : 设备：SumSing_Note4 -----------------开始执行monkey脚本-----------------
2017-07-25 11:04:32,428 : -----------完成monkey测试--------------
