2017-07-25 20:51:15,846 : 加载设备及用户配置信息
2017-07-25 20:51:15,892 : 配置列表中一共有 39 台设备
2017-07-25 20:51:15,892 : 配置列表中一共有 5 个用户信息
2017-07-25 20:51:15,892 : 获得服务器上待测试的设备
2017-07-25 20:51:15,979 : 已连接的设备： 3DN4C16411014042 ------ HuaWei_G9
2017-07-25 20:51:15,979 : 开始执行任务...
2017-07-25 20:51:17,638 : 设备：HuaWei_G9 开始预处理流程...
2017-07-25 20:51:18,541 : 设备：HuaWei_G9 卸载老的nice包
2017-07-25 20:51:25,897 : 设备：HuaWei_G9 查找控件 android:id/button1
2017-07-25 20:51:27,063 : 设备：HuaWei_G9 未找到控件: android:id/button1
2017-07-25 20:51:27,064 : 设备：HuaWei_G9 开始安装测试的nice包
2017-07-25 20:51:27,065 : 设备：HuaWei_G9 启动app并处理GPS弹窗
2017-07-25 20:51:27,066 : 设备：HuaWei_G9 查找控件 com.android.packageinstaller:id/ok_button
2017-07-25 20:51:50,075 : 设备：HuaWei_G9 找到控件: com.android.packageinstaller:id/ok_button
2017-07-25 20:51:50,075 : 设备：HuaWei_G9 start tap element id:com.android.packageinstaller:id/ok_button
2017-07-25 20:51:50,495 : 设备：HuaWei_G9 tap element id:com.android.packageinstaller:id/ok_button success
2017-07-25 20:51:59,111 : 设备：HuaWei_G9 启动成功
2017-07-25 20:51:59,111 : 设备：HuaWei_G9 开始登录，使用账号:19922223369
2017-07-25 20:52:01,112 : 设备：HuaWei_G9 查找控件 com.nice.mont:id/img
2017-07-25 20:52:01,145 : -----------完成全部monkey测试--------------
