2017-08-17 15:34:13,747 : 加载设备及用户配置信息
2017-08-17 15:34:13,798 : 配置列表中一共有 39 台设备
2017-08-17 15:34:13,799 : 配置列表中一共有 5 个用户信息
2017-08-17 15:34:13,799 : 获得服务器上待测试的设备
2017-08-17 15:34:14,183 : 已连接的设备： a42516eb ------ XIAOMI_NOTE
2017-08-17 15:34:14,183 : 已连接的设备： ee72d34d ------ SumSing_NOTE3
2017-08-17 15:34:14,183 : 已连接的设备： HT53WWZ02029 ------ HTC_BUTTERFLAY
2017-08-17 15:34:14,183 : 已连接的设备： 3DN4C16411014042 ------ HuaWei_G9
2017-08-17 15:34:14,183 : 已连接的设备： 91QEBP63ULCD ------ M3note
2017-08-17 15:34:14,183 : 已连接的设备： 71MBBL622EG3 ------ MeiZu_M1note
2017-08-17 15:34:14,184 : 已连接的设备： e80c9403 ------ RedMi1S
2017-08-17 15:34:14,184 : 已连接的设备： RCKVVCSO99999999 ------ OPPO_A59
2017-08-17 15:34:14,184 : 已连接的设备： 4c4bb164 ------ XIAOMI_2
2017-08-17 15:34:14,184 : 已连接的设备： 8526c60c ------ SumSing_Note4
2017-08-17 15:34:14,185 : 已连接的设备： b3e5b28e ------ XIAOMI4
2017-08-17 15:34:14,185 : 已连接的设备： 0021119e ------ XIAOMI_3
2017-08-17 15:34:14,185 : 已连接的设备： HEPBPF4D49S4FUGY ------ OPPO_R7s
2017-08-17 15:34:14,185 : 已连接的设备： G6Q4U4EA99999999 ------ OPPO_A37M
2017-08-17 15:34:14,187 : 已连接的设备： LE66A06250102401 ------ Le_X620
2017-08-17 15:34:14,187 : 已连接的设备： b33aa57c ------ XIAOMI_5
2017-08-17 15:34:14,188 : 已连接的设备： VCOZHE6L99999999 ------ vivo_X5Pro
2017-08-17 15:34:14,188 : 已连接的设备： 4d00f31dba19a02d ------ SumSing_S4
2017-08-17 15:34:14,188 : 已连接的设备： 76UBBKR224R8 ------ MEIZU_M4P
2017-08-17 15:34:14,189 : 已连接的设备： 7c404969 ------ OPPO_A33
2017-08-17 15:34:14,189 : 已连接的设备： 27ba3598 ------ ONEPlus_X
2017-08-17 15:34:14,190 : 已连接的设备： b8939c4 ------ Coopad_8729
2017-08-17 15:34:14,190 : 已连接的设备： CC53DYG03271 ------ HTC_D826w
2017-08-17 15:34:14,190 : 已连接的设备： 91QEBPL694VC ------ M3note
2017-08-17 15:34:14,191 : 已连接的设备： MIAGLMC6A2100083 ------ MEITU_5
2017-08-17 15:34:14,192 : 已连接的设备： K21GAMN5A1901310 ------ MEITU_M4
2017-08-17 15:34:14,192 : 已连接的设备： 174034d3 ------ VIVOV3MAX
2017-08-17 15:34:14,194 : 已连接的设备： 810EBL22MGP3 ------ MEIZU_M2NOTE
2017-08-17 15:34:14,194 : 已连接的设备： 8d994efc ------ Vivo_X7
2017-08-17 15:34:14,195 : 已连接的设备： HT53DYJ00008 ------ HTC_ONE
2017-08-17 15:34:14,195 : 已连接的设备： 410ac5dd9036c000 ------ SumSing_9152
2017-08-17 15:34:14,195 : 已连接的设备： A10ABNN76XMP ------ M57A
2017-08-17 15:34:14,195 : 已连接的设备： LJYTZ5D699999999 ------ Redmi_Note2
2017-08-17 15:34:14,195 : 已连接的设备： 4TEI7DK799999999 ------ RedMiNote_3
2017-08-17 15:34:14,196 : 已连接的设备： 8c9847a5 ------ Samrtosan_1
2017-08-17 15:34:14,196 : 已连接的设备： 5HUC9S6599999999 ------ OPPO_R9M
2017-08-17 15:34:14,196 : 已连接的设备： ZX1G22HQSB ------ Nexus_6
2017-08-17 15:34:14,196 : 已连接的设备： bef9e460 ------ LianX_K30T
2017-08-17 15:34:14,196 : 已连接的设备： 022BTF7N43046595 ------ HUAWEI_P6
2017-08-17 15:34:14,196 : 开始执行任务...
