2017-08-22 14:17:32,824 : 加载设备及用户配置信息
2017-08-22 14:17:32,878 : 配置列表中一共有 39 台设备
2017-08-22 14:17:32,879 : 配置列表中一共有 5 个用户信息
2017-08-22 14:17:32,879 : 获得服务器上待测试的设备
2017-08-22 14:17:32,959 : 已连接的设备： LJYTZ5D699999999 ------ Redmi_Note2
2017-08-22 14:17:32,959 : 开始执行任务...
2017-08-22 14:17:36,385 : 设备：Redmi_Note2 开始预处理流程...
2017-08-22 14:17:37,465 : 设备：Redmi_Note2 卸载老的nice包
2017-08-22 14:17:41,083 : 设备：Redmi_Note2 开始安装测试的nice包
2017-08-22 14:17:41,084 : 设备：Redmi_Note2 安装app并处理GPS弹窗
2017-08-22 14:18:11,928 : 设备：Redmi_Note2 启动成功
2017-08-22 14:18:11,928 : 设备：Redmi_Note2 开始登录，使用账号:19922223369
2017-08-22 14:18:13,932 : 设备：Redmi_Note2 查找控件 com.nice.mont:id/img
2017-08-22 14:18:14,175 : 设备：Redmi_Note2 找到控件: com.nice.mont:id/img
2017-08-22 14:18:14,175 : 设备：Redmi_Note2 [action]按系统按键(keycode='4')
2017-08-22 14:18:14,243 : 设备：Redmi_Note2 start tap element id:com.nice.mont:id/circle_avatar
2017-08-22 14:18:16,670 : 设备：Redmi_Note2 tap element id:com.nice.mont:id/circle_avatar success
2017-08-22 14:18:16,670 : 设备：Redmi_Note2 start tap element id:com.nice.mont:id/btn_phone_login
2017-08-22 14:18:18,186 : 设备：Redmi_Note2 tap element id:com.nice.mont:id/btn_phone_login success
2017-08-22 14:18:18,187 : 设备：Redmi_Note2 查找控件 com.nice.mont:id/phone_number
2017-08-22 14:18:18,287 : 设备：Redmi_Note2 找到控件: com.nice.mont:id/phone_number
2017-08-22 14:18:18,288 : 设备：Redmi_Note2 start tap element id:com.nice.mont:id/phone_number
2017-08-22 14:18:19,752 : 设备：Redmi_Note2 tap element id:com.nice.mont:id/phone_number success
2017-08-22 14:18:20,755 : 设备：Redmi_Note2 start send_key 19922223369 to element id:com.nice.mont:id/phone_number
2017-08-22 14:18:27,392 : 设备：Redmi_Note2 send_key text:19922223369 to element id:com.nice.mont:id/phone_number success 
2017-08-22 14:18:27,392 : 设备：Redmi_Note2 start tap element id:com.nice.mont:id/btn_obtain_verify_code
2017-08-22 14:18:28,153 : 设备：Redmi_Note2 tap element id:com.nice.mont:id/btn_obtain_verify_code success
2017-08-22 14:18:29,153 : 设备：Redmi_Note2 start send_key 123456 to element id:com.nice.mont:id/verify_code_num
2017-08-22 14:18:35,208 : 设备：Redmi_Note2 send_key text:123456 to element id:com.nice.mont:id/verify_code_num success 
2017-08-22 14:18:36,210 : 设备：Redmi_Note2 start tap element id:com.nice.mont:id/login
2017-08-22 14:18:36,882 : 设备：Redmi_Note2 tap element id:com.nice.mont:id/login success
2017-08-22 14:18:36,882 : 设备：Redmi_Note2 登录成功
2017-08-22 14:18:36,882 : 设备：Redmi_Note2 获取相机及录音权限
2017-08-22 14:18:36,882 : 设备：Redmi_Note2 start tap element id:com.nice.mont:id/feed_open_camera
2017-08-22 14:18:41,450 : 设备：Redmi_Note2 tap element id:com.nice.mont:id/feed_open_camera success
2017-08-22 14:18:41,451 : 设备：Redmi_Note2 start tap element id:android:id/button1
2017-08-22 14:20:03,040 : -----------完成全部monkey测试--------------
