2017-08-22 15:03:40,494 : 加载设备及用户配置信息
2017-08-22 15:03:40,546 : 配置列表中一共有 39 台设备
2017-08-22 15:03:40,546 : 配置列表中一共有 5 个用户信息
2017-08-22 15:03:40,546 : 获得服务器上待测试的设备
2017-08-22 15:03:40,674 : 已连接的设备： LJYTZ5D699999999 ------ Redmi_Note2
2017-08-22 15:03:40,674 : 开始执行任务...
2017-08-22 15:03:42,844 : 设备：Redmi_Note2 开始预处理流程...
2017-08-22 15:03:43,395 : 设备：Redmi_Note2 卸载老的nice包
2017-08-22 15:03:45,206 : 设备：Redmi_Note2 开始安装测试的nice包
2017-08-22 15:03:45,206 : 设备：Redmi_Note2 安装app并处理GPS弹窗
2017-08-22 15:04:07,223 : 设备：Redmi_Note2 启动成功
2017-08-22 15:04:07,223 : 设备：Redmi_Note2 开始登录，使用账号:19922223369
2017-08-22 15:04:09,227 : 设备：Redmi_Note2 查找控件 com.nice.mont:id/img
2017-08-22 15:04:09,343 : 设备：Redmi_Note2 找到控件: com.nice.mont:id/img
2017-08-22 15:04:09,343 : 设备：Redmi_Note2 [action]按系统按键(keycode='4')
2017-08-22 15:04:09,385 : 设备：Redmi_Note2 start tap element id:com.nice.mont:id/circle_avatar
2017-08-22 15:04:12,437 : 设备：Redmi_Note2 tap element id:com.nice.mont:id/circle_avatar success
2017-08-22 15:04:12,437 : 设备：Redmi_Note2 start tap element id:com.nice.mont:id/btn_phone_login
2017-08-22 15:04:14,264 : 设备：Redmi_Note2 tap element id:com.nice.mont:id/btn_phone_login success
2017-08-22 15:04:14,264 : 设备：Redmi_Note2 查找控件 com.nice.mont:id/phone_number
2017-08-22 15:04:14,344 : 设备：Redmi_Note2 找到控件: com.nice.mont:id/phone_number
2017-08-22 15:04:14,344 : 设备：Redmi_Note2 start tap element id:com.nice.mont:id/phone_number
2017-08-22 15:04:15,518 : 设备：Redmi_Note2 tap element id:com.nice.mont:id/phone_number success
2017-08-22 15:04:16,522 : 设备：Redmi_Note2 start send_key 19922223369 to element id:com.nice.mont:id/phone_number
2017-08-22 15:04:22,350 : 设备：Redmi_Note2 send_key text:19922223369 to element id:com.nice.mont:id/phone_number success 
2017-08-22 15:04:22,351 : 设备：Redmi_Note2 start tap element id:com.nice.mont:id/btn_obtain_verify_code
2017-08-22 15:04:23,210 : 设备：Redmi_Note2 tap element id:com.nice.mont:id/btn_obtain_verify_code success
2017-08-22 15:04:24,215 : 设备：Redmi_Note2 start send_key 123456 to element id:com.nice.mont:id/verify_code_num
2017-08-22 15:04:30,093 : 设备：Redmi_Note2 send_key text:123456 to element id:com.nice.mont:id/verify_code_num success 
2017-08-22 15:04:31,094 : 设备：Redmi_Note2 start tap element id:com.nice.mont:id/login
2017-08-22 15:04:31,302 : 设备：Redmi_Note2 tap element id:com.nice.mont:id/login success
2017-08-22 15:04:31,302 : 设备：Redmi_Note2 登录成功
2017-08-22 15:04:31,302 : 设备：Redmi_Note2 获取相机及录音权限
2017-08-22 15:04:31,302 : 设备：Redmi_Note2 start tap element id:com.nice.mont:id/feed_open_camera
2017-08-22 15:04:34,526 : 设备：Redmi_Note2 tap element id:com.nice.mont:id/feed_open_camera success
2017-08-22 15:04:34,526 : 设备：Redmi_Note2 start tap element id:com.lbe.security.miui:id/accept
2017-08-22 15:04:35,505 : 设备：Redmi_Note2 tap element id:com.lbe.security.miui:id/accept success
2017-08-22 15:04:35,506 : 设备：Redmi_Note2 start tap element id:com.lbe.security.miui:id/accept
2017-08-22 15:04:36,572 : 设备：Redmi_Note2 tap element id:com.lbe.security.miui:id/accept success
2017-08-22 15:04:36,573 : 设备：Redmi_Note2 start tap element id:com.nice.mont:id/iv_close
2017-08-22 15:04:37,605 : 设备：Redmi_Note2 tap element id:com.nice.mont:id/iv_close success
2017-08-22 15:04:37,605 : 设备：Redmi_Note2 预处理成功，开始执行Monkey测试
2017-08-22 15:04:37,605 : 设备：Redmi_Note2 -----------------执行monkey脚本-----------------
2017-08-22 15:04:38,436 : -----------完成全部monkey测试--------------
