2017-08-04 15:36:45,528 : 加载设备及用户配置信息
2017-08-04 15:36:45,580 : 配置列表中一共有 39 台设备
2017-08-04 15:36:45,580 : 配置列表中一共有 5 个用户信息
2017-08-04 15:36:45,580 : 获得服务器上待测试的设备
2017-08-04 15:36:45,670 : 已连接的设备： 3DN4C16411014042 ------ HuaWei_G9
2017-08-04 15:36:45,670 : 开始执行任务...
2017-08-04 15:37:08,454 : 设备：HuaWei_G9 开始预处理流程...
2017-08-04 15:37:09,257 : 设备：HuaWei_G9 卸载老的nice包
2017-08-04 15:37:16,404 : 设备：HuaWei_G9 查找控件 android:id/button1
2017-08-04 15:37:17,564 : 设备：HuaWei_G9 未找到控件: android:id/button1
2017-08-04 15:37:17,564 : 设备：HuaWei_G9 开始安装测试的nice包
2017-08-04 15:37:17,565 : 设备：HuaWei_G9 启动app并处理GPS弹窗
2017-08-04 15:37:17,565 : 设备：HuaWei_G9 查找控件 com.android.packageinstaller:id/decide_to_continue
2017-08-04 15:37:28,535 : 设备：HuaWei_G9 未找到控件: com.android.packageinstaller:id/decide_to_continue
2017-08-04 15:37:28,544 : 设备：HuaWei_G9 查找控件 com.android.packageinstaller:id/ok_button
2017-08-04 15:37:39,559 : 设备：HuaWei_G9 未找到控件: com.android.packageinstaller:id/ok_button
2017-08-04 15:37:46,239 : 设备：HuaWei_G9 start tap element id:com.huawei.systemmanager:id/btn_allow
2017-08-04 15:38:05,249 : 设备：HuaWei_G9 tap element id:com.huawei.systemmanager:id/btn_allow success
2017-08-04 15:38:05,257 : 设备：HuaWei_G9 启动成功
2017-08-04 15:38:05,257 : 设备：HuaWei_G9 开始登录，使用账号:19922223369
2017-08-04 15:38:07,259 : 设备：HuaWei_G9 查找控件 com.nice.mont:id/img
2017-08-04 15:38:07,370 : 设备：HuaWei_G9 找到控件: com.nice.mont:id/img
2017-08-04 15:38:07,370 : 设备：HuaWei_G9 [action]按系统按键(keycode='4')
2017-08-04 15:38:07,422 : 设备：HuaWei_G9 start tap element id:com.nice.mont:id/circle_avatar
2017-08-04 15:38:08,377 : 设备：HuaWei_G9 tap element id:com.nice.mont:id/circle_avatar success
2017-08-04 15:38:08,377 : 设备：HuaWei_G9 start tap element id:com.nice.mont:id/btn_phone_login
2017-08-04 15:38:09,231 : 设备：HuaWei_G9 tap element id:com.nice.mont:id/btn_phone_login success
2017-08-04 15:38:09,231 : 设备：HuaWei_G9 start send_key 19922223369 to element id:com.nice.mont:id/phone_number
2017-08-04 15:38:14,851 : 设备：HuaWei_G9 预处理流程失败，终止相应任务
2017-08-04 15:38:14,851 : -----------完成全部monkey测试--------------
