2017-07-25 21:10:19,974 : 加载设备及用户配置信息
2017-07-25 21:10:20,028 : 配置列表中一共有 39 台设备
2017-07-25 21:10:20,029 : 配置列表中一共有 5 个用户信息
2017-07-25 21:10:20,029 : 获得服务器上待测试的设备
2017-07-25 21:10:20,120 : 已连接的设备： 3DN4C16411014042 ------ HuaWei_G9
2017-07-25 21:10:20,121 : 开始执行任务...
2017-07-25 21:10:21,596 : 设备：HuaWei_G9 开始预处理流程...
2017-07-25 21:10:27,471 : 设备：HuaWei_G9 查找控件 android:id/button1
2017-07-25 21:10:28,663 : 设备：HuaWei_G9 未找到控件: android:id/button1
2017-07-25 21:10:28,663 : 设备：HuaWei_G9 开始安装测试的nice包
2017-07-25 21:10:28,664 : 设备：HuaWei_G9 启动app并处理GPS弹窗
2017-07-25 21:10:28,664 : 设备：HuaWei_G9 查找控件 com.android.packageinstaller:id/decide_to_continue
2017-07-25 21:10:33,314 : 设备：HuaWei_G9 找到控件: com.android.packageinstaller:id/decide_to_continue
2017-07-25 21:10:33,315 : 设备：HuaWei_G9 start tap element id:com.android.packageinstaller:id/decide_to_continue
2017-07-25 21:10:34,136 : 设备：HuaWei_G9 tap element id:com.android.packageinstaller:id/decide_to_continue success
2017-07-25 21:10:34,136 : 设备：HuaWei_G9 start tap element id:com.android.packageinstaller:id/goinstall
2017-07-25 21:10:37,944 : 设备：HuaWei_G9 tap element id:com.android.packageinstaller:id/goinstall success
2017-07-25 21:10:57,576 : 设备：HuaWei_G9 start tap element id:com.huawei.systemmanager:id/btn_allow
2017-07-25 21:11:02,355 : 设备：HuaWei_G9 tap element id:com.huawei.systemmanager:id/btn_allow success
2017-07-25 21:11:02,355 : 设备：HuaWei_G9 启动成功
2017-07-25 21:11:02,356 : 设备：HuaWei_G9 开始登录，使用账号:19922223369
2017-07-25 21:11:04,359 : 设备：HuaWei_G9 查找控件 com.nice.mont:id/img
2017-07-25 21:11:04,393 : 设备：HuaWei_G9 找到控件: com.nice.mont:id/img
2017-07-25 21:11:04,394 : 设备：HuaWei_G9 [action]按系统按键(keycode='4')
2017-07-25 21:11:04,431 : 设备：HuaWei_G9 start tap element id:com.nice.mont:id/circle_avatar
2017-07-25 21:11:05,795 : 设备：HuaWei_G9 tap element id:com.nice.mont:id/circle_avatar success
2017-07-25 21:11:05,796 : 设备：HuaWei_G9 start tap element id:com.nice.mont:id/btn_phone_login
2017-07-25 21:11:06,757 : 设备：HuaWei_G9 tap element id:com.nice.mont:id/btn_phone_login success
2017-07-25 21:11:06,758 : 设备：HuaWei_G9 start send_key 19922223369 to element id:com.nice.mont:id/phone_number
2017-07-25 21:11:14,326 : 设备：HuaWei_G9 send_key text:19922223369 to element id:com.nice.mont:id/phone_number success 
2017-07-25 21:11:15,331 : 设备：HuaWei_G9 start tap element id:com.nice.mont:id/btn_obtain_verify_code
2017-07-25 21:11:15,694 : 设备：HuaWei_G9 tap element id:com.nice.mont:id/btn_obtain_verify_code success
2017-07-25 21:11:16,698 : 设备：HuaWei_G9 start send_key 123456 to element id:com.nice.mont:id/verify_code_num
2017-07-25 21:11:22,596 : 设备：HuaWei_G9 send_key text:123456 to element id:com.nice.mont:id/verify_code_num success 
2017-07-25 21:11:23,597 : 设备：HuaWei_G9 start tap element id:com.nice.mont:id/login
2017-07-25 21:11:24,862 : 设备：HuaWei_G9 tap element id:com.nice.mont:id/login success
2017-07-25 21:11:24,862 : 设备：HuaWei_G9 登录成功
2017-07-25 21:11:24,862 : 设备：HuaWei_G9 获取相机及录音权限
2017-07-25 21:11:24,862 : 设备：HuaWei_G9 start tap element id:com.nice.mont:id/feed_open_camera
2017-07-25 21:11:27,188 : 设备：HuaWei_G9 tap element id:com.nice.mont:id/feed_open_camera success
2017-07-25 21:11:27,189 : 设备：HuaWei_G9 start tap element id:com.android.packageinstaller:id/do_not_ask_checkbox
2017-07-25 21:11:27,896 : 设备：HuaWei_G9 tap element id:com.android.packageinstaller:id/do_not_ask_checkbox success
2017-07-25 21:11:27,896 : 设备：HuaWei_G9 start tap element id:com.android.packageinstaller:id/permission_allow_button
2017-07-25 21:11:29,694 : 设备：HuaWei_G9 tap element id:com.android.packageinstaller:id/permission_allow_button success
2017-07-25 21:11:29,694 : 设备：HuaWei_G9 start tap element id:com.android.packageinstaller:id/do_not_ask_checkbox
2017-07-25 21:11:30,364 : 设备：HuaWei_G9 tap element id:com.android.packageinstaller:id/do_not_ask_checkbox success
2017-07-25 21:11:30,365 : 设备：HuaWei_G9 start tap element id:com.android.packageinstaller:id/permission_allow_button
2017-07-25 21:11:31,403 : 设备：HuaWei_G9 tap element id:com.android.packageinstaller:id/permission_allow_button success
2017-07-25 21:11:31,403 : 设备：HuaWei_G9 start tap element id:com.android.packageinstaller:id/do_not_ask_checkbox
2017-07-25 21:11:32,074 : 设备：HuaWei_G9 tap element id:com.android.packageinstaller:id/do_not_ask_checkbox success
2017-07-25 21:11:32,074 : 设备：HuaWei_G9 start tap element id:com.android.packageinstaller:id/permission_allow_button
2017-07-25 21:11:35,814 : 设备：HuaWei_G9 tap element id:com.android.packageinstaller:id/permission_allow_button success
2017-07-25 21:11:37,814 : 设备：HuaWei_G9 start tap element id:com.nice.mont:id/iv_close
2017-07-25 21:11:40,591 : 设备：HuaWei_G9 tap element id:com.nice.mont:id/iv_close success
2017-07-25 21:11:40,592 : 设备：HuaWei_G9 -----------------开始执行monkey脚本-----------------
2017-07-25 21:11:50,458 : -----------完成全部monkey测试--------------
