2017-08-15 21:27:14,782 : 加载设备及用户配置信息
2017-08-15 21:27:14,829 : 配置列表中一共有 39 台设备
2017-08-15 21:27:14,830 : 配置列表中一共有 5 个用户信息
2017-08-15 21:27:14,830 : 获得服务器上待测试的设备
2017-08-15 21:27:14,936 : 已连接的设备： 3DN4C16411014042 ------ HuaWei_G9
2017-08-15 21:27:14,936 : 已连接的设备： 8c9847a5 ------ Samrtosan_1
2017-08-15 21:27:14,936 : 开始执行任务...
2017-08-15 21:27:19,003 : 设备：HuaWei_G9 开始预处理流程...
2017-08-15 21:27:19,847 : 设备：HuaWei_G9 卸载老的nice包
2017-08-15 21:27:21,047 : 设备：Samrtosan_1 开始预处理流程...
2017-08-15 21:27:21,731 : 设备：Samrtosan_1 卸载老的nice包
2017-08-15 21:27:23,806 : 设备：Samrtosan_1 开始安装测试的nice包
2017-08-15 21:27:23,807 : 设备：Samrtosan_1 安装app并处理GPS弹窗
2017-08-15 21:27:27,369 : 设备：HuaWei_G9 查找控件 android:id/button1
2017-08-15 21:27:28,675 : 设备：HuaWei_G9 未找到控件: android:id/button1
2017-08-15 21:27:28,675 : 设备：HuaWei_G9 开始安装测试的nice包
2017-08-15 21:27:28,676 : 设备：HuaWei_G9 启动app并处理GPS弹窗
2017-08-15 21:27:28,676 : 设备：HuaWei_G9 查找控件 com.android.packageinstaller:id/decide_to_continue
2017-08-15 21:27:38,933 : 设备：Samrtosan_1 启动成功
2017-08-15 21:27:38,934 : 设备：Samrtosan_1 开始登录，使用账号:19922223368
2017-08-15 21:27:39,895 : 设备：HuaWei_G9 未找到控件: com.android.packageinstaller:id/decide_to_continue
2017-08-15 21:27:39,895 : 设备：HuaWei_G9 查找控件 com.android.packageinstaller:id/ok_button
2017-08-15 21:27:40,001 : 设备：HuaWei_G9 找到控件: com.android.packageinstaller:id/ok_button
2017-08-15 21:27:40,001 : 设备：HuaWei_G9 start tap element id:com.android.packageinstaller:id/ok_button
2017-08-15 21:27:40,935 : 设备：Samrtosan_1 查找控件 com.nice.mont:id/img
2017-08-15 21:27:41,067 : 设备：Samrtosan_1 找到控件: com.nice.mont:id/img
2017-08-15 21:27:41,067 : 设备：Samrtosan_1 [action]按系统按键(keycode='4')
2017-08-15 21:27:41,096 : 设备：Samrtosan_1 start tap element id:com.nice.mont:id/circle_avatar
2017-08-15 21:27:42,785 : 设备：Samrtosan_1 tap element id:com.nice.mont:id/circle_avatar success
2017-08-15 21:27:42,785 : 设备：Samrtosan_1 start tap element id:com.nice.mont:id/btn_phone_login
2017-08-15 21:27:43,381 : 设备：HuaWei_G9 tap element id:com.android.packageinstaller:id/ok_button success
2017-08-15 21:27:44,336 : 设备：Samrtosan_1 tap element id:com.nice.mont:id/btn_phone_login success
2017-08-15 21:27:44,336 : 设备：Samrtosan_1 start send_key 19922223368 to element id:com.nice.mont:id/phone_number
2017-08-15 21:27:47,430 : 设备：Samrtosan_1 预处理流程失败，终止相应任务
2017-08-15 21:28:04,733 : 设备：HuaWei_G9 start tap element id:com.huawei.systemmanager:id/btn_allow
2017-08-15 21:28:04,944 : 设备：HuaWei_G9 tap element id:com.huawei.systemmanager:id/btn_allow success
2017-08-15 21:28:04,945 : 设备：HuaWei_G9 启动成功
2017-08-15 21:28:04,945 : 设备：HuaWei_G9 开始登录，使用账号:19922223369
2017-08-15 21:28:06,951 : 设备：HuaWei_G9 查找控件 com.nice.mont:id/img
2017-08-15 21:28:06,988 : 设备：HuaWei_G9 找到控件: com.nice.mont:id/img
2017-08-15 21:28:06,988 : 设备：HuaWei_G9 [action]按系统按键(keycode='4')
2017-08-15 21:28:07,013 : 设备：HuaWei_G9 start tap element id:com.nice.mont:id/circle_avatar
2017-08-15 21:28:08,014 : 设备：HuaWei_G9 tap element id:com.nice.mont:id/circle_avatar success
2017-08-15 21:28:08,014 : 设备：HuaWei_G9 start tap element id:com.nice.mont:id/btn_phone_login
2017-08-15 21:28:08,905 : 设备：HuaWei_G9 tap element id:com.nice.mont:id/btn_phone_login success
2017-08-15 21:28:08,905 : 设备：HuaWei_G9 start send_key 19922223369 to element id:com.nice.mont:id/phone_number
2017-08-15 21:28:13,254 : 设备：HuaWei_G9 预处理流程失败，终止相应任务
2017-08-15 21:28:13,254 : -----------完成全部monkey测试--------------
