2017-08-15 21:56:38,475 : 加载设备及用户配置信息
2017-08-15 21:56:38,532 : 配置列表中一共有 39 台设备
2017-08-15 21:56:38,532 : 配置列表中一共有 5 个用户信息
2017-08-15 21:56:38,532 : 获得服务器上待测试的设备
2017-08-15 21:56:38,654 : 已连接的设备： 3DN4C16411014042 ------ HuaWei_G9
2017-08-15 21:56:38,655 : 开始执行任务...
2017-08-15 21:56:41,267 : 设备：HuaWei_G9 开始预处理流程...
2017-08-15 21:56:42,088 : 设备：HuaWei_G9 卸载老的nice包
2017-08-15 21:56:49,248 : 设备：HuaWei_G9 查找控件 android:id/button1
2017-08-15 21:56:50,428 : 设备：HuaWei_G9 未找到控件: android:id/button1
2017-08-15 21:56:50,429 : 设备：HuaWei_G9 开始安装测试的nice包
2017-08-15 21:56:50,429 : 设备：HuaWei_G9 启动app并处理GPS弹窗
2017-08-15 21:56:50,429 : 设备：HuaWei_G9 查找控件 com.android.packageinstaller:id/decide_to_continue
2017-08-15 21:57:01,722 : 设备：HuaWei_G9 未找到控件: com.android.packageinstaller:id/decide_to_continue
2017-08-15 21:57:01,723 : 设备：HuaWei_G9 查找控件 com.android.packageinstaller:id/ok_button
2017-08-15 21:57:13,100 : 设备：HuaWei_G9 未找到控件: com.android.packageinstaller:id/ok_button
2017-08-15 21:57:16,290 : 设备：HuaWei_G9 start tap element id:com.huawei.systemmanager:id/btn_allow
2017-08-15 21:57:20,048 : 设备：HuaWei_G9 tap element id:com.huawei.systemmanager:id/btn_allow success
2017-08-15 21:57:20,049 : 设备：HuaWei_G9 启动成功
2017-08-15 21:57:20,049 : 设备：HuaWei_G9 开始登录，使用账号:19922223369
2017-08-15 21:57:22,052 : 设备：HuaWei_G9 查找控件 com.nice.mont:id/img
2017-08-15 21:57:22,083 : 设备：HuaWei_G9 找到控件: com.nice.mont:id/img
2017-08-15 21:57:22,083 : 设备：HuaWei_G9 [action]按系统按键(keycode='4')
2017-08-15 21:57:22,109 : 设备：HuaWei_G9 start tap element id:com.nice.mont:id/circle_avatar
2017-08-15 21:57:23,148 : 设备：HuaWei_G9 tap element id:com.nice.mont:id/circle_avatar success
2017-08-15 21:57:23,148 : 设备：HuaWei_G9 start tap element id:com.nice.mont:id/btn_phone_login
2017-08-15 21:57:24,018 : 设备：HuaWei_G9 tap element id:com.nice.mont:id/btn_phone_login success
2017-08-15 21:57:24,018 : 设备：HuaWei_G9 查找控件 com.nice.mont:id/phone_number
2017-08-15 21:57:24,066 : 设备：HuaWei_G9 找到控件: com.nice.mont:id/phone_number
2017-08-15 21:57:27,437 : 设备：HuaWei_G9 预处理流程失败，终止相应任务
2017-08-15 21:57:27,437 : -----------完成全部monkey测试--------------
