2017-08-15 21:34:44,824 : 加载设备及用户配置信息
2017-08-15 21:34:44,885 : 配置列表中一共有 39 台设备
2017-08-15 21:34:44,885 : 配置列表中一共有 5 个用户信息
2017-08-15 21:34:44,885 : 获得服务器上待测试的设备
2017-08-15 21:34:44,989 : 已连接的设备： 3DN4C16411014042 ------ HuaWei_G9
2017-08-15 21:34:44,989 : 已连接的设备： 8c9847a5 ------ Samrtosan_1
2017-08-15 21:34:44,989 : 开始执行任务...
2017-08-15 21:34:47,650 : 设备：HuaWei_G9 开始预处理流程...
2017-08-15 21:34:48,453 : 设备：HuaWei_G9 卸载老的nice包
2017-08-15 21:34:55,565 : 设备：HuaWei_G9 查找控件 android:id/button1
2017-08-15 21:34:56,722 : 设备：HuaWei_G9 未找到控件: android:id/button1
2017-08-15 21:34:56,723 : 设备：HuaWei_G9 开始安装测试的nice包
2017-08-15 21:34:56,723 : 设备：HuaWei_G9 启动app并处理GPS弹窗
2017-08-15 21:34:56,723 : 设备：HuaWei_G9 查找控件 com.android.packageinstaller:id/decide_to_continue
2017-08-15 21:35:07,987 : 设备：HuaWei_G9 未找到控件: com.android.packageinstaller:id/decide_to_continue
2017-08-15 21:35:08,005 : 设备：HuaWei_G9 查找控件 com.android.packageinstaller:id/ok_button
2017-08-15 21:35:19,276 : 设备：HuaWei_G9 未找到控件: com.android.packageinstaller:id/ok_button
2017-08-15 21:35:22,351 : 设备：HuaWei_G9 start tap element id:com.huawei.systemmanager:id/btn_allow
2017-08-15 21:35:26,345 : 设备：HuaWei_G9 tap element id:com.huawei.systemmanager:id/btn_allow success
2017-08-15 21:35:26,346 : 设备：HuaWei_G9 启动成功
2017-08-15 21:35:26,346 : 设备：HuaWei_G9 开始登录，使用账号:19922223369
2017-08-15 21:35:28,351 : 设备：HuaWei_G9 查找控件 com.nice.mont:id/img
2017-08-15 21:35:28,385 : 设备：HuaWei_G9 找到控件: com.nice.mont:id/img
2017-08-15 21:35:28,385 : 设备：HuaWei_G9 [action]按系统按键(keycode='4')
2017-08-15 21:35:28,416 : 设备：HuaWei_G9 start tap element id:com.nice.mont:id/circle_avatar
2017-08-15 21:35:29,560 : 设备：HuaWei_G9 tap element id:com.nice.mont:id/circle_avatar success
2017-08-15 21:35:29,560 : 设备：HuaWei_G9 start tap element id:com.nice.mont:id/btn_phone_login
2017-08-15 21:35:30,415 : 设备：HuaWei_G9 tap element id:com.nice.mont:id/btn_phone_login success
2017-08-15 21:35:30,416 : 设备：HuaWei_G9 start send_key 19922223369 to element id:com.nice.mont:id/phone_number
2017-08-15 21:35:34,739 : 设备：HuaWei_G9 预处理流程失败，终止相应任务
