2017-08-15 21:54:32,431 : 加载设备及用户配置信息
2017-08-15 21:54:32,481 : 配置列表中一共有 39 台设备
2017-08-15 21:54:32,481 : 配置列表中一共有 5 个用户信息
2017-08-15 21:54:32,481 : 获得服务器上待测试的设备
2017-08-15 21:54:32,607 : 已连接的设备： 3DN4C16411014042 ------ HuaWei_G9
2017-08-15 21:54:32,607 : 开始执行任务...
2017-08-15 21:54:35,228 : 设备：HuaWei_G9 开始预处理流程...
2017-08-15 21:54:36,043 : 设备：HuaWei_G9 卸载老的nice包
2017-08-15 21:54:43,162 : 设备：HuaWei_G9 查找控件 android:id/button1
2017-08-15 21:54:44,344 : 设备：HuaWei_G9 未找到控件: android:id/button1
2017-08-15 21:54:44,344 : 设备：HuaWei_G9 开始安装测试的nice包
2017-08-15 21:54:44,344 : 设备：HuaWei_G9 启动app并处理GPS弹窗
2017-08-15 21:54:44,347 : 设备：HuaWei_G9 查找控件 com.android.packageinstaller:id/decide_to_continue
2017-08-15 21:54:55,641 : 设备：HuaWei_G9 未找到控件: com.android.packageinstaller:id/decide_to_continue
2017-08-15 21:54:55,641 : 设备：HuaWei_G9 查找控件 com.android.packageinstaller:id/ok_button
2017-08-15 21:55:07,102 : 设备：HuaWei_G9 未找到控件: com.android.packageinstaller:id/ok_button
2017-08-15 21:55:10,345 : 设备：HuaWei_G9 start tap element id:com.huawei.systemmanager:id/btn_allow
2017-08-15 21:55:14,295 : 设备：HuaWei_G9 tap element id:com.huawei.systemmanager:id/btn_allow success
2017-08-15 21:55:14,295 : 设备：HuaWei_G9 启动成功
2017-08-15 21:55:14,295 : 设备：HuaWei_G9 开始登录，使用账号:19922223369
2017-08-15 21:55:16,298 : 设备：HuaWei_G9 查找控件 com.nice.mont:id/img
2017-08-15 21:55:16,342 : 设备：HuaWei_G9 找到控件: com.nice.mont:id/img
2017-08-15 21:55:16,343 : 设备：HuaWei_G9 [action]按系统按键(keycode='4')
2017-08-15 21:55:16,370 : 设备：HuaWei_G9 start tap element id:com.nice.mont:id/circle_avatar
2017-08-15 21:55:17,579 : 设备：HuaWei_G9 tap element id:com.nice.mont:id/circle_avatar success
2017-08-15 21:55:17,579 : 设备：HuaWei_G9 start tap element id:com.nice.mont:id/btn_phone_login
2017-08-15 21:55:18,420 : 设备：HuaWei_G9 tap element id:com.nice.mont:id/btn_phone_login success
2017-08-15 21:55:18,420 : 设备：HuaWei_G9 查找控件 com.nice.mont:id/phone_number
2017-08-15 21:55:18,477 : 设备：HuaWei_G9 找到控件: com.nice.mont:id/phone_number
2017-08-15 21:55:18,477 : 设备：HuaWei_G9 start send_key [19922223369] to element id:com.nice.mont:id/phone_number
2017-08-15 21:55:22,828 : 设备：HuaWei_G9 预处理流程失败，终止相应任务
2017-08-15 21:55:22,829 : -----------完成全部monkey测试--------------
