2017-07-24 20:04:19,451 : 加载设备及用户配置信息
2017-07-24 20:04:19,511 : 配置列表中一共有 38 台设备
2017-07-24 20:04:19,511 : 配置列表中一共有 5 个用户信息
2017-07-24 20:04:19,511 : 获得服务器上待测试的设备
2017-07-24 20:04:19,679 : 已连接的设备： 8526c60c ------ SumSing_Note4
2017-07-24 20:04:19,680 : 开始执行任务...
2017-07-24 20:04:20,923 : 设备：SumSing_Note4 开始预处理流程...
2017-07-24 20:04:21,327 : 设备：SumSing_Note4 卸载老的nice包
2017-07-24 20:04:23,548 : 设备：SumSing_Note4 开始安装测试的nice包
2017-07-24 20:04:23,549 : 设备：SumSing_Note4 启动app并处理GPS弹窗
2017-07-24 20:04:40,862 : 设备：SumSing_Note4 start tap element id:com.android.settings:id/button
2017-07-24 20:04:43,999 : 设备：SumSing_Note4 tap element id:com.android.settings:id/button success
2017-07-24 20:04:46,031 : 设备：SumSing_Note4 启动成功
2017-07-24 20:04:46,031 : 设备：SumSing_Note4 开始登录，使用账号:19922223369
2017-07-24 20:04:48,035 : 设备：SumSing_Note4 [action]按系统按键(keycode='4')
2017-07-24 20:04:48,060 : 设备：SumSing_Note4 start tap element id:com.nice.mont:id/circle_avatar
2017-07-24 20:04:49,313 : 设备：SumSing_Note4 tap element id:com.nice.mont:id/circle_avatar success
2017-07-24 20:04:49,313 : 设备：SumSing_Note4 start tap element id:com.nice.mont:id/btn_phone_login
2017-07-24 20:04:50,171 : 设备：SumSing_Note4 tap element id:com.nice.mont:id/btn_phone_login success
2017-07-24 20:04:51,174 : 设备：SumSing_Note4 start send_key 19922223369 to element id:com.nice.mont:id/phone_number
2017-07-24 20:04:57,147 : 设备：SumSing_Note4 send_key text:19922223369 to element id:com.nice.mont:id/phone_number success 
2017-07-24 20:04:58,147 : 设备：SumSing_Note4 start tap element id:com.nice.mont:id/btn_obtain_verify_code
2017-07-24 20:05:01,610 : 设备：SumSing_Note4 tap element id:com.nice.mont:id/btn_obtain_verify_code success
2017-07-24 20:05:01,654 : 设备：SumSing_Note4 登陆验证码为: 
2017-07-24 20:05:06,660 : 设备：SumSing_Note4 start send_key  to element id:com.nice.mont:id/verify_code_num
2017-07-24 20:05:06,689 : -----------完成monkey测试--------------
