2017-08-22 11:23:33,507 : 加载设备及用户配置信息
2017-08-22 11:23:33,556 : 配置列表中一共有 39 台设备
2017-08-22 11:23:33,557 : 配置列表中一共有 5 个用户信息
2017-08-22 11:23:33,557 : 获得服务器上待测试的设备
2017-08-22 11:23:33,666 : 已连接的设备： 810EBL22MGP3 ------ MEIZU_M2NOTE
2017-08-22 11:23:33,666 : 已连接的设备： b33aa57c ------ XIAOMI_5
2017-08-22 11:23:33,666 : 开始执行任务...
2017-08-22 11:23:36,150 : 设备：MEIZU_M2NOTE 开始预处理流程...
2017-08-22 11:23:36,832 : 设备：MEIZU_M2NOTE 开始安装测试的nice包
2017-08-22 11:23:36,832 : 设备：MEIZU_M2NOTE 安装app并处理GPS弹窗
2017-08-22 11:23:36,833 : 设备：MEIZU_M2NOTE 查找控件 android:id/button1
2017-08-22 11:23:38,023 : 设备：XIAOMI_5 开始预处理流程...
2017-08-22 11:23:38,517 : 设备：XIAOMI_5 开始安装测试的nice包
2017-08-22 11:23:38,517 : 设备：XIAOMI_5 启动app并处理GPS弹窗
2017-08-22 11:23:39,437 : 设备：MEIZU_M2NOTE 找到控件: android:id/button1
2017-08-22 11:23:39,437 : 设备：MEIZU_M2NOTE start tap element id:android:id/button1
2017-08-22 11:23:42,832 : 设备：MEIZU_M2NOTE tap element id:android:id/button1 success
2017-08-22 11:23:54,007 : 设备：MEIZU_M2NOTE 启动成功
2017-08-22 11:23:54,008 : 设备：MEIZU_M2NOTE 开始登录，使用账号:19922223369
2017-08-22 11:23:56,009 : 设备：MEIZU_M2NOTE 查找控件 com.nice.mont:id/img
2017-08-22 11:23:56,082 : 设备：MEIZU_M2NOTE 找到控件: com.nice.mont:id/img
2017-08-22 11:23:56,082 : 设备：MEIZU_M2NOTE [action]按系统按键(keycode='4')
2017-08-22 11:23:56,112 : 设备：MEIZU_M2NOTE start tap element id:com.nice.mont:id/circle_avatar
2017-08-22 11:23:57,584 : 设备：MEIZU_M2NOTE tap element id:com.nice.mont:id/circle_avatar success
2017-08-22 11:23:57,584 : 设备：MEIZU_M2NOTE start tap element id:com.nice.mont:id/btn_phone_login
2017-08-22 11:23:58,549 : 设备：MEIZU_M2NOTE tap element id:com.nice.mont:id/btn_phone_login success
2017-08-22 11:23:58,550 : 设备：MEIZU_M2NOTE 查找控件 com.nice.mont:id/phone_number
2017-08-22 11:23:58,634 : 设备：MEIZU_M2NOTE 找到控件: com.nice.mont:id/phone_number
2017-08-22 11:23:58,635 : 设备：MEIZU_M2NOTE start tap element id:com.nice.mont:id/phone_number
2017-08-22 11:24:00,973 : 设备：XIAOMI_5 启动成功
2017-08-22 11:24:00,973 : 设备：XIAOMI_5 开始登录，使用账号:19922223368
2017-08-22 11:24:02,243 : 设备：MEIZU_M2NOTE tap element id:com.nice.mont:id/phone_number success
2017-08-22 11:24:02,977 : 设备：XIAOMI_5 查找控件 com.nice.mont:id/img
2017-08-22 11:24:03,054 : 设备：XIAOMI_5 找到控件: com.nice.mont:id/img
2017-08-22 11:24:03,055 : 设备：XIAOMI_5 [action]按系统按键(keycode='4')
2017-08-22 11:24:03,077 : 设备：XIAOMI_5 start tap element id:com.nice.mont:id/circle_avatar
2017-08-22 11:24:03,248 : 设备：MEIZU_M2NOTE start send_key 19922223369 to element id:com.nice.mont:id/phone_number
2017-08-22 11:24:04,189 : 设备：XIAOMI_5 tap element id:com.nice.mont:id/circle_avatar success
2017-08-22 11:24:04,189 : 设备：XIAOMI_5 start tap element id:com.nice.mont:id/btn_phone_login
2017-08-22 11:24:05,081 : 设备：XIAOMI_5 tap element id:com.nice.mont:id/btn_phone_login success
2017-08-22 11:24:05,081 : 设备：XIAOMI_5 查找控件 com.nice.mont:id/phone_number
2017-08-22 11:24:05,121 : 设备：XIAOMI_5 找到控件: com.nice.mont:id/phone_number
2017-08-22 11:24:05,121 : 设备：XIAOMI_5 start tap element id:com.nice.mont:id/phone_number
2017-08-22 11:24:08,431 : 设备：MEIZU_M2NOTE send_key text:19922223369 to element id:com.nice.mont:id/phone_number success 
2017-08-22 11:24:08,431 : 设备：MEIZU_M2NOTE start tap element id:com.nice.mont:id/btn_obtain_verify_code
2017-08-22 11:24:08,998 : 设备：XIAOMI_5 tap element id:com.nice.mont:id/phone_number success
2017-08-22 11:24:10,003 : 设备：XIAOMI_5 start send_key 19922223368 to element id:com.nice.mont:id/phone_number
2017-08-22 11:24:12,161 : 设备：MEIZU_M2NOTE tap element id:com.nice.mont:id/btn_obtain_verify_code success
2017-08-22 11:24:13,164 : 设备：MEIZU_M2NOTE start send_key 123456 to element id:com.nice.mont:id/verify_code_num
2017-08-22 11:24:15,044 : 设备：XIAOMI_5 send_key text:19922223368 to element id:com.nice.mont:id/phone_number success 
2017-08-22 11:24:15,045 : 设备：XIAOMI_5 start tap element id:com.nice.mont:id/btn_obtain_verify_code
2017-08-22 11:24:15,765 : 设备：XIAOMI_5 tap element id:com.nice.mont:id/btn_obtain_verify_code success
2017-08-22 11:24:16,769 : 设备：XIAOMI_5 start send_key 123456 to element id:com.nice.mont:id/verify_code_num
2017-08-22 11:24:18,069 : 设备：MEIZU_M2NOTE send_key text:123456 to element id:com.nice.mont:id/verify_code_num success 
2017-08-22 11:24:19,072 : 设备：MEIZU_M2NOTE start tap element id:com.nice.mont:id/login
2017-08-22 11:24:19,850 : 设备：MEIZU_M2NOTE tap element id:com.nice.mont:id/login success
2017-08-22 11:24:19,850 : 设备：MEIZU_M2NOTE 登录成功
2017-08-22 11:24:19,850 : 设备：MEIZU_M2NOTE 获取相机及录音权限
2017-08-22 11:24:19,850 : 设备：MEIZU_M2NOTE start tap element id:com.nice.mont:id/feed_open_camera
2017-08-22 11:24:22,008 : 设备：XIAOMI_5 send_key text:123456 to element id:com.nice.mont:id/verify_code_num success 
2017-08-22 11:24:22,160 : 设备：MEIZU_M2NOTE tap element id:com.nice.mont:id/feed_open_camera success
2017-08-22 11:24:22,161 : 设备：MEIZU_M2NOTE start tap element id:android:id/button1
2017-08-22 11:24:23,012 : 设备：XIAOMI_5 start tap element id:com.nice.mont:id/login
2017-08-22 11:24:23,698 : 设备：XIAOMI_5 tap element id:com.nice.mont:id/login success
2017-08-22 11:24:23,698 : 设备：XIAOMI_5 登录成功
2017-08-22 11:24:23,698 : 设备：XIAOMI_5 获取相机及录音权限
2017-08-22 11:24:23,699 : 设备：XIAOMI_5 start tap element id:com.nice.mont:id/feed_open_camera
2017-08-22 11:24:25,901 : 设备：MEIZU_M2NOTE tap element id:android:id/button1 success
2017-08-22 11:24:25,901 : 设备：MEIZU_M2NOTE start tap element id:android:id/button1
2017-08-22 11:24:26,085 : 设备：XIAOMI_5 tap element id:com.nice.mont:id/feed_open_camera success
2017-08-22 11:24:26,085 : 设备：XIAOMI_5 start tap element id:android:id/button1
2017-08-22 11:24:26,787 : 设备：XIAOMI_5 tap element id:android:id/button1 success
2017-08-22 11:24:26,788 : 设备：XIAOMI_5 start tap element id:android:id/button1
2017-08-22 11:24:27,622 : 设备：XIAOMI_5 tap element id:android:id/button1 success
2017-08-22 11:24:27,622 : 设备：XIAOMI_5 start tap element id:android:id/button1
2017-08-22 11:24:29,110 : 设备：MEIZU_M2NOTE tap element id:android:id/button1 success
2017-08-22 11:24:29,110 : 设备：MEIZU_M2NOTE start tap element id:com.nice.mont:id/iv_close
2017-08-22 11:24:29,532 : 设备：MEIZU_M2NOTE tap element id:com.nice.mont:id/iv_close success
2017-08-22 11:24:29,532 : 设备：MEIZU_M2NOTE 预处理成功，开始执行Monkey测试
2017-08-22 11:24:29,532 : 设备：MEIZU_M2NOTE -----------------执行monkey脚本-----------------
2017-08-22 11:24:31,388 : 设备：XIAOMI_5 tap element id:android:id/button1 success
2017-08-22 11:24:31,389 : 设备：XIAOMI_5 start tap element id:com.nice.mont:id/iv_close
2017-08-22 11:24:31,699 : 设备：XIAOMI_5 tap element id:com.nice.mont:id/iv_close success
2017-08-22 11:24:31,699 : 设备：XIAOMI_5 预处理成功，开始执行Monkey测试
2017-08-22 11:24:31,699 : 设备：XIAOMI_5 -----------------执行monkey脚本-----------------
2017-08-22 11:27:53,857 : -----------完成全部monkey测试--------------
