2017-08-15 22:02:42,522 : 加载设备及用户配置信息
2017-08-15 22:02:42,604 : 配置列表中一共有 39 台设备
2017-08-15 22:02:42,605 : 配置列表中一共有 5 个用户信息
2017-08-15 22:02:42,605 : 获得服务器上待测试的设备
2017-08-15 22:02:42,689 : 已连接的设备： 3DN4C16411014042 ------ HuaWei_G9
2017-08-15 22:02:42,689 : 开始执行任务...
2017-08-15 22:02:45,330 : 设备：HuaWei_G9 开始预处理流程...
2017-08-15 22:02:46,145 : 设备：HuaWei_G9 卸载老的nice包
2017-08-15 22:02:53,292 : 设备：HuaWei_G9 查找控件 android:id/button1
2017-08-15 22:02:54,473 : 设备：HuaWei_G9 未找到控件: android:id/button1
2017-08-15 22:02:54,473 : 设备：HuaWei_G9 开始安装测试的nice包
2017-08-15 22:02:54,473 : 设备：HuaWei_G9 启动app并处理GPS弹窗
2017-08-15 22:02:54,476 : 设备：HuaWei_G9 查找控件 com.android.packageinstaller:id/decide_to_continue
2017-08-15 22:03:05,790 : 设备：HuaWei_G9 未找到控件: com.android.packageinstaller:id/decide_to_continue
2017-08-15 22:03:05,790 : 设备：HuaWei_G9 查找控件 com.android.packageinstaller:id/ok_button
2017-08-15 22:03:17,153 : 设备：HuaWei_G9 未找到控件: com.android.packageinstaller:id/ok_button
2017-08-15 22:03:20,513 : 设备：HuaWei_G9 start tap element id:com.huawei.systemmanager:id/btn_allow
2017-08-15 22:03:24,243 : 设备：HuaWei_G9 tap element id:com.huawei.systemmanager:id/btn_allow success
2017-08-15 22:03:24,243 : 设备：HuaWei_G9 启动成功
2017-08-15 22:03:24,244 : 设备：HuaWei_G9 开始登录，使用账号:19922223369
2017-08-15 22:03:26,248 : 设备：HuaWei_G9 查找控件 com.nice.mont:id/img
2017-08-15 22:03:26,281 : 设备：HuaWei_G9 找到控件: com.nice.mont:id/img
2017-08-15 22:03:26,281 : 设备：HuaWei_G9 [action]按系统按键(keycode='4')
2017-08-15 22:03:26,308 : 设备：HuaWei_G9 start tap element id:com.nice.mont:id/circle_avatar
2017-08-15 22:03:27,568 : 设备：HuaWei_G9 tap element id:com.nice.mont:id/circle_avatar success
2017-08-15 22:03:27,568 : 设备：HuaWei_G9 start tap element id:com.nice.mont:id/btn_phone_login
2017-08-15 22:03:28,462 : 设备：HuaWei_G9 tap element id:com.nice.mont:id/btn_phone_login success
2017-08-15 22:03:28,462 : 设备：HuaWei_G9 查找控件 com.nice.mont:id/phone_number
2017-08-15 22:03:28,498 : 设备：HuaWei_G9 找到控件: com.nice.mont:id/phone_number
2017-08-15 22:03:31,841 : 设备：HuaWei_G9 预处理流程失败，终止相应任务
2017-08-15 22:03:31,842 : -----------完成全部monkey测试--------------
