2017-07-25 11:20:27,340 : 加载设备及用户配置信息
2017-07-25 11:20:27,387 : 配置列表中一共有 39 台设备
2017-07-25 11:20:27,387 : 配置列表中一共有 5 个用户信息
2017-07-25 11:20:27,387 : 获得服务器上待测试的设备
2017-07-25 11:20:27,460 : 已连接的设备： 8c9847a5 ------ Samrtosan_1
2017-07-25 11:20:27,460 : 开始执行任务...
2017-07-25 11:20:28,971 : 设备：Samrtosan_1 开始预处理流程...
2017-07-25 11:20:30,165 : 设备：Samrtosan_1 卸载老的nice包
2017-07-25 11:20:32,448 : 设备：Samrtosan_1 开始安装测试的nice包
2017-07-25 11:20:32,448 : 设备：Samrtosan_1 安装app并处理GPS弹窗
2017-07-25 11:20:45,456 : 设备：Samrtosan_1 启动成功
2017-07-25 11:20:45,457 : 设备：Samrtosan_1 开始登录，使用账号:19922223369
2017-07-25 11:20:46,461 : 设备：Samrtosan_1 [action]按系统按键(keycode='4')
2017-07-25 11:20:46,874 : 设备：Samrtosan_1 start tap element id:com.nice.mont:id/circle_avatar
2017-07-25 11:20:48,186 : 设备：Samrtosan_1 tap element id:com.nice.mont:id/circle_avatar success
2017-07-25 11:20:48,187 : 设备：Samrtosan_1 start tap element id:com.nice.mont:id/btn_phone_login
2017-07-25 11:20:49,902 : 设备：Samrtosan_1 tap element id:com.nice.mont:id/btn_phone_login success
2017-07-25 11:20:49,902 : 设备：Samrtosan_1 start send_key 19922223369 to element id:com.nice.mont:id/phone_number
2017-07-25 11:20:56,220 : 设备：Samrtosan_1 send_key text:19922223369 to element id:com.nice.mont:id/phone_number success 
2017-07-25 11:20:57,226 : 设备：Samrtosan_1 start tap element id:com.nice.mont:id/btn_obtain_verify_code
2017-07-25 11:20:57,642 : 设备：Samrtosan_1 tap element id:com.nice.mont:id/btn_obtain_verify_code success
2017-07-25 11:20:58,643 : 设备：Samrtosan_1 start send_key 123456 to element id:com.nice.mont:id/verify_code_num
2017-07-25 11:21:03,564 : 设备：Samrtosan_1 send_key text:123456 to element id:com.nice.mont:id/verify_code_num success 
2017-07-25 11:21:04,567 : 设备：Samrtosan_1 start tap element id:com.nice.mont:id/login
2017-07-25 11:21:05,955 : 设备：Samrtosan_1 tap element id:com.nice.mont:id/login success
2017-07-25 11:21:05,955 : 设备：Samrtosan_1 登录成功
2017-07-25 11:21:05,955 : 设备：Samrtosan_1 获取相机及录音权限
2017-07-25 11:21:05,956 : 设备：Samrtosan_1 start tap element id:com.nice.mont:id/feed_open_camera
2017-07-25 11:21:08,105 : 设备：Samrtosan_1 tap element id:com.nice.mont:id/feed_open_camera success
2017-07-25 11:21:08,105 : 设备：Samrtosan_1 start tap element id:android:id/button1
2017-07-25 11:21:10,234 : 设备：Samrtosan_1 tap element id:android:id/button1 success
2017-07-25 11:21:10,235 : 设备：Samrtosan_1 start tap element id:android:id/button1
2017-07-25 11:21:11,698 : 设备：Samrtosan_1 tap element id:android:id/button1 success
2017-07-25 11:21:11,698 : 设备：Samrtosan_1 预处理成功，开始执行Monkey测试
2017-07-25 11:21:11,698 : 设备：Samrtosan_1 -----------------开始执行monkey脚本-----------------
2017-07-25 11:21:12,955 : -----------完成monkey测试--------------
