2017-08-17 15:35:45,754 : 加载设备及用户配置信息
2017-08-17 15:35:45,808 : 配置列表中一共有 39 台设备
2017-08-17 15:35:45,808 : 配置列表中一共有 5 个用户信息
2017-08-17 15:35:45,809 : 获得服务器上待测试的设备
2017-08-17 15:35:45,929 : 已连接的设备： 8526c60c ------ SumSing_Note4
2017-08-17 15:35:45,929 : 开始执行任务...
2017-08-17 15:35:49,116 : 设备：SumSing_Note4 开始预处理流程...
2017-08-17 15:35:49,813 : 设备：SumSing_Note4 卸载老的nice包
2017-08-17 15:35:52,690 : 设备：SumSing_Note4 开始安装测试的nice包
2017-08-17 15:35:52,691 : 设备：SumSing_Note4 启动app并处理GPS弹窗
2017-08-17 15:36:13,245 : 设备：SumSing_Note4 start tap element id:com.android.settings:id/button
2017-08-17 15:36:16,707 : 设备：SumSing_Note4 tap element id:com.android.settings:id/button success
2017-08-17 15:36:19,089 : 设备：SumSing_Note4 启动成功
2017-08-17 15:36:19,090 : 设备：SumSing_Note4 开始登录，使用账号:19922223369
2017-08-17 15:36:21,094 : 设备：SumSing_Note4 查找控件 com.nice.mont:id/img
2017-08-17 15:36:21,220 : 设备：SumSing_Note4 找到控件: com.nice.mont:id/img
2017-08-17 15:36:21,220 : 设备：SumSing_Note4 [action]按系统按键(keycode='4')
2017-08-17 15:36:21,254 : 设备：SumSing_Note4 start tap element id:com.nice.mont:id/circle_avatar
2017-08-17 15:36:22,854 : 设备：SumSing_Note4 tap element id:com.nice.mont:id/circle_avatar success
2017-08-17 15:36:22,855 : 设备：SumSing_Note4 start tap element id:com.nice.mont:id/btn_phone_login
2017-08-17 15:36:23,941 : 设备：SumSing_Note4 tap element id:com.nice.mont:id/btn_phone_login success
2017-08-17 15:36:23,942 : 设备：SumSing_Note4 查找控件 com.nice.mont:id/phone_number
2017-08-17 15:36:24,093 : 设备：SumSing_Note4 找到控件: com.nice.mont:id/phone_number
2017-08-17 15:36:26,344 : 设备：SumSing_Note4 预处理流程失败，终止相应任务
2017-08-17 15:36:26,344 : -----------完成全部monkey测试--------------
