2017-08-17 16:07:37,195 : 加载设备及用户配置信息
2017-08-17 16:07:37,250 : 配置列表中一共有 39 台设备
2017-08-17 16:07:37,250 : 配置列表中一共有 5 个用户信息
2017-08-17 16:07:37,250 : 获得服务器上待测试的设备
2017-08-17 16:07:37,529 : 已连接的设备： 8526c60c ------ SumSing_Note4
2017-08-17 16:07:37,530 : 开始执行任务...
2017-08-17 16:07:39,758 : 设备：SumSing_Note4 开始预处理流程...
2017-08-17 16:07:40,427 : 设备：SumSing_Note4 卸载老的nice包
2017-08-17 16:07:42,637 : 设备：SumSing_Note4 开始安装测试的nice包
2017-08-17 16:07:42,638 : 设备：SumSing_Note4 启动app并处理GPS弹窗
2017-08-17 16:07:43,194 : 设备：SumSing_Note4 start tap element id:com.android.settings:id/button
2017-08-17 16:08:03,099 : 设备：SumSing_Note4 tap element id:com.android.settings:id/button success
2017-08-17 16:08:05,682 : 设备：SumSing_Note4 启动成功
2017-08-17 16:08:05,682 : 设备：SumSing_Note4 开始登录，使用账号:19922223369
2017-08-17 16:08:07,686 : 设备：SumSing_Note4 查找控件 com.nice.mont:id/img
2017-08-17 16:08:07,752 : 设备：SumSing_Note4 找到控件: com.nice.mont:id/img
2017-08-17 16:08:07,752 : 设备：SumSing_Note4 [action]按系统按键(keycode='4')
2017-08-17 16:08:07,778 : 设备：SumSing_Note4 start tap element id:com.nice.mont:id/circle_avatar
2017-08-17 16:08:08,948 : 设备：SumSing_Note4 tap element id:com.nice.mont:id/circle_avatar success
2017-08-17 16:08:08,949 : 设备：SumSing_Note4 start tap element id:com.nice.mont:id/btn_phone_login
2017-08-17 16:08:09,969 : 设备：SumSing_Note4 tap element id:com.nice.mont:id/btn_phone_login success
2017-08-17 16:08:09,970 : 设备：SumSing_Note4 查找控件 com.nice.mont:id/phone_number
2017-08-17 16:08:10,058 : 设备：SumSing_Note4 找到控件: com.nice.mont:id/phone_number
2017-08-17 16:08:10,059 : 设备：SumSing_Note4 start tap element id:com.nice.mont:id/phone_number
2017-08-17 16:08:14,053 : 设备：SumSing_Note4 tap element id:com.nice.mont:id/phone_number success
2017-08-17 16:08:15,066 : 设备：SumSing_Note4 start send_key 19922223369 to element id:com.nice.mont:id/phone_number
2017-08-17 16:08:21,013 : 设备：SumSing_Note4 send_key text:19922223369 to element id:com.nice.mont:id/phone_number success 
2017-08-17 16:08:21,013 : 设备：SumSing_Note4 start tap element id:com.nice.mont:id/btn_obtain_verify_code
2017-08-17 16:08:25,518 : 设备：SumSing_Note4 tap element id:com.nice.mont:id/btn_obtain_verify_code success
2017-08-17 16:08:26,523 : 设备：SumSing_Note4 start send_key 123456 to element id:com.nice.mont:id/verify_code_num
2017-08-17 16:08:48,150 : 设备：SumSing_Note4 send_key text:123456 to element id:com.nice.mont:id/verify_code_num success 
2017-08-17 16:08:49,154 : 设备：SumSing_Note4 start tap element id:com.nice.mont:id/login
2017-08-17 16:08:50,559 : 设备：SumSing_Note4 tap element id:com.nice.mont:id/login success
2017-08-17 16:08:50,559 : 设备：SumSing_Note4 登录成功
2017-08-17 16:08:50,559 : 设备：SumSing_Note4 获取相机及录音权限
2017-08-17 16:08:50,559 : 设备：SumSing_Note4 查找控件 com.nice.mont:id/feed_open_camera
2017-08-17 16:08:51,680 : 设备：SumSing_Note4 未找到控件: com.nice.mont:id/feed_open_camera
2017-08-17 16:08:51,681 : 设备：SumSing_Note4 [action]按系统按键(keycode='4')
2017-08-17 16:08:52,596 : 设备：SumSing_Note4 查找控件 com.nice.mont:id/feed_open_camera
2017-08-17 16:08:53,696 : 设备：SumSing_Note4 未找到控件: com.nice.mont:id/feed_open_camera
2017-08-17 16:08:53,697 : 设备：SumSing_Note4 [action]按系统按键(keycode='4')
2017-08-17 16:08:53,761 : 设备：SumSing_Note4 查找控件 com.nice.mont:id/feed_open_camera
2017-08-17 16:08:54,849 : 设备：SumSing_Note4 未找到控件: com.nice.mont:id/feed_open_camera
2017-08-17 16:08:54,849 : 设备：SumSing_Note4 [action]按系统按键(keycode='4')
2017-08-17 16:08:54,885 : 设备：SumSing_Note4 查找控件 com.nice.mont:id/feed_open_camera
2017-08-17 16:08:55,055 : 设备：SumSing_Note4 找到控件: com.nice.mont:id/feed_open_camera
2017-08-17 16:08:55,056 : 设备：SumSing_Note4 start tap element id:com.nice.mont:id/feed_open_camera
2017-08-17 16:08:56,213 : 设备：SumSing_Note4 tap element id:com.nice.mont:id/feed_open_camera success
2017-08-17 16:08:57,218 : 设备：SumSing_Note4 start tap element id:com.nice.mont:id/iv_close
2017-08-17 16:08:57,707 : 设备：SumSing_Note4 tap element id:com.nice.mont:id/iv_close success
2017-08-17 16:08:57,708 : 设备：SumSing_Note4 预处理成功，开始执行Monkey测试
2017-08-17 16:08:57,708 : 设备：SumSing_Note4 -----------------执行monkey脚本-----------------
2017-08-17 16:09:09,992 : -----------完成全部monkey测试--------------
