2017-07-24 20:43:23,830 : 加载设备及用户配置信息
2017-07-24 20:43:23,884 : 配置列表中一共有 38 台设备
2017-07-24 20:43:23,885 : 配置列表中一共有 5 个用户信息
2017-07-24 20:43:23,885 : 获得服务器上待测试的设备
2017-07-24 20:43:23,979 : 已连接的设备： 8526c60c ------ SumSing_Note4
2017-07-24 20:43:23,980 : 开始执行任务...
2017-07-24 20:43:25,572 : 设备：SumSing_Note4 开始预处理流程...
2017-07-24 20:43:26,281 : 设备：SumSing_Note4 卸载老的nice包
2017-07-24 20:43:28,696 : 设备：SumSing_Note4 开始安装测试的nice包
2017-07-24 20:43:28,696 : 设备：SumSing_Note4 启动app并处理GPS弹窗
2017-07-24 20:43:47,567 : 设备：SumSing_Note4 start tap element id:com.android.settings:id/button
2017-07-24 20:43:49,541 : 设备：SumSing_Note4 tap element id:com.android.settings:id/button success
2017-07-24 20:43:52,579 : 设备：SumSing_Note4 启动成功
2017-07-24 20:43:52,579 : 设备：SumSing_Note4 开始登录，使用账号:19922223369
2017-07-24 20:43:54,580 : 设备：SumSing_Note4 [action]按系统按键(keycode='4')
2017-07-24 20:43:54,650 : 设备：SumSing_Note4 start tap element id:com.nice.mont:id/circle_avatar
2017-07-24 20:43:57,019 : 设备：SumSing_Note4 tap element id:com.nice.mont:id/circle_avatar success
2017-07-24 20:43:57,020 : 设备：SumSing_Note4 start tap element id:com.nice.mont:id/btn_phone_login
2017-07-24 20:43:57,890 : 设备：SumSing_Note4 tap element id:com.nice.mont:id/btn_phone_login success
2017-07-24 20:43:57,890 : 设备：SumSing_Note4 start send_key 19922223369 to element id:com.nice.mont:id/phone_number
2017-07-24 20:44:05,754 : 设备：SumSing_Note4 send_key text:19922223369 to element id:com.nice.mont:id/phone_number success 
2017-07-24 20:44:05,754 : 设备：SumSing_Note4 start tap element id:com.nice.mont:id/btn_obtain_verify_code
2017-07-24 20:44:06,741 : 设备：SumSing_Note4 tap element id:com.nice.mont:id/btn_obtain_verify_code success
2017-07-24 20:44:12,946 : 设备：SumSing_Note4 登陆验证码为:573099 
2017-07-24 20:44:17,949 : 设备：SumSing_Note4 start send_key 573099 to element id:com.nice.mont:id/verify_code_num
2017-07-24 20:44:26,268 : 设备：SumSing_Note4 send_key text:573099 to element id:com.nice.mont:id/verify_code_num success 
2017-07-24 20:44:28,273 : 设备：SumSing_Note4 start tap element id:com.nice.mont:id/login
2017-07-24 20:44:29,981 : 设备：SumSing_Note4 tap element id:com.nice.mont:id/login success
2017-07-24 20:44:34,985 : 设备：SumSing_Note4 登录成功
2017-07-24 20:44:34,986 : 设备：SumSing_Note4 获取相机及录音权限
2017-07-24 20:44:34,986 : 设备：SumSing_Note4 查找控件 com.nice.mont:id/feed_open_camera
2017-07-24 20:44:36,163 : 设备：SumSing_Note4 未找到控件: com.nice.mont:id/feed_open_camera
2017-07-24 20:44:36,164 : 设备：SumSing_Note4 [action]按系统按键(keycode='4')
2017-07-24 20:44:36,662 : 设备：SumSing_Note4 查找控件 com.nice.mont:id/feed_open_camera
2017-07-24 20:44:37,769 : 设备：SumSing_Note4 未找到控件: com.nice.mont:id/feed_open_camera
2017-07-24 20:44:37,769 : 设备：SumSing_Note4 [action]按系统按键(keycode='4')
2017-07-24 20:44:38,004 : 设备：SumSing_Note4 查找控件 com.nice.mont:id/feed_open_camera
2017-07-24 20:44:38,340 : 设备：SumSing_Note4 找到控件: com.nice.mont:id/feed_open_camera
2017-07-24 20:44:38,340 : 设备：SumSing_Note4 start tap element id:com.nice.mont:id/feed_open_camera
2017-07-24 20:44:38,900 : 设备：SumSing_Note4 tap element id:com.nice.mont:id/feed_open_camera success
2017-07-24 20:44:39,903 : 设备：SumSing_Note4 start tap element id:com.nice.mont:id/iv_close
2017-07-24 20:44:43,882 : 设备：SumSing_Note4 tap element id:com.nice.mont:id/iv_close success
2017-07-24 20:44:43,882 : 设备：SumSing_Note4 预处理成功，开始执行Monkey测试
2017-07-24 20:44:43,882 : 设备：SumSing_Note4 -----------------开始执行monkey脚本-----------------
2017-07-24 20:44:45,603 : -----------完成monkey测试--------------
