2017-08-22 12:24:04,595 : 加载设备及用户配置信息
2017-08-22 12:24:04,647 : 配置列表中一共有 39 台设备
2017-08-22 12:24:04,647 : 配置列表中一共有 5 个用户信息
2017-08-22 12:24:04,647 : 获得服务器上待测试的设备
2017-08-22 12:24:04,728 : 已连接的设备： LJYTZ5D699999999 ------ Redmi_Note2
2017-08-22 12:24:04,728 : 开始执行任务...
2017-08-22 12:24:06,957 : 设备：Redmi_Note2 开始预处理流程...
2017-08-22 12:24:07,582 : 设备：Redmi_Note2 卸载老的nice包
2017-08-22 12:24:10,203 : 设备：Redmi_Note2 开始安装测试的nice包
2017-08-22 12:24:10,203 : 设备：Redmi_Note2 安装app并处理GPS弹窗
2017-08-22 12:24:30,578 : 设备：Redmi_Note2 启动成功
2017-08-22 12:24:30,579 : 设备：Redmi_Note2 开始登录，使用账号:19922223369
2017-08-22 12:24:32,581 : 设备：Redmi_Note2 查找控件 com.nice.mont:id/img
2017-08-22 12:24:32,739 : 设备：Redmi_Note2 找到控件: com.nice.mont:id/img
2017-08-22 12:24:32,739 : 设备：Redmi_Note2 [action]按系统按键(keycode='4')
2017-08-22 12:24:32,772 : 设备：Redmi_Note2 start tap element id:com.nice.mont:id/circle_avatar
2017-08-22 12:24:34,762 : 设备：Redmi_Note2 tap element id:com.nice.mont:id/circle_avatar success
2017-08-22 12:24:34,763 : 设备：Redmi_Note2 start tap element id:com.nice.mont:id/btn_phone_login
2017-08-22 12:24:36,180 : 设备：Redmi_Note2 tap element id:com.nice.mont:id/btn_phone_login success
2017-08-22 12:24:36,180 : 设备：Redmi_Note2 查找控件 com.nice.mont:id/phone_number
2017-08-22 12:24:36,261 : 设备：Redmi_Note2 找到控件: com.nice.mont:id/phone_number
2017-08-22 12:24:36,261 : 设备：Redmi_Note2 start tap element id:com.nice.mont:id/phone_number
2017-08-22 12:24:37,431 : 设备：Redmi_Note2 tap element id:com.nice.mont:id/phone_number success
2017-08-22 12:24:38,433 : 设备：Redmi_Note2 start send_key 19922223369 to element id:com.nice.mont:id/phone_number
2017-08-22 12:24:44,320 : 设备：Redmi_Note2 send_key text:19922223369 to element id:com.nice.mont:id/phone_number success 
2017-08-22 12:24:44,320 : 设备：Redmi_Note2 start tap element id:com.nice.mont:id/btn_obtain_verify_code
2017-08-22 12:24:45,143 : 设备：Redmi_Note2 tap element id:com.nice.mont:id/btn_obtain_verify_code success
2017-08-22 12:24:46,144 : 设备：Redmi_Note2 start send_key 123456 to element id:com.nice.mont:id/verify_code_num
2017-08-22 12:24:52,176 : 设备：Redmi_Note2 send_key text:123456 to element id:com.nice.mont:id/verify_code_num success 
2017-08-22 12:24:53,180 : 设备：Redmi_Note2 start tap element id:com.nice.mont:id/login
2017-08-22 12:24:53,881 : 设备：Redmi_Note2 tap element id:com.nice.mont:id/login success
2017-08-22 12:24:53,881 : 设备：Redmi_Note2 登录成功
2017-08-22 12:24:53,881 : 设备：Redmi_Note2 获取相机及录音权限
2017-08-22 12:24:53,881 : 设备：Redmi_Note2 start tap element id:com.nice.mont:id/feed_open_camera
2017-08-22 12:24:56,194 : 设备：Redmi_Note2 tap element id:com.nice.mont:id/feed_open_camera success
2017-08-22 12:24:56,194 : 设备：Redmi_Note2 start tap element id:android:id/button1
2017-08-22 12:25:14,434 : -----------完成全部monkey测试--------------
