2017-08-22 11:01:49,494 : 加载设备及用户配置信息
2017-08-22 11:01:49,543 : 配置列表中一共有 39 台设备
2017-08-22 11:01:49,543 : 配置列表中一共有 5 个用户信息
2017-08-22 11:01:49,544 : 获得服务器上待测试的设备
2017-08-22 11:01:49,640 : 已连接的设备： b33aa57c ------ XIAOMI_5
2017-08-22 11:01:49,640 : 开始执行任务...
2017-08-22 11:01:52,056 : 设备：XIAOMI_5 开始预处理流程...
2017-08-22 11:01:52,605 : 设备：XIAOMI_5 卸载老的nice包
2017-08-22 11:01:54,091 : 设备：XIAOMI_5 开始安装测试的nice包
2017-08-22 11:01:54,092 : 设备：XIAOMI_5 启动app并处理GPS弹窗
2017-08-22 11:02:19,149 : 设备：XIAOMI_5 启动成功
2017-08-22 11:02:19,149 : 设备：XIAOMI_5 开始登录，使用账号:19922223369
2017-08-22 11:02:21,150 : 设备：XIAOMI_5 查找控件 com.nice.mont:id/img
2017-08-22 11:02:21,309 : 设备：XIAOMI_5 找到控件: com.nice.mont:id/img
2017-08-22 11:02:21,309 : 设备：XIAOMI_5 [action]按系统按键(keycode='4')
2017-08-22 11:02:21,340 : 设备：XIAOMI_5 start tap element id:com.nice.mont:id/circle_avatar
2017-08-22 11:02:22,501 : 设备：XIAOMI_5 tap element id:com.nice.mont:id/circle_avatar success
2017-08-22 11:02:22,501 : 设备：XIAOMI_5 start tap element id:com.nice.mont:id/btn_phone_login
2017-08-22 11:02:23,422 : 设备：XIAOMI_5 tap element id:com.nice.mont:id/btn_phone_login success
2017-08-22 11:02:23,423 : 设备：XIAOMI_5 查找控件 com.nice.mont:id/phone_number
2017-08-22 11:02:23,455 : 设备：XIAOMI_5 找到控件: com.nice.mont:id/phone_number
2017-08-22 11:02:23,455 : 设备：XIAOMI_5 start tap element id:com.nice.mont:id/phone_number
2017-08-22 11:02:27,450 : 设备：XIAOMI_5 tap element id:com.nice.mont:id/phone_number success
2017-08-22 11:02:28,453 : 设备：XIAOMI_5 start send_key 19922223369 to element id:com.nice.mont:id/phone_number
2017-08-22 11:02:33,923 : 设备：XIAOMI_5 send_key text:19922223369 to element id:com.nice.mont:id/phone_number success 
2017-08-22 11:02:33,924 : 设备：XIAOMI_5 start tap element id:com.nice.mont:id/btn_obtain_verify_code
2017-08-22 11:02:34,823 : 设备：XIAOMI_5 tap element id:com.nice.mont:id/btn_obtain_verify_code success
2017-08-22 11:02:35,827 : 设备：XIAOMI_5 start send_key 123456 to element id:com.nice.mont:id/verify_code_num
2017-08-22 11:02:41,817 : 设备：XIAOMI_5 send_key text:123456 to element id:com.nice.mont:id/verify_code_num success 
2017-08-22 11:02:42,819 : 设备：XIAOMI_5 start tap element id:com.nice.mont:id/login
2017-08-22 11:02:43,900 : 设备：XIAOMI_5 tap element id:com.nice.mont:id/login success
2017-08-22 11:02:43,901 : 设备：XIAOMI_5 登录成功
2017-08-22 11:02:43,901 : 设备：XIAOMI_5 获取相机及录音权限
2017-08-22 11:02:43,901 : 设备：XIAOMI_5 start tap element id:com.nice.mont:id/feed_open_camera
2017-08-22 11:02:46,115 : 设备：XIAOMI_5 tap element id:com.nice.mont:id/feed_open_camera success
2017-08-22 11:02:46,116 : 设备：XIAOMI_5 start tap element id:android:id/button1
2017-08-22 11:02:46,867 : 设备：XIAOMI_5 tap element id:android:id/button1 success
2017-08-22 11:02:46,867 : 设备：XIAOMI_5 start tap element id:android:id/button1
2017-08-22 11:02:47,751 : 设备：XIAOMI_5 tap element id:android:id/button1 success
2017-08-22 11:02:47,752 : 设备：XIAOMI_5 start tap element id:android:id/button1
2017-08-22 11:02:51,615 : 设备：XIAOMI_5 tap element id:android:id/button1 success
2017-08-22 11:02:51,615 : 设备：XIAOMI_5 start tap element id:com.nice.mont:id/iv_close
2017-08-22 11:02:52,024 : 设备：XIAOMI_5 tap element id:com.nice.mont:id/iv_close success
2017-08-22 11:02:52,024 : 设备：XIAOMI_5 预处理成功，开始执行Monkey测试
2017-08-22 11:02:52,025 : 设备：XIAOMI_5 -----------------执行monkey脚本-----------------
2017-08-22 11:02:58,127 : -----------完成全部monkey测试--------------
