2017-07-24 20:50:44,498 : 加载设备及用户配置信息
2017-07-24 20:50:44,545 : 配置列表中一共有 38 台设备
2017-07-24 20:50:44,545 : 配置列表中一共有 5 个用户信息
2017-07-24 20:50:44,545 : 获得服务器上待测试的设备
2017-07-24 20:50:44,626 : 已连接的设备： 8526c60c ------ SumSing_Note4
2017-07-24 20:50:44,627 : 开始执行任务...
2017-07-24 20:50:46,310 : 设备：SumSing_Note4 开始预处理流程...
2017-07-24 20:50:47,332 : 设备：SumSing_Note4 卸载老的nice包
2017-07-24 20:50:49,937 : 设备：SumSing_Note4 开始安装测试的nice包
2017-07-24 20:50:49,938 : 设备：SumSing_Note4 启动app并处理GPS弹窗
2017-07-24 20:51:11,884 : 设备：SumSing_Note4 start tap element id:com.android.settings:id/button
2017-07-24 20:51:14,022 : 设备：SumSing_Note4 tap element id:com.android.settings:id/button success
2017-07-24 20:51:17,056 : 设备：SumSing_Note4 启动成功
2017-07-24 20:51:17,056 : 设备：SumSing_Note4 开始登录，使用账号:19922223369
2017-07-24 20:51:19,057 : 设备：SumSing_Note4 [action]按系统按键(keycode='4')
2017-07-24 20:51:19,384 : 设备：SumSing_Note4 start tap element id:com.nice.mont:id/circle_avatar
2017-07-24 20:51:21,419 : 设备：SumSing_Note4 tap element id:com.nice.mont:id/circle_avatar success
2017-07-24 20:51:21,419 : 设备：SumSing_Note4 start tap element id:com.nice.mont:id/btn_phone_login
2017-07-24 20:51:22,862 : 设备：SumSing_Note4 tap element id:com.nice.mont:id/btn_phone_login success
2017-07-24 20:51:22,862 : 设备：SumSing_Note4 start send_key 19922223369 to element id:com.nice.mont:id/phone_number
2017-07-24 20:51:30,557 : 设备：SumSing_Note4 send_key text:19922223369 to element id:com.nice.mont:id/phone_number success 
2017-07-24 20:51:30,557 : 设备：SumSing_Note4 start tap element id:com.nice.mont:id/btn_obtain_verify_code
2017-07-24 20:51:32,325 : 设备：SumSing_Note4 tap element id:com.nice.mont:id/btn_obtain_verify_code success
2017-07-24 20:51:34,384 : 设备：SumSing_Note4 登陆验证码为:804986 
2017-07-24 20:51:39,387 : 设备：SumSing_Note4 start send_key 804986 to element id:com.nice.mont:id/verify_code_num
2017-07-24 20:51:46,739 : 设备：SumSing_Note4 send_key text:804986 to element id:com.nice.mont:id/verify_code_num success 
2017-07-24 20:51:48,742 : 设备：SumSing_Note4 start tap element id:com.nice.mont:id/login
2017-07-24 20:51:49,573 : 设备：SumSing_Note4 tap element id:com.nice.mont:id/login success
2017-07-24 20:51:54,576 : 设备：SumSing_Note4 登录成功
2017-07-24 20:51:54,577 : 设备：SumSing_Note4 获取相机及录音权限
2017-07-24 20:51:54,577 : 设备：SumSing_Note4 查找控件 com.nice.mont:id/feed_open_camera
2017-07-24 20:51:54,844 : 设备：SumSing_Note4 找到控件: com.nice.mont:id/feed_open_camera
2017-07-24 20:51:54,845 : 设备：SumSing_Note4 start tap element id:com.nice.mont:id/feed_open_camera
2017-07-24 20:51:58,238 : 设备：SumSing_Note4 tap element id:com.nice.mont:id/feed_open_camera success
2017-07-24 20:51:59,243 : 设备：SumSing_Note4 start tap element id:com.nice.mont:id/iv_close
2017-07-24 20:52:29,975 : 设备：SumSing_Note4 tap element id:com.nice.mont:id/iv_close success
2017-07-24 20:52:29,975 : 设备：SumSing_Note4 预处理成功，开始执行Monkey测试
2017-07-24 20:52:29,975 : 设备：SumSing_Note4 -----------------开始执行monkey脚本-----------------
2017-07-24 20:52:31,497 : -----------完成monkey测试--------------
