2017-07-25 10:44:05,454 : 加载设备及用户配置信息
2017-07-25 10:44:05,505 : 配置列表中一共有 38 台设备
2017-07-25 10:44:05,505 : 配置列表中一共有 5 个用户信息
2017-07-25 10:44:05,505 : 获得服务器上待测试的设备
2017-07-25 10:44:05,575 : 已连接的设备： 91QEBP63ULCD ------ M3note
2017-07-25 10:44:05,575 : 开始执行任务...
2017-07-25 10:44:07,448 : 设备：M3note 开始预处理流程...
2017-07-25 10:44:08,103 : 设备：M3note 开始安装测试的nice包
2017-07-25 10:44:08,103 : 设备：M3note 安装app并处理GPS弹窗
2017-07-25 10:44:09,107 : 设备：M3note 查找控件 android:id/button1
2017-07-25 10:44:22,715 : 设备：M3note 未找到控件: android:id/button1
2017-07-25 10:44:30,583 : 设备：M3note 启动成功
2017-07-25 10:44:30,591 : 设备：M3note 开始登录，使用账号:19922223369
2017-07-25 10:44:31,595 : 设备：M3note [action]按系统按键(keycode='4')
2017-07-25 10:44:31,699 : 设备：M3note start tap element id:com.nice.mont:id/circle_avatar
2017-07-25 10:44:33,846 : 设备：M3note tap element id:com.nice.mont:id/circle_avatar success
2017-07-25 10:44:33,847 : 设备：M3note start tap element id:com.nice.mont:id/btn_phone_login
2017-07-25 10:44:34,869 : 设备：M3note tap element id:com.nice.mont:id/btn_phone_login success
2017-07-25 10:44:34,870 : 设备：M3note start send_key 19922223369 to element id:com.nice.mont:id/phone_number
2017-07-25 10:44:41,883 : 设备：M3note send_key text:19922223369 to element id:com.nice.mont:id/phone_number success 
2017-07-25 10:44:42,884 : 设备：M3note start tap element id:com.nice.mont:id/btn_obtain_verify_code
2017-07-25 10:44:43,164 : 设备：M3note tap element id:com.nice.mont:id/btn_obtain_verify_code success
2017-07-25 10:44:44,168 : 设备：M3note start send_key 123456 to element id:com.nice.mont:id / verify_code_num
2017-07-25 10:45:23,689 : -----------完成monkey测试--------------
