2017-07-24 20:38:28,580 : 加载设备及用户配置信息
2017-07-24 20:38:28,634 : 配置列表中一共有 38 台设备
2017-07-24 20:38:28,635 : 配置列表中一共有 5 个用户信息
2017-07-24 20:38:28,635 : 获得服务器上待测试的设备
2017-07-24 20:38:28,702 : 已连接的设备： 8526c60c ------ SumSing_Note4
2017-07-24 20:38:28,702 : 开始执行任务...
2017-07-24 20:38:32,161 : 设备：SumSing_Note4 开始预处理流程...
2017-07-24 20:38:32,712 : 设备：SumSing_Note4 卸载老的nice包
2017-07-24 20:38:35,458 : 设备：SumSing_Note4 开始安装测试的nice包
2017-07-24 20:38:35,459 : 设备：SumSing_Note4 启动app并处理GPS弹窗
2017-07-24 20:38:54,546 : 设备：SumSing_Note4 start tap element id:com.android.settings:id/button
2017-07-24 20:38:56,474 : 设备：SumSing_Note4 tap element id:com.android.settings:id/button success
2017-07-24 20:38:59,548 : 设备：SumSing_Note4 启动成功
2017-07-24 20:38:59,548 : 设备：SumSing_Note4 开始登录，使用账号:19922223369
2017-07-24 20:39:01,551 : 设备：SumSing_Note4 [action]按系统按键(keycode='4')
2017-07-24 20:39:02,007 : 设备：SumSing_Note4 start tap element id:com.nice.mont:id/circle_avatar
2017-07-24 20:39:03,449 : 设备：SumSing_Note4 tap element id:com.nice.mont:id/circle_avatar success
2017-07-24 20:39:03,449 : 设备：SumSing_Note4 start tap element id:com.nice.mont:id/btn_phone_login
2017-07-24 20:39:04,769 : 设备：SumSing_Note4 tap element id:com.nice.mont:id/btn_phone_login success
2017-07-24 20:39:05,770 : 设备：SumSing_Note4 start send_key 19922223369 to element id:com.nice.mont:id/phone_number
2017-07-24 20:39:12,887 : 设备：SumSing_Note4 send_key text:19922223369 to element id:com.nice.mont:id/phone_number success 
2017-07-24 20:39:18,240 : 设备：SumSing_Note4 登陆验证码为: 
2017-07-24 20:40:18,246 : 设备：SumSing_Note4 start tap element id:com.nice.mont:id/btn_obtain_verify_code
2017-07-24 20:40:18,273 : -----------完成monkey测试--------------
