2017-08-22 14:37:17,830 : 加载设备及用户配置信息
2017-08-22 14:37:17,883 : 配置列表中一共有 39 台设备
2017-08-22 14:37:17,883 : 配置列表中一共有 5 个用户信息
2017-08-22 14:37:17,883 : 获得服务器上待测试的设备
2017-08-22 14:37:17,957 : 已连接的设备： LJYTZ5D699999999 ------ Redmi_Note2
2017-08-22 14:37:17,957 : 开始执行任务...
2017-08-22 14:37:21,991 : 设备：Redmi_Note2 开始预处理流程...
2017-08-22 14:37:22,534 : 设备：Redmi_Note2 卸载老的nice包
2017-08-22 14:37:24,381 : 设备：Redmi_Note2 开始安装测试的nice包
2017-08-22 14:37:24,381 : 设备：Redmi_Note2 安装app并处理GPS弹窗
2017-08-22 14:37:52,716 : 设备：Redmi_Note2 启动成功
2017-08-22 14:37:52,716 : 设备：Redmi_Note2 开始登录，使用账号:19922223369
2017-08-22 14:37:54,720 : 设备：Redmi_Note2 查找控件 com.nice.mont:id/img
2017-08-22 14:37:54,836 : 设备：Redmi_Note2 找到控件: com.nice.mont:id/img
2017-08-22 14:37:54,837 : 设备：Redmi_Note2 [action]按系统按键(keycode='4')
2017-08-22 14:37:54,891 : 设备：Redmi_Note2 start tap element id:com.nice.mont:id/circle_avatar
2017-08-22 14:37:57,534 : 设备：Redmi_Note2 tap element id:com.nice.mont:id/circle_avatar success
2017-08-22 14:37:57,534 : 设备：Redmi_Note2 start tap element id:com.nice.mont:id/btn_phone_login
2017-08-22 14:37:59,076 : 设备：Redmi_Note2 tap element id:com.nice.mont:id/btn_phone_login success
2017-08-22 14:37:59,076 : 设备：Redmi_Note2 查找控件 com.nice.mont:id/phone_number
2017-08-22 14:37:59,160 : 设备：Redmi_Note2 找到控件: com.nice.mont:id/phone_number
2017-08-22 14:37:59,161 : 设备：Redmi_Note2 start tap element id:com.nice.mont:id/phone_number
2017-08-22 14:38:00,370 : 设备：Redmi_Note2 tap element id:com.nice.mont:id/phone_number success
2017-08-22 14:38:01,374 : 设备：Redmi_Note2 start send_key 19922223369 to element id:com.nice.mont:id/phone_number
2017-08-22 14:38:07,414 : 设备：Redmi_Note2 send_key text:19922223369 to element id:com.nice.mont:id/phone_number success 
2017-08-22 14:38:07,414 : 设备：Redmi_Note2 start tap element id:com.nice.mont:id/btn_obtain_verify_code
2017-08-22 14:38:08,301 : 设备：Redmi_Note2 tap element id:com.nice.mont:id/btn_obtain_verify_code success
2017-08-22 14:38:09,305 : 设备：Redmi_Note2 start send_key 123456 to element id:com.nice.mont:id/verify_code_num
2017-08-22 14:38:15,227 : 设备：Redmi_Note2 send_key text:123456 to element id:com.nice.mont:id/verify_code_num success 
2017-08-22 14:38:16,232 : 设备：Redmi_Note2 start tap element id:com.nice.mont:id/login
2017-08-22 14:38:16,463 : 设备：Redmi_Note2 tap element id:com.nice.mont:id/login success
2017-08-22 14:38:16,463 : 设备：Redmi_Note2 登录成功
2017-08-22 14:38:16,465 : 设备：Redmi_Note2 获取相机及录音权限
2017-08-22 14:38:16,465 : 设备：Redmi_Note2 start tap element id:com.nice.mont:id/feed_open_camera
2017-08-22 14:38:20,033 : 设备：Redmi_Note2 tap element id:com.nice.mont:id/feed_open_camera success
2017-08-22 14:38:20,034 : 设备：Redmi_Note2 start tap element id:com.lbe.security.miui:id/accept
2017-08-22 14:38:20,676 : 设备：Redmi_Note2 tap element id:com.lbe.security.miui:id/accept success
2017-08-22 14:38:20,677 : 设备：Redmi_Note2 start tap element id:com.lbe.security.miui:id/accept
2017-08-22 14:38:22,176 : 设备：Redmi_Note2 tap element id:com.lbe.security.miui:id/accept success
2017-08-22 14:38:22,177 : 设备：Redmi_Note2 start tap element id:com.nice.mont:id/iv_close
2017-08-22 14:38:23,268 : 设备：Redmi_Note2 tap element id:com.nice.mont:id/iv_close success
2017-08-22 14:38:23,268 : 设备：Redmi_Note2 预处理成功，开始执行Monkey测试
2017-08-22 14:38:23,269 : 设备：Redmi_Note2 -----------------执行monkey脚本-----------------
2017-08-22 14:38:24,095 : -----------完成全部monkey测试--------------
