2017-08-15 21:52:04,130 : 加载设备及用户配置信息
2017-08-15 21:52:04,185 : 配置列表中一共有 39 台设备
2017-08-15 21:52:04,185 : 配置列表中一共有 5 个用户信息
2017-08-15 21:52:04,185 : 获得服务器上待测试的设备
2017-08-15 21:52:04,330 : 已连接的设备： 3DN4C16411014042 ------ HuaWei_G9
2017-08-15 21:52:04,330 : 开始执行任务...
2017-08-15 21:52:06,923 : 设备：HuaWei_G9 开始预处理流程...
2017-08-15 21:52:07,744 : 设备：HuaWei_G9 卸载老的nice包
2017-08-15 21:52:14,861 : 设备：HuaWei_G9 查找控件 android:id/button1
2017-08-15 21:52:16,032 : 设备：HuaWei_G9 未找到控件: android:id/button1
2017-08-15 21:52:16,033 : 设备：HuaWei_G9 开始安装测试的nice包
2017-08-15 21:52:16,033 : 设备：HuaWei_G9 启动app并处理GPS弹窗
2017-08-15 21:52:16,033 : 设备：HuaWei_G9 查找控件 com.android.packageinstaller:id/decide_to_continue
2017-08-15 21:52:27,631 : 设备：HuaWei_G9 未找到控件: com.android.packageinstaller:id/decide_to_continue
2017-08-15 21:52:27,632 : 设备：HuaWei_G9 查找控件 com.android.packageinstaller:id/ok_button
2017-08-15 21:52:27,719 : 设备：HuaWei_G9 找到控件: com.android.packageinstaller:id/ok_button
2017-08-15 21:52:27,719 : 设备：HuaWei_G9 start tap element id:com.android.packageinstaller:id/ok_button
2017-08-15 21:52:28,579 : 设备：HuaWei_G9 tap element id:com.android.packageinstaller:id/ok_button success
2017-08-15 21:52:44,421 : 设备：HuaWei_G9 start tap element id:com.huawei.systemmanager:id/btn_allow
2017-08-15 21:52:49,069 : 设备：HuaWei_G9 tap element id:com.huawei.systemmanager:id/btn_allow success
2017-08-15 21:52:49,069 : 设备：HuaWei_G9 启动成功
2017-08-15 21:52:49,069 : 设备：HuaWei_G9 开始登录，使用账号:19922223369
2017-08-15 21:52:51,075 : 设备：HuaWei_G9 查找控件 com.nice.mont:id/img
2017-08-15 21:52:51,111 : 设备：HuaWei_G9 找到控件: com.nice.mont:id/img
2017-08-15 21:52:51,111 : 设备：HuaWei_G9 [action]按系统按键(keycode='4')
2017-08-15 21:52:51,149 : 设备：HuaWei_G9 start tap element id:com.nice.mont:id/circle_avatar
2017-08-15 21:52:52,291 : 设备：HuaWei_G9 tap element id:com.nice.mont:id/circle_avatar success
2017-08-15 21:52:52,291 : 设备：HuaWei_G9 start tap element id:com.nice.mont:id/btn_phone_login
2017-08-15 21:52:53,163 : 设备：HuaWei_G9 tap element id:com.nice.mont:id/btn_phone_login success
2017-08-15 21:52:53,163 : 设备：HuaWei_G9 查找控件 com.nice.mont:id/phone_number
2017-08-15 21:52:53,214 : 设备：HuaWei_G9 找到控件: com.nice.mont:id/phone_number
2017-08-15 21:52:53,215 : 设备：HuaWei_G9 start send_key 129 to element id:com.nice.mont:id/phone_number
2017-08-15 21:52:57,511 : 设备：HuaWei_G9 预处理流程失败，终止相应任务
2017-08-15 21:52:57,511 : -----------完成全部monkey测试--------------
