2017-07-25 11:55:42,125 : 加载设备及用户配置信息
2017-07-25 11:55:42,180 : 配置列表中一共有 39 台设备
2017-07-25 11:55:42,180 : 配置列表中一共有 5 个用户信息
2017-07-25 11:55:42,180 : 获得服务器上待测试的设备
2017-07-25 11:55:42,264 : 已连接的设备： 8c9847a5 ------ Samrtosan_1
2017-07-25 11:55:42,265 : 开始执行任务...
2017-07-25 11:55:43,731 : 设备：Samrtosan_1 开始预处理流程...
2017-07-25 11:55:44,644 : 设备：Samrtosan_1 卸载老的nice包
2017-07-25 11:55:46,947 : 设备：Samrtosan_1 开始安装测试的nice包
2017-07-25 11:55:46,947 : 设备：Samrtosan_1 安装app并处理GPS弹窗
2017-07-25 11:55:59,551 : 设备：Samrtosan_1 启动成功
2017-07-25 11:55:59,552 : 设备：Samrtosan_1 开始登录，使用账号:19922223369
2017-07-25 11:56:01,554 : 设备：Samrtosan_1 查找控件 com.nice.mont:id/img
2017-07-25 11:56:01,757 : 设备：Samrtosan_1 找到控件: com.nice.mont:id/img
2017-07-25 11:56:01,757 : 设备：Samrtosan_1 [action]按系统按键(keycode='4')
2017-07-25 11:56:01,871 : 设备：Samrtosan_1 start tap element id:com.nice.mont:id/circle_avatar
2017-07-25 11:56:03,676 : 设备：Samrtosan_1 tap element id:com.nice.mont:id/circle_avatar success
2017-07-25 11:56:03,676 : 设备：Samrtosan_1 start tap element id:com.nice.mont:id/btn_phone_login
2017-07-25 11:56:05,306 : 设备：Samrtosan_1 tap element id:com.nice.mont:id/btn_phone_login success
2017-07-25 11:56:05,306 : 设备：Samrtosan_1 start send_key 19922223369 to element id:com.nice.mont:id/phone_number
2017-07-25 11:56:11,493 : 设备：Samrtosan_1 send_key text:19922223369 to element id:com.nice.mont:id/phone_number success 
2017-07-25 11:56:12,497 : 设备：Samrtosan_1 start tap element id:com.nice.mont:id/btn_obtain_verify_code
2017-07-25 11:56:15,761 : 设备：Samrtosan_1 tap element id:com.nice.mont:id/btn_obtain_verify_code success
2017-07-25 11:56:16,766 : 设备：Samrtosan_1 start send_key 123456 to element id:com.nice.mont:id/verify_code_num
2017-07-25 11:56:22,635 : 设备：Samrtosan_1 send_key text:123456 to element id:com.nice.mont:id/verify_code_num success 
2017-07-25 11:56:23,637 : 设备：Samrtosan_1 start tap element id:com.nice.mont:id/login
2017-07-25 11:56:24,348 : 设备：Samrtosan_1 tap element id:com.nice.mont:id/login success
2017-07-25 11:56:24,349 : 设备：Samrtosan_1 登录成功
2017-07-25 11:56:24,349 : 设备：Samrtosan_1 获取相机及录音权限
2017-07-25 11:56:24,349 : 设备：Samrtosan_1 start tap element id:com.nice.mont:id/feed_open_camera
2017-07-25 11:56:32,698 : 设备：Samrtosan_1 tap element id:com.nice.mont:id/feed_open_camera success
2017-07-25 11:56:32,698 : 设备：Samrtosan_1 start tap element id:android:id/button1
2017-07-25 11:56:34,791 : 设备：Samrtosan_1 tap element id:android:id/button1 success
2017-07-25 11:56:34,792 : 设备：Samrtosan_1 start tap element id:android:id/button1
2017-07-25 11:56:36,492 : 设备：Samrtosan_1 tap element id:android:id/button1 success
2017-07-25 11:56:36,492 : 设备：Samrtosan_1 start tap element id:com.nice.mont:id/iv_close
2017-07-25 11:56:40,328 : 设备：Samrtosan_1 tap element id:com.nice.mont:id/iv_close success
2017-07-25 11:56:40,329 : 设备：Samrtosan_1 预处理成功，开始执行Monkey测试
2017-07-25 11:56:40,329 : 设备：Samrtosan_1 -----------------开始执行monkey脚本-----------------
2017-07-25 11:56:41,349 : -----------完成全部monkey测试--------------
