2017-07-25 17:00:32,392 : 加载设备及用户配置信息
2017-07-25 17:00:32,448 : 配置列表中一共有 39 台设备
2017-07-25 17:00:32,448 : 配置列表中一共有 5 个用户信息
2017-07-25 17:00:32,448 : 获得服务器上待测试的设备
2017-07-25 17:00:32,537 : 已连接的设备： 4c4bb164 ------ XIAOMI_2
2017-07-25 17:00:32,537 : 开始执行任务...
2017-07-25 17:00:33,886 : 设备：XIAOMI_2 开始预处理流程...
2017-07-25 17:00:34,689 : 设备：XIAOMI_2 卸载老的nice包
2017-07-25 17:00:36,893 : 设备：XIAOMI_2 开始安装测试的nice包
2017-07-25 17:00:36,893 : 设备：XIAOMI_2 start tap element id:com.miui.securitycenter:id/do_not_ask_checkbox
2017-07-25 17:00:43,169 : 设备：XIAOMI_2 tap element id:com.miui.securitycenter:id/do_not_ask_checkbox success
2017-07-25 17:00:43,170 : 设备：XIAOMI_2 start tap element id:android:id/button2
2017-07-25 17:00:47,425 : 设备：XIAOMI_2 tap element id:android:id/button2 success
2017-07-25 17:00:47,425 : 设备：XIAOMI_2 启动app并处理GPS弹窗
2017-07-25 17:01:23,986 : 设备：XIAOMI_2 启动成功
2017-07-25 17:01:23,994 : 设备：XIAOMI_2 开始登录，使用账号:19922223369
2017-07-25 17:01:25,999 : 设备：XIAOMI_2 查找控件 com.nice.mont:id/img
2017-07-25 17:01:26,303 : 设备：XIAOMI_2 找到控件: com.nice.mont:id/img
2017-07-25 17:01:26,303 : 设备：XIAOMI_2 [action]按系统按键(keycode='4')
2017-07-25 17:01:26,459 : 设备：XIAOMI_2 start tap element id:com.nice.mont:id/circle_avatar
2017-07-25 17:01:28,820 : 设备：XIAOMI_2 tap element id:com.nice.mont:id/circle_avatar success
2017-07-25 17:01:28,820 : 设备：XIAOMI_2 start tap element id:com.nice.mont:id/btn_phone_login
2017-07-25 17:01:30,419 : 设备：XIAOMI_2 tap element id:com.nice.mont:id/btn_phone_login success
2017-07-25 17:01:30,419 : 设备：XIAOMI_2 start send_key 19922223369 to element id:com.nice.mont:id/phone_number
2017-07-25 17:01:37,141 : 设备：XIAOMI_2 send_key text:19922223369 to element id:com.nice.mont:id/phone_number success 
2017-07-25 17:01:38,146 : 设备：XIAOMI_2 start tap element id:com.nice.mont:id/btn_obtain_verify_code
2017-07-25 17:01:38,345 : 设备：XIAOMI_2 tap element id:com.nice.mont:id/btn_obtain_verify_code success
2017-07-25 17:01:39,346 : 设备：XIAOMI_2 start send_key 123456 to element id:com.nice.mont:id/verify_code_num
2017-07-25 17:01:44,714 : 设备：XIAOMI_2 send_key text:123456 to element id:com.nice.mont:id/verify_code_num success 
2017-07-25 17:01:45,719 : 设备：XIAOMI_2 start tap element id:com.nice.mont:id/login
2017-07-25 17:01:46,741 : 设备：XIAOMI_2 tap element id:com.nice.mont:id/login success
2017-07-25 17:01:46,742 : 设备：XIAOMI_2 登录成功
2017-07-25 17:01:46,743 : 设备：XIAOMI_2 获取相机及录音权限
2017-07-25 17:01:46,746 : 设备：XIAOMI_2 start tap element id:com.nice.mont:id/feed_open_camera
2017-07-25 17:01:49,934 : 设备：XIAOMI_2 tap element id:com.nice.mont:id/feed_open_camera success
2017-07-25 17:01:49,942 : 设备：XIAOMI_2 start tap element id:android:id/button1
2017-07-25 17:01:51,100 : 设备：XIAOMI_2 tap element id:android:id/button1 success
2017-07-25 17:01:51,100 : 设备：XIAOMI_2 start tap element id:com.nice.mont:id/btn_ok
2017-07-25 17:02:03,193 : 设备：XIAOMI_2 tap element id:com.nice.mont:id/btn_ok success
2017-07-25 17:02:03,193 : 设备：XIAOMI_2 预处理成功，开始执行Monkey测试
2017-07-25 17:02:03,193 : 设备：XIAOMI_2 -----------------开始执行monkey脚本-----------------
2017-07-25 17:02:13,657 : -----------完成全部monkey测试--------------
