2017-08-17 15:45:37,044 : 加载设备及用户配置信息
2017-08-17 15:45:37,097 : 配置列表中一共有 39 台设备
2017-08-17 15:45:37,098 : 配置列表中一共有 5 个用户信息
2017-08-17 15:45:37,098 : 获得服务器上待测试的设备
2017-08-17 15:45:37,225 : 已连接的设备： 8526c60c ------ SumSing_Note4
2017-08-17 15:45:37,225 : 开始执行任务...
2017-08-17 15:45:40,187 : 设备：SumSing_Note4 开始预处理流程...
2017-08-17 15:45:40,776 : 设备：SumSing_Note4 卸载老的nice包
2017-08-17 15:45:42,891 : 设备：SumSing_Note4 开始安装测试的nice包
2017-08-17 15:45:42,892 : 设备：SumSing_Note4 启动app并处理GPS弹窗
2017-08-17 15:46:04,331 : 设备：SumSing_Note4 start tap element id:com.android.settings:id/button
2017-08-17 15:46:07,405 : 设备：SumSing_Note4 tap element id:com.android.settings:id/button success
2017-08-17 15:46:09,510 : 设备：SumSing_Note4 启动成功
2017-08-17 15:46:09,510 : 设备：SumSing_Note4 开始登录，使用账号:19922223369
2017-08-17 15:46:11,513 : 设备：SumSing_Note4 查找控件 com.nice.mont:id/img
2017-08-17 15:46:11,575 : 设备：SumSing_Note4 找到控件: com.nice.mont:id/img
2017-08-17 15:46:11,576 : 设备：SumSing_Note4 [action]按系统按键(keycode='4')
2017-08-17 15:46:11,595 : 设备：SumSing_Note4 start tap element id:com.nice.mont:id/circle_avatar
2017-08-17 15:46:12,982 : 设备：SumSing_Note4 tap element id:com.nice.mont:id/circle_avatar success
2017-08-17 15:46:12,982 : 设备：SumSing_Note4 start tap element id:com.nice.mont:id/btn_phone_login
2017-08-17 15:46:14,006 : 设备：SumSing_Note4 tap element id:com.nice.mont:id/btn_phone_login success
2017-08-17 15:46:14,006 : 设备：SumSing_Note4 查找控件 com.nice.mont:id/phone_number
2017-08-17 15:46:14,116 : 设备：SumSing_Note4 找到控件: com.nice.mont:id/phone_number
2017-08-17 15:46:14,116 : 设备：SumSing_Note4 start tap element id:com.nice.main:id/phone_number
2017-08-17 15:48:31,958 : -----------完成全部monkey测试--------------
