2017-07-25 10:57:59,358 : 加载设备及用户配置信息
2017-07-25 10:57:59,414 : 配置列表中一共有 38 台设备
2017-07-25 10:57:59,414 : 配置列表中一共有 5 个用户信息
2017-07-25 10:57:59,414 : 获得服务器上待测试的设备
2017-07-25 10:57:59,497 : 已连接的设备： 3DN4C16411014042 ------ HuaWei_G9
2017-07-25 10:57:59,498 : 开始执行任务...
2017-07-25 10:58:02,085 : 设备：HuaWei_G9 开始预处理流程...
2017-07-25 10:58:02,931 : 设备：HuaWei_G9 卸载老的nice包
2017-07-25 10:58:09,970 : 设备：HuaWei_G9 查找控件 android:id/button1
2017-07-25 10:58:11,248 : 设备：HuaWei_G9 未找到控件: android:id/button1
2017-07-25 10:58:11,249 : 设备：HuaWei_G9 开始安装测试的nice包
2017-07-25 10:58:11,249 : 设备：HuaWei_G9 启动app并处理GPS弹窗
2017-07-25 10:58:11,249 : 设备：HuaWei_G9 查找控件 com.android.packageinstaller:id/ok_button
2017-07-25 10:58:35,315 : 设备：HuaWei_G9 未找到控件: com.android.packageinstaller:id/ok_button
2017-07-25 10:58:38,316 : 设备：HuaWei_G9 start tap element id:com.huawei.systemmanager:id/btn_allow
2017-07-25 10:58:42,958 : 设备：HuaWei_G9 tap element id:com.huawei.systemmanager:id/btn_allow success
2017-07-25 10:58:42,958 : 设备：HuaWei_G9 启动成功
2017-07-25 10:58:42,958 : 设备：HuaWei_G9 开始登录，使用账号:19922223369
2017-07-25 10:58:43,961 : 设备：HuaWei_G9 [action]按系统按键(keycode='4')
2017-07-25 10:58:43,987 : 设备：HuaWei_G9 start tap element id:com.nice.mont:id/circle_avatar
2017-07-25 10:58:45,353 : 设备：HuaWei_G9 tap element id:com.nice.mont:id/circle_avatar success
2017-07-25 10:58:45,353 : 设备：HuaWei_G9 start tap element id:com.nice.mont:id/btn_phone_login
2017-07-25 10:58:46,296 : 设备：HuaWei_G9 tap element id:com.nice.mont:id/btn_phone_login success
2017-07-25 10:58:46,296 : 设备：HuaWei_G9 start send_key 19922223369 to element id:com.nice.mont:id/phone_number
2017-07-25 10:58:52,658 : 设备：HuaWei_G9 send_key text:19922223369 to element id:com.nice.mont:id/phone_number success 
2017-07-25 10:58:53,662 : 设备：HuaWei_G9 start tap element id:com.nice.mont:id/btn_obtain_verify_code
2017-07-25 10:58:53,972 : 设备：HuaWei_G9 tap element id:com.nice.mont:id/btn_obtain_verify_code success
2017-07-25 10:58:54,976 : 设备：HuaWei_G9 start send_key 123456 to element id:com.nice.mont:id/verify_code_num
2017-07-25 10:59:00,987 : 设备：HuaWei_G9 send_key text:123456 to element id:com.nice.mont:id/verify_code_num success 
2017-07-25 10:59:01,987 : 设备：HuaWei_G9 start tap element id:com.nice.mont:id/login
2017-07-25 10:59:03,034 : 设备：HuaWei_G9 tap element id:com.nice.mont:id/login success
2017-07-25 10:59:03,035 : 设备：HuaWei_G9 登录成功
2017-07-25 10:59:03,035 : 设备：HuaWei_G9 获取相机及录音权限
2017-07-25 10:59:03,035 : 设备：HuaWei_G9 start tap element id:com.nice.mont:id/feed_open_camera
2017-07-25 10:59:06,212 : 设备：HuaWei_G9 tap element id:com.nice.mont:id/feed_open_camera success
2017-07-25 10:59:06,212 : 设备：HuaWei_G9 start tap element id:com.android.packageinstaller:id/do_not_ask_checkbox
2017-07-25 10:59:07,138 : 设备：HuaWei_G9 tap element id:com.android.packageinstaller:id/do_not_ask_checkbox success
2017-07-25 10:59:07,139 : 设备：HuaWei_G9 start tap element id:com.android.packageinstaller:id/permission_allow_button
2017-07-25 10:59:08,897 : 设备：HuaWei_G9 tap element id:com.android.packageinstaller:id/permission_allow_button success
2017-07-25 10:59:08,898 : 设备：HuaWei_G9 start tap element id:com.android.packageinstaller:id/do_not_ask_checkbox
2017-07-25 10:59:09,630 : 设备：HuaWei_G9 tap element id:com.android.packageinstaller:id/do_not_ask_checkbox success
2017-07-25 10:59:09,630 : 设备：HuaWei_G9 start tap element id:com.android.packageinstaller:id/permission_allow_button
2017-07-25 10:59:10,960 : 设备：HuaWei_G9 tap element id:com.android.packageinstaller:id/permission_allow_button success
2017-07-25 10:59:10,960 : 设备：HuaWei_G9 start tap element id:com.android.packageinstaller:id/do_not_ask_checkbox
2017-07-25 10:59:11,682 : 设备：HuaWei_G9 tap element id:com.android.packageinstaller:id/do_not_ask_checkbox success
2017-07-25 10:59:11,682 : 设备：HuaWei_G9 start tap element id:com.android.packageinstaller:id/permission_allow_button
2017-07-25 10:59:15,437 : 设备：HuaWei_G9 tap element id:com.android.packageinstaller:id/permission_allow_button success
2017-07-25 10:59:17,440 : 设备：HuaWei_G9 start tap element id:com.nice.mont:id/iv_close
2017-07-25 10:59:18,015 : 设备：HuaWei_G9 tap element id:com.nice.mont:id/iv_close success
2017-07-25 10:59:18,015 : 设备：HuaWei_G9 -----------------开始执行monkey脚本-----------------
2017-07-25 10:59:20,222 : -----------完成monkey测试--------------
