2017-08-17 15:49:43,812 : 加载设备及用户配置信息
2017-08-17 15:49:43,871 : 配置列表中一共有 39 台设备
2017-08-17 15:49:43,871 : 配置列表中一共有 5 个用户信息
2017-08-17 15:49:43,872 : 获得服务器上待测试的设备
2017-08-17 15:49:44,006 : 已连接的设备： 8526c60c ------ SumSing_Note4
2017-08-17 15:49:44,006 : 开始执行任务...
2017-08-17 15:49:46,126 : 设备：SumSing_Note4 开始预处理流程...
2017-08-17 15:49:46,616 : 设备：SumSing_Note4 卸载老的nice包
2017-08-17 15:49:49,123 : 设备：SumSing_Note4 开始安装测试的nice包
2017-08-17 15:49:49,123 : 设备：SumSing_Note4 启动app并处理GPS弹窗
2017-08-17 15:50:08,631 : 设备：SumSing_Note4 start tap element id:com.android.settings:id/button
2017-08-17 15:50:11,381 : 设备：SumSing_Note4 tap element id:com.android.settings:id/button success
2017-08-17 15:50:13,536 : 设备：SumSing_Note4 启动成功
2017-08-17 15:50:13,537 : 设备：SumSing_Note4 开始登录，使用账号:19922223369
2017-08-17 15:50:15,541 : 设备：SumSing_Note4 查找控件 com.nice.mont:id/img
2017-08-17 15:50:15,646 : 设备：SumSing_Note4 找到控件: com.nice.mont:id/img
2017-08-17 15:50:15,646 : 设备：SumSing_Note4 [action]按系统按键(keycode='4')
2017-08-17 15:50:15,675 : 设备：SumSing_Note4 start tap element id:com.nice.mont:id/circle_avatar
2017-08-17 15:50:16,880 : 设备：SumSing_Note4 tap element id:com.nice.mont:id/circle_avatar success
2017-08-17 15:50:16,880 : 设备：SumSing_Note4 start tap element id:com.nice.mont:id/btn_phone_login
2017-08-17 15:50:17,886 : 设备：SumSing_Note4 tap element id:com.nice.mont:id/btn_phone_login success
2017-08-17 15:50:17,886 : 设备：SumSing_Note4 查找控件 com.nice.mont:id/phone_number
2017-08-17 15:50:17,988 : 设备：SumSing_Note4 找到控件: com.nice.mont:id/phone_number
2017-08-17 15:50:17,988 : 设备：SumSing_Note4 start tap element id:com.nice.mont:id/phone_number
2017-08-17 15:50:22,060 : 设备：SumSing_Note4 tap element id:com.nice.mont:id/phone_number success
2017-08-17 15:50:23,063 : 设备：SumSing_Note4 start send_key 19922223369 to element id:com.nice.mont:id/phone_number
2017-08-17 15:50:25,435 : 设备：SumSing_Note4 预处理流程失败，终止相应任务
2017-08-17 15:50:25,435 : -----------完成全部monkey测试--------------
