2017-08-22 14:48:59,762 : 加载设备及用户配置信息
2017-08-22 14:48:59,813 : 配置列表中一共有 39 台设备
2017-08-22 14:48:59,813 : 配置列表中一共有 5 个用户信息
2017-08-22 14:48:59,814 : 获得服务器上待测试的设备
2017-08-22 14:48:59,907 : 已连接的设备： LJYTZ5D699999999 ------ Redmi_Note2
2017-08-22 14:48:59,907 : 开始执行任务...
2017-08-22 14:49:01,933 : 设备：Redmi_Note2 开始预处理流程...
2017-08-22 14:49:02,486 : 设备：Redmi_Note2 卸载老的nice包
2017-08-22 14:49:04,358 : 设备：Redmi_Note2 开始安装测试的nice包
2017-08-22 14:49:04,358 : 设备：Redmi_Note2 安装app并处理GPS弹窗
2017-08-22 14:49:19,511 : 设备：Redmi_Note2 启动成功
2017-08-22 14:49:19,511 : 设备：Redmi_Note2 开始登录，使用账号:19922223369
2017-08-22 14:49:21,516 : 设备：Redmi_Note2 查找控件 com.nice.mont:id/img
2017-08-22 14:49:21,583 : 设备：Redmi_Note2 找到控件: com.nice.mont:id/img
2017-08-22 14:49:21,583 : 设备：Redmi_Note2 [action]按系统按键(keycode='4')
2017-08-22 14:49:21,672 : 设备：Redmi_Note2 start tap element id:com.nice.mont:id/circle_avatar
2017-08-22 14:49:22,907 : 设备：Redmi_Note2 tap element id:com.nice.mont:id/circle_avatar success
2017-08-22 14:49:22,908 : 设备：Redmi_Note2 start tap element id:com.nice.mont:id/btn_phone_login
2017-08-22 14:49:24,410 : 设备：Redmi_Note2 tap element id:com.nice.mont:id/btn_phone_login success
2017-08-22 14:49:24,410 : 设备：Redmi_Note2 查找控件 com.nice.mont:id/phone_number
2017-08-22 14:49:24,510 : 设备：Redmi_Note2 找到控件: com.nice.mont:id/phone_number
2017-08-22 14:49:24,510 : 设备：Redmi_Note2 start tap element id:com.nice.mont:id/phone_number
2017-08-22 14:49:25,479 : 设备：Redmi_Note2 tap element id:com.nice.mont:id/phone_number success
2017-08-22 14:49:26,480 : 设备：Redmi_Note2 start send_key 19922223369 to element id:com.nice.mont:id/phone_number
2017-08-22 14:49:32,977 : 设备：Redmi_Note2 send_key text:19922223369 to element id:com.nice.mont:id/phone_number success 
2017-08-22 14:49:32,977 : 设备：Redmi_Note2 start tap element id:com.nice.mont:id/btn_obtain_verify_code
2017-08-22 14:49:33,747 : 设备：Redmi_Note2 tap element id:com.nice.mont:id/btn_obtain_verify_code success
2017-08-22 14:49:34,752 : 设备：Redmi_Note2 start send_key 123456 to element id:com.nice.mont:id/verify_code_num
2017-08-22 14:49:40,804 : 设备：Redmi_Note2 send_key text:123456 to element id:com.nice.mont:id/verify_code_num success 
2017-08-22 14:49:41,806 : 设备：Redmi_Note2 start tap element id:com.nice.mont:id/login
2017-08-22 14:49:42,470 : 设备：Redmi_Note2 tap element id:com.nice.mont:id/login success
2017-08-22 14:49:42,471 : 设备：Redmi_Note2 登录成功
2017-08-22 14:49:42,471 : 设备：Redmi_Note2 获取相机及录音权限
2017-08-22 14:49:42,471 : 设备：Redmi_Note2 start tap element id:com.nice.mont:id/feed_open_camera
2017-08-22 14:49:45,329 : 设备：Redmi_Note2 tap element id:com.nice.mont:id/feed_open_camera success
2017-08-22 14:49:45,329 : 设备：Redmi_Note2 start tap element id:com.lbe.security.miui:id/accept
2017-08-22 14:49:45,995 : 设备：Redmi_Note2 tap element id:com.lbe.security.miui:id/accept success
2017-08-22 14:49:45,995 : 设备：Redmi_Note2 start tap element id:com.lbe.security.miui:id/accept
2017-08-22 14:49:47,057 : 设备：Redmi_Note2 tap element id:com.lbe.security.miui:id/accept success
2017-08-22 14:49:47,058 : 设备：Redmi_Note2 start tap element id:com.nice.mont:id/iv_close
2017-08-22 14:49:47,887 : 设备：Redmi_Note2 tap element id:com.nice.mont:id/iv_close success
2017-08-22 14:49:47,888 : 设备：Redmi_Note2 预处理成功，开始执行Monkey测试
2017-08-22 14:49:47,888 : 设备：Redmi_Note2 -----------------执行monkey脚本-----------------
2017-08-22 14:49:47,901 : -----------完成全部monkey测试--------------
