2017-07-25 20:59:46,026 : 加载设备及用户配置信息
2017-07-25 20:59:46,094 : 配置列表中一共有 39 台设备
2017-07-25 20:59:46,094 : 配置列表中一共有 5 个用户信息
2017-07-25 20:59:46,095 : 获得服务器上待测试的设备
2017-07-25 20:59:46,193 : 已连接的设备： 3DN4C16411014042 ------ HuaWei_G9
2017-07-25 20:59:46,193 : 开始执行任务...
2017-07-25 20:59:47,685 : 设备：HuaWei_G9 开始预处理流程...
2017-07-25 20:59:53,568 : 设备：HuaWei_G9 查找控件 android:id/button1
2017-07-25 20:59:54,753 : 设备：HuaWei_G9 未找到控件: android:id/button1
2017-07-25 20:59:54,753 : 设备：HuaWei_G9 开始安装测试的nice包
2017-07-25 20:59:54,753 : 设备：HuaWei_G9 启动app并处理GPS弹窗
2017-07-25 20:59:54,755 : 设备：HuaWei_G9 查找控件 com.android.packageinstaller:id/decide_to_continue
2017-07-25 21:00:17,741 : 设备：HuaWei_G9 找到控件: com.android.packageinstaller:id/decide_to_continue
2017-07-25 21:00:17,741 : 设备：HuaWei_G9 start tap element id:com.android.packageinstaller:id/decide_to_continue
2017-07-25 21:00:18,443 : 设备：HuaWei_G9 tap element id:com.android.packageinstaller:id/decide_to_continue success
2017-07-25 21:00:18,443 : 设备：HuaWei_G9 start tap element id:com.android.packageinstaller:id/goinstall
2017-07-25 21:00:22,250 : 设备：HuaWei_G9 tap element id:com.android.packageinstaller:id/goinstall success
2017-07-25 21:02:58,831 : 设备：HuaWei_G9 启动成功
2017-07-25 21:02:58,831 : 设备：HuaWei_G9 开始登录，使用账号:19922223369
2017-07-25 21:03:00,835 : 设备：HuaWei_G9 查找控件 com.nice.mont:id/img
2017-07-25 21:03:00,854 : -----------完成全部monkey测试--------------
