2017-08-22 14:27:15,748 : 加载设备及用户配置信息
2017-08-22 14:27:15,815 : 配置列表中一共有 39 台设备
2017-08-22 14:27:15,815 : 配置列表中一共有 5 个用户信息
2017-08-22 14:27:15,815 : 获得服务器上待测试的设备
2017-08-22 14:27:15,881 : 已连接的设备： LJYTZ5D699999999 ------ Redmi_Note2
2017-08-22 14:27:15,881 : 开始执行任务...
2017-08-22 14:27:18,317 : 设备：Redmi_Note2 开始预处理流程...
2017-08-22 14:27:19,067 : 设备：Redmi_Note2 卸载老的nice包
2017-08-22 14:27:22,565 : 设备：Redmi_Note2 开始安装测试的nice包
2017-08-22 14:27:22,566 : 设备：Redmi_Note2 安装app并处理GPS弹窗
2017-08-22 14:27:59,177 : 设备：Redmi_Note2 启动成功
2017-08-22 14:27:59,177 : 设备：Redmi_Note2 开始登录，使用账号:19922223369
2017-08-22 14:28:01,181 : 设备：Redmi_Note2 查找控件 com.nice.mont:id/img
2017-08-22 14:28:01,394 : 设备：Redmi_Note2 找到控件: com.nice.mont:id/img
2017-08-22 14:28:01,394 : 设备：Redmi_Note2 [action]按系统按键(keycode='4')
2017-08-22 14:28:01,434 : 设备：Redmi_Note2 start tap element id:com.nice.mont:id/circle_avatar
2017-08-22 14:28:04,871 : 设备：Redmi_Note2 tap element id:com.nice.mont:id/circle_avatar success
2017-08-22 14:28:04,871 : 设备：Redmi_Note2 start tap element id:com.nice.mont:id/btn_phone_login
2017-08-22 14:28:05,659 : 设备：Redmi_Note2 tap element id:com.nice.mont:id/btn_phone_login success
2017-08-22 14:28:05,659 : 设备：Redmi_Note2 查找控件 com.nice.mont:id/phone_number
2017-08-22 14:28:05,739 : 设备：Redmi_Note2 找到控件: com.nice.mont:id/phone_number
2017-08-22 14:28:05,740 : 设备：Redmi_Note2 start tap element id:com.nice.mont:id/phone_number
2017-08-22 14:28:06,813 : 设备：Redmi_Note2 tap element id:com.nice.mont:id/phone_number success
2017-08-22 14:28:07,815 : 设备：Redmi_Note2 start send_key 19922223369 to element id:com.nice.mont:id/phone_number
2017-08-22 14:28:14,009 : 设备：Redmi_Note2 send_key text:19922223369 to element id:com.nice.mont:id/phone_number success 
2017-08-22 14:28:14,009 : 设备：Redmi_Note2 start tap element id:com.nice.mont:id/btn_obtain_verify_code
2017-08-22 14:28:14,795 : 设备：Redmi_Note2 tap element id:com.nice.mont:id/btn_obtain_verify_code success
2017-08-22 14:28:15,798 : 设备：Redmi_Note2 start send_key 123456 to element id:com.nice.mont:id/verify_code_num
2017-08-22 14:28:21,860 : 设备：Redmi_Note2 send_key text:123456 to element id:com.nice.mont:id/verify_code_num success 
2017-08-22 14:28:22,862 : 设备：Redmi_Note2 start tap element id:com.nice.mont:id/login
2017-08-22 14:28:23,537 : 设备：Redmi_Note2 tap element id:com.nice.mont:id/login success
2017-08-22 14:28:23,538 : 设备：Redmi_Note2 登录成功
2017-08-22 14:28:23,538 : 设备：Redmi_Note2 获取相机及录音权限
2017-08-22 14:28:23,538 : 设备：Redmi_Note2 start tap element id:com.nice.mont:id/feed_open_camera
2017-08-22 14:28:28,082 : 设备：Redmi_Note2 tap element id:com.nice.mont:id/feed_open_camera success
2017-08-22 14:28:28,082 : 设备：Redmi_Note2 start tap element id:com.lbe.security.miui:id/accept
2017-08-22 14:28:29,635 : 设备：Redmi_Note2 tap element id:com.lbe.security.miui:id/accept success
2017-08-22 14:28:29,635 : 设备：Redmi_Note2 start tap element id:com.lbe.security.miui:id/accept
2017-08-22 14:28:30,649 : 设备：Redmi_Note2 tap element id:com.lbe.security.miui:id/accept success
2017-08-22 14:28:30,651 : 设备：Redmi_Note2 start tap element id:com.nice.mont:id/iv_close
2017-08-22 14:28:31,672 : 设备：Redmi_Note2 tap element id:com.nice.mont:id/iv_close success
2017-08-22 14:28:31,674 : 设备：Redmi_Note2 预处理成功，开始执行Monkey测试
2017-08-22 14:28:31,674 : 设备：Redmi_Note2 -----------------执行monkey脚本-----------------
2017-08-22 14:28:32,801 : -----------完成全部monkey测试--------------
