2017-07-24 20:45:52,890 : 加载设备及用户配置信息
2017-07-24 20:45:52,941 : 配置列表中一共有 38 台设备
2017-07-24 20:45:52,941 : 配置列表中一共有 5 个用户信息
2017-07-24 20:45:52,941 : 获得服务器上待测试的设备
2017-07-24 20:45:53,010 : 已连接的设备： 8526c60c ------ SumSing_Note4
2017-07-24 20:45:53,011 : 开始执行任务...
2017-07-24 20:45:54,500 : 设备：SumSing_Note4 开始预处理流程...
2017-07-24 20:45:55,071 : 设备：SumSing_Note4 卸载老的nice包
2017-07-24 20:45:57,447 : 设备：SumSing_Note4 开始安装测试的nice包
2017-07-24 20:45:57,448 : 设备：SumSing_Note4 启动app并处理GPS弹窗
2017-07-24 20:45:57,815 : 设备：SumSing_Note4 start tap element id:com.android.settings:id/button
2017-07-24 20:46:17,275 : 设备：SumSing_Note4 tap element id:com.android.settings:id/button success
2017-07-24 20:46:20,504 : 设备：SumSing_Note4 启动成功
2017-07-24 20:46:20,505 : 设备：SumSing_Note4 开始登录，使用账号:19922223369
2017-07-24 20:46:22,507 : 设备：SumSing_Note4 [action]按系统按键(keycode='4')
2017-07-24 20:46:22,705 : 设备：SumSing_Note4 start tap element id:com.nice.mont:id/circle_avatar
2017-07-24 20:46:24,978 : 设备：SumSing_Note4 tap element id:com.nice.mont:id/circle_avatar success
2017-07-24 20:46:24,978 : 设备：SumSing_Note4 start tap element id:com.nice.mont:id/btn_phone_login
2017-07-24 20:46:25,993 : 设备：SumSing_Note4 tap element id:com.nice.mont:id/btn_phone_login success
2017-07-24 20:46:25,993 : 设备：SumSing_Note4 start send_key 19922223369 to element id:com.nice.mont:id/phone_number
2017-07-24 20:46:33,755 : 设备：SumSing_Note4 send_key text:19922223369 to element id:com.nice.mont:id/phone_number success 
2017-07-24 20:46:33,755 : 设备：SumSing_Note4 start tap element id:com.nice.mont:id/btn_obtain_verify_code
2017-07-24 20:46:34,758 : 设备：SumSing_Note4 tap element id:com.nice.mont:id/btn_obtain_verify_code success
2017-07-24 20:46:36,808 : 设备：SumSing_Note4 登陆验证码为: 
2017-07-24 20:46:41,813 : 设备：SumSing_Note4 start send_key  to element id:com.nice.mont:id/verify_code_num
2017-07-24 20:46:48,901 : 设备：SumSing_Note4 send_key text: to element id:com.nice.mont:id/verify_code_num success 
2017-07-24 20:46:50,903 : 设备：SumSing_Note4 start tap element id:com.nice.mont:id/login
2017-07-24 20:46:52,011 : 设备：SumSing_Note4 tap element id:com.nice.mont:id/login success
2017-07-24 20:46:57,014 : 设备：SumSing_Note4 登录成功
2017-07-24 20:46:57,014 : 设备：SumSing_Note4 获取相机及录音权限
2017-07-24 20:46:57,014 : 设备：SumSing_Note4 查找控件 com.nice.mont:id/feed_open_camera
2017-07-24 20:46:58,192 : 设备：SumSing_Note4 未找到控件: com.nice.mont:id/feed_open_camera
2017-07-24 20:46:58,193 : 设备：SumSing_Note4 [action]按系统按键(keycode='4')
2017-07-24 20:46:58,727 : 设备：SumSing_Note4 查找控件 com.nice.mont:id/feed_open_camera
2017-07-24 20:46:59,847 : 设备：SumSing_Note4 未找到控件: com.nice.mont:id/feed_open_camera
2017-07-24 20:46:59,847 : 设备：SumSing_Note4 [action]按系统按键(keycode='4')
2017-07-24 20:46:59,866 : -----------完成monkey测试--------------
