2017-08-22 14:57:06,192 : 加载设备及用户配置信息
2017-08-22 14:57:06,243 : 配置列表中一共有 39 台设备
2017-08-22 14:57:06,243 : 配置列表中一共有 5 个用户信息
2017-08-22 14:57:06,243 : 获得服务器上待测试的设备
2017-08-22 14:57:06,359 : 已连接的设备： LJYTZ5D699999999 ------ Redmi_Note2
2017-08-22 14:57:06,359 : 开始执行任务...
2017-08-22 14:57:07,955 : 设备：Redmi_Note2 开始预处理流程...
2017-08-22 14:57:08,506 : 设备：Redmi_Note2 卸载老的nice包
2017-08-22 14:57:10,366 : 设备：Redmi_Note2 开始安装测试的nice包
2017-08-22 14:57:10,366 : 设备：Redmi_Note2 安装app并处理GPS弹窗
2017-08-22 14:57:26,497 : 设备：Redmi_Note2 启动成功
2017-08-22 14:57:26,497 : 设备：Redmi_Note2 开始登录，使用账号:19922223369
2017-08-22 14:57:28,498 : 设备：Redmi_Note2 查找控件 com.nice.mont:id/img
2017-08-22 14:57:28,600 : 设备：Redmi_Note2 找到控件: com.nice.mont:id/img
2017-08-22 14:57:28,600 : 设备：Redmi_Note2 [action]按系统按键(keycode='4')
2017-08-22 14:57:28,633 : 设备：Redmi_Note2 start tap element id:com.nice.mont:id/circle_avatar
2017-08-22 14:57:30,730 : 设备：Redmi_Note2 tap element id:com.nice.mont:id/circle_avatar success
2017-08-22 14:57:30,730 : 设备：Redmi_Note2 start tap element id:com.nice.mont:id/btn_phone_login
2017-08-22 14:57:32,328 : 设备：Redmi_Note2 tap element id:com.nice.mont:id/btn_phone_login success
2017-08-22 14:57:32,328 : 设备：Redmi_Note2 查找控件 com.nice.mont:id/phone_number
2017-08-22 14:57:32,389 : 设备：Redmi_Note2 找到控件: com.nice.mont:id/phone_number
2017-08-22 14:57:32,389 : 设备：Redmi_Note2 start tap element id:com.nice.mont:id/phone_number
2017-08-22 14:57:33,347 : 设备：Redmi_Note2 tap element id:com.nice.mont:id/phone_number success
2017-08-22 14:57:34,352 : 设备：Redmi_Note2 start send_key 19922223369 to element id:com.nice.mont:id/phone_number
2017-08-22 14:57:40,286 : 设备：Redmi_Note2 send_key text:19922223369 to element id:com.nice.mont:id/phone_number success 
2017-08-22 14:57:40,286 : 设备：Redmi_Note2 start tap element id:com.nice.mont:id/btn_obtain_verify_code
2017-08-22 14:57:41,084 : 设备：Redmi_Note2 tap element id:com.nice.mont:id/btn_obtain_verify_code success
2017-08-22 14:57:42,088 : 设备：Redmi_Note2 start send_key 123456 to element id:com.nice.mont:id/verify_code_num
2017-08-22 14:57:48,120 : 设备：Redmi_Note2 send_key text:123456 to element id:com.nice.mont:id/verify_code_num success 
2017-08-22 14:57:49,125 : 设备：Redmi_Note2 start tap element id:com.nice.mont:id/login
2017-08-22 14:57:49,816 : 设备：Redmi_Note2 tap element id:com.nice.mont:id/login success
2017-08-22 14:57:49,816 : 设备：Redmi_Note2 登录成功
2017-08-22 14:57:49,816 : 设备：Redmi_Note2 获取相机及录音权限
2017-08-22 14:57:49,816 : 设备：Redmi_Note2 start tap element id:com.nice.mont:id/feed_open_camera
2017-08-22 14:57:53,983 : 设备：Redmi_Note2 tap element id:com.nice.mont:id/feed_open_camera success
2017-08-22 14:57:53,983 : 设备：Redmi_Note2 start tap element id:com.lbe.security.miui:id/accept
2017-08-22 14:57:54,879 : 设备：Redmi_Note2 tap element id:com.lbe.security.miui:id/accept success
2017-08-22 14:57:54,880 : 设备：Redmi_Note2 start tap element id:com.lbe.security.miui:id/accept
2017-08-22 14:57:55,956 : 设备：Redmi_Note2 tap element id:com.lbe.security.miui:id/accept success
2017-08-22 14:57:55,956 : 设备：Redmi_Note2 start tap element id:com.nice.mont:id/iv_close
2017-08-22 14:57:56,835 : 设备：Redmi_Note2 tap element id:com.nice.mont:id/iv_close success
2017-08-22 14:57:56,835 : 设备：Redmi_Note2 预处理成功，开始执行Monkey测试
2017-08-22 14:57:56,835 : 设备：Redmi_Note2 -----------------执行monkey脚本-----------------
2017-08-22 14:59:00,281 : -----------完成全部monkey测试--------------
