2017-07-26 16:50:07,315 : 加载设备及用户配置信息
2017-07-26 16:50:07,798 : 配置列表中一共有 39 台设备
2017-07-26 16:50:07,798 : 配置列表中一共有 5 个用户信息
2017-07-26 16:50:07,798 : 获得服务器上待测试的设备
2017-07-26 16:50:08,025 : 已连接的设备： 3DN4C16411014042 ------ HuaWei_G9
2017-07-26 16:50:08,027 : 开始执行任务...
2017-07-26 16:50:09,547 : 设备：HuaWei_G9 开始预处理流程...
2017-07-26 16:50:10,426 : 设备：HuaWei_G9 卸载老的nice包
2017-07-26 16:50:17,693 : 设备：HuaWei_G9 查找控件 android:id/button1
2017-07-26 16:50:18,861 : 设备：HuaWei_G9 未找到控件: android:id/button1
2017-07-26 16:50:18,862 : 设备：HuaWei_G9 开始安装测试的nice包
2017-07-26 16:50:18,862 : 设备：HuaWei_G9 启动app并处理GPS弹窗
2017-07-26 16:50:18,866 : 设备：HuaWei_G9 查找控件 com.android.packageinstaller:id/decide_to_continue
2017-07-26 16:50:24,761 : 设备：HuaWei_G9 找到控件: com.android.packageinstaller:id/decide_to_continue
2017-07-26 16:50:24,762 : 设备：HuaWei_G9 start tap element id:com.android.packageinstaller:id/decide_to_continue
2017-07-26 16:50:25,524 : 设备：HuaWei_G9 tap element id:com.android.packageinstaller:id/decide_to_continue success
2017-07-26 16:50:25,525 : 设备：HuaWei_G9 start tap element id:com.android.packageinstaller:id/goinstall
2017-07-26 16:50:29,321 : 设备：HuaWei_G9 tap element id:com.android.packageinstaller:id/goinstall success
2017-07-26 16:50:47,931 : 设备：HuaWei_G9 启动成功
2017-07-26 16:50:47,933 : 设备：HuaWei_G9 开始登录，使用账号:19922223369
2017-07-26 16:50:49,936 : 设备：HuaWei_G9 查找控件 com.nice.mont:id/img
