2017-07-24 20:49:22,875 : 加载设备及用户配置信息
2017-07-24 20:49:22,926 : 配置列表中一共有 38 台设备
2017-07-24 20:49:22,926 : 配置列表中一共有 5 个用户信息
2017-07-24 20:49:22,926 : 获得服务器上待测试的设备
2017-07-24 20:49:23,056 : 已连接的设备： 8526c60c ------ SumSing_Note4
2017-07-24 20:49:23,056 : 开始执行任务...
2017-07-24 20:49:24,794 : 设备：SumSing_Note4 开始预处理流程...
2017-07-24 20:49:25,716 : 设备：SumSing_Note4 卸载老的nice包
2017-07-24 20:49:28,424 : 设备：SumSing_Note4 开始安装测试的nice包
2017-07-24 20:49:28,424 : 设备：SumSing_Note4 启动app并处理GPS弹窗
2017-07-24 20:49:28,777 : 设备：SumSing_Note4 start tap element id:com.android.settings:id/button
2017-07-24 20:49:47,757 : 设备：SumSing_Note4 tap element id:com.android.settings:id/button success
2017-07-24 20:49:50,625 : 设备：SumSing_Note4 启动成功
2017-07-24 20:49:50,626 : 设备：SumSing_Note4 开始登录，使用账号:19922223369
2017-07-24 20:49:52,627 : 设备：SumSing_Note4 [action]按系统按键(keycode='4')
2017-07-24 20:49:52,664 : 设备：SumSing_Note4 start tap element id:com.nice.mont:id/circle_avatar
2017-07-24 20:49:53,655 : 设备：SumSing_Note4 tap element id:com.nice.mont:id/circle_avatar success
2017-07-24 20:49:53,655 : 设备：SumSing_Note4 start tap element id:com.nice.mont:id/btn_phone_login
2017-07-24 20:49:54,749 : 设备：SumSing_Note4 tap element id:com.nice.mont:id/btn_phone_login success
2017-07-24 20:49:54,750 : 设备：SumSing_Note4 start send_key 19922223369 to element id:com.nice.mont:id/phone_number
2017-07-24 20:50:02,375 : 设备：SumSing_Note4 send_key text:19922223369 to element id:com.nice.mont:id/phone_number success 
2017-07-24 20:50:02,375 : 设备：SumSing_Note4 start tap element id:com.nice.mont:id/btn_obtain_verify_code
2017-07-24 20:50:03,292 : 设备：SumSing_Note4 tap element id:com.nice.mont:id/btn_obtain_verify_code success
2017-07-24 20:50:05,338 : 设备：SumSing_Note4 登陆验证码为: 
2017-07-24 20:50:05,338 : 设备：SumSing_Note4 start tap element id:com.nice.mont:id/btn_obtain_verify_code
2017-07-24 20:50:06,343 : 设备：SumSing_Note4 tap element id:com.nice.mont:id/btn_obtain_verify_code success
2017-07-24 20:50:06,395 : 设备：SumSing_Note4 登陆验证码为: 
2017-07-24 20:50:11,401 : 设备：SumSing_Note4 start send_key  to element id:com.nice.mont:id/verify_code_num
2017-07-24 20:50:17,657 : 设备：SumSing_Note4 send_key text: to element id:com.nice.mont:id/verify_code_num success 
2017-07-24 20:50:19,662 : 设备：SumSing_Note4 start tap element id:com.nice.mont:id/login
2017-07-24 20:50:20,414 : 设备：SumSing_Note4 tap element id:com.nice.mont:id/login success
2017-07-24 20:50:25,417 : 设备：SumSing_Note4 登录成功
2017-07-24 20:50:25,418 : 设备：SumSing_Note4 获取相机及录音权限
2017-07-24 20:50:25,418 : 设备：SumSing_Note4 查找控件 com.nice.mont:id/feed_open_camera
2017-07-24 20:50:25,443 : -----------完成monkey测试--------------
