2017-07-25 11:19:11,364 : 加载设备及用户配置信息
2017-07-25 11:19:11,427 : 配置列表中一共有 39 台设备
2017-07-25 11:19:11,427 : 配置列表中一共有 5 个用户信息
2017-07-25 11:19:11,427 : 获得服务器上待测试的设备
2017-07-25 11:19:11,584 : 已连接的设备： 8c9847a5 ------ Samrtosan_1
2017-07-25 11:19:11,585 : 开始执行任务...
2017-07-25 11:19:15,392 : 设备：Samrtosan_1 开始预处理流程...
2017-07-25 11:19:16,550 : 设备：Samrtosan_1 卸载老的nice包
2017-07-25 11:19:19,027 : 设备：Samrtosan_1 开始安装测试的nice包
2017-07-25 11:19:19,027 : 设备：Samrtosan_1 安装app并处理GPS弹窗
2017-07-25 11:19:32,978 : 设备：Samrtosan_1 启动成功
2017-07-25 11:19:32,978 : 设备：Samrtosan_1 开始登录，使用账号:19922223369
2017-07-25 11:19:33,982 : 设备：Samrtosan_1 [action]按系统按键(keycode='4')
2017-07-25 11:19:34,030 : 设备：Samrtosan_1 start tap element id:com.nice.mont:id/circle_avatar
2017-07-25 11:19:42,030 : 设备：Samrtosan_1 tap element id:com.nice.mont:id/circle_avatar success
2017-07-25 11:19:42,031 : 设备：Samrtosan_1 start tap element id:com.nice.mont:id/btn_phone_login
2017-07-25 11:19:43,592 : 设备：Samrtosan_1 tap element id:com.nice.mont:id/btn_phone_login success
2017-07-25 11:19:43,592 : 设备：Samrtosan_1 start send_key 19922223369 to element id:com.nice.mont:id/phone_number
2017-07-25 11:19:50,410 : 设备：Samrtosan_1 send_key text:19922223369 to element id:com.nice.mont:id/phone_number success 
2017-07-25 11:19:51,411 : 设备：Samrtosan_1 start tap element id:com.nice.mont:id/btn_obtain_verify_code
2017-07-25 11:19:51,682 : 设备：Samrtosan_1 tap element id:com.nice.mont:id/btn_obtain_verify_code success
2017-07-25 11:19:52,686 : 设备：Samrtosan_1 start send_key 123456 to element id:com.nice.mont:id/verify_code_num
2017-07-25 11:19:58,757 : 设备：Samrtosan_1 send_key text:123456 to element id:com.nice.mont:id/verify_code_num success 
2017-07-25 11:19:59,760 : 设备：Samrtosan_1 start tap element id:com.nice.mont:id/login
2017-07-25 11:20:00,756 : 设备：Samrtosan_1 tap element id:com.nice.mont:id/login success
2017-07-25 11:20:00,756 : 设备：Samrtosan_1 登录成功
2017-07-25 11:20:00,757 : 设备：Samrtosan_1 获取相机及录音权限
2017-07-25 11:20:00,757 : 设备：Samrtosan_1 start tap element id:com.nice.mont:id/feed_open_camera
2017-07-25 11:20:06,053 : -----------完成monkey测试--------------
