2017-08-22 11:09:19,166 : 加载设备及用户配置信息
2017-08-22 11:09:19,219 : 配置列表中一共有 39 台设备
2017-08-22 11:09:19,219 : 配置列表中一共有 5 个用户信息
2017-08-22 11:09:19,219 : 获得服务器上待测试的设备
2017-08-22 11:09:19,335 : 已连接的设备： 810EBL22MGP3 ------ MEIZU_M2NOTE
2017-08-22 11:09:19,335 : 已连接的设备： b33aa57c ------ XIAOMI_5
2017-08-22 11:09:19,335 : 开始执行任务...
2017-08-22 11:09:21,877 : 设备：MEIZU_M2NOTE 开始预处理流程...
2017-08-22 11:09:22,550 : 设备：MEIZU_M2NOTE 卸载老的nice包
2017-08-22 11:09:23,679 : 设备：XIAOMI_5 开始预处理流程...
2017-08-22 11:09:24,184 : 设备：XIAOMI_5 卸载老的nice包
2017-08-22 11:09:24,833 : 设备：MEIZU_M2NOTE 开始安装测试的nice包
2017-08-22 11:09:24,833 : 设备：MEIZU_M2NOTE 安装app并处理GPS弹窗
2017-08-22 11:09:24,834 : 设备：MEIZU_M2NOTE start tap element id:android:id/button1
2017-08-22 11:09:25,744 : 设备：XIAOMI_5 开始安装测试的nice包
2017-08-22 11:09:25,744 : 设备：XIAOMI_5 启动app并处理GPS弹窗
2017-08-22 11:09:30,710 : 设备：MEIZU_M2NOTE tap element id:android:id/button1 success
2017-08-22 11:09:41,777 : 设备：MEIZU_M2NOTE 启动成功
2017-08-22 11:09:41,777 : 设备：MEIZU_M2NOTE 开始登录，使用账号:19922223369
2017-08-22 11:09:43,781 : 设备：MEIZU_M2NOTE 查找控件 com.nice.mont:id/img
2017-08-22 11:09:43,937 : 设备：MEIZU_M2NOTE 找到控件: com.nice.mont:id/img
2017-08-22 11:09:43,938 : 设备：MEIZU_M2NOTE [action]按系统按键(keycode='4')
2017-08-22 11:09:43,964 : 设备：MEIZU_M2NOTE start tap element id:com.nice.mont:id/circle_avatar
2017-08-22 11:09:45,322 : 设备：MEIZU_M2NOTE tap element id:com.nice.mont:id/circle_avatar success
2017-08-22 11:09:45,323 : 设备：MEIZU_M2NOTE start tap element id:com.nice.mont:id/btn_phone_login
2017-08-22 11:09:46,525 : 设备：MEIZU_M2NOTE tap element id:com.nice.mont:id/btn_phone_login success
2017-08-22 11:09:46,525 : 设备：MEIZU_M2NOTE 查找控件 com.nice.mont:id/phone_number
2017-08-22 11:09:46,764 : 设备：MEIZU_M2NOTE 找到控件: com.nice.mont:id/phone_number
2017-08-22 11:09:46,765 : 设备：MEIZU_M2NOTE start tap element id:com.nice.mont:id/phone_number
2017-08-22 11:09:48,592 : 设备：XIAOMI_5 启动成功
2017-08-22 11:09:48,592 : 设备：XIAOMI_5 开始登录，使用账号:19922223368
2017-08-22 11:09:50,262 : 设备：MEIZU_M2NOTE tap element id:com.nice.mont:id/phone_number success
2017-08-22 11:09:50,597 : 设备：XIAOMI_5 查找控件 com.nice.mont:id/img
2017-08-22 11:09:50,799 : 设备：XIAOMI_5 找到控件: com.nice.mont:id/img
2017-08-22 11:09:50,799 : 设备：XIAOMI_5 [action]按系统按键(keycode='4')
2017-08-22 11:09:50,836 : 设备：XIAOMI_5 start tap element id:com.nice.mont:id/circle_avatar
2017-08-22 11:09:51,265 : 设备：MEIZU_M2NOTE start send_key 19922223369 to element id:com.nice.mont:id/phone_number
2017-08-22 11:09:52,105 : 设备：XIAOMI_5 tap element id:com.nice.mont:id/circle_avatar success
2017-08-22 11:09:52,105 : 设备：XIAOMI_5 start tap element id:com.nice.mont:id/btn_phone_login
2017-08-22 11:09:53,040 : 设备：XIAOMI_5 tap element id:com.nice.mont:id/btn_phone_login success
2017-08-22 11:09:53,041 : 设备：XIAOMI_5 查找控件 com.nice.mont:id/phone_number
2017-08-22 11:09:53,075 : 设备：XIAOMI_5 找到控件: com.nice.mont:id/phone_number
2017-08-22 11:09:53,075 : 设备：XIAOMI_5 start tap element id:com.nice.mont:id/phone_number
2017-08-22 11:09:57,129 : 设备：XIAOMI_5 tap element id:com.nice.mont:id/phone_number success
2017-08-22 11:09:57,150 : 设备：MEIZU_M2NOTE send_key text:19922223369 to element id:com.nice.mont:id/phone_number success 
2017-08-22 11:09:57,150 : 设备：MEIZU_M2NOTE start tap element id:com.nice.mont:id/btn_obtain_verify_code
2017-08-22 11:09:57,992 : 设备：MEIZU_M2NOTE tap element id:com.nice.mont:id/btn_obtain_verify_code success
2017-08-22 11:09:58,129 : 设备：XIAOMI_5 start send_key 19922223368 to element id:com.nice.mont:id/phone_number
2017-08-22 11:09:58,995 : 设备：MEIZU_M2NOTE start send_key 123456 to element id:com.nice.mont:id/verify_code_num
2017-08-22 11:10:03,592 : 设备：XIAOMI_5 send_key text:19922223368 to element id:com.nice.mont:id/phone_number success 
2017-08-22 11:10:03,592 : 设备：XIAOMI_5 start tap element id:com.nice.mont:id/btn_obtain_verify_code
2017-08-22 11:10:04,388 : 设备：XIAOMI_5 tap element id:com.nice.mont:id/btn_obtain_verify_code success
2017-08-22 11:10:05,095 : 设备：MEIZU_M2NOTE send_key text:123456 to element id:com.nice.mont:id/verify_code_num success 
2017-08-22 11:10:05,391 : 设备：XIAOMI_5 start send_key 123456 to element id:com.nice.mont:id/verify_code_num
2017-08-22 11:10:06,097 : 设备：MEIZU_M2NOTE start tap element id:com.nice.mont:id/login
2017-08-22 11:10:07,129 : 设备：MEIZU_M2NOTE tap element id:com.nice.mont:id/login success
2017-08-22 11:10:07,130 : 设备：MEIZU_M2NOTE 登录成功
2017-08-22 11:10:07,130 : 设备：MEIZU_M2NOTE 获取相机及录音权限
2017-08-22 11:10:07,130 : 设备：MEIZU_M2NOTE start tap element id:com.nice.mont:id/feed_open_camera
2017-08-22 11:10:09,296 : 设备：MEIZU_M2NOTE tap element id:com.nice.mont:id/feed_open_camera success
2017-08-22 11:10:09,296 : 设备：MEIZU_M2NOTE start tap element id:android:id/button1
2017-08-22 11:10:11,342 : 设备：XIAOMI_5 send_key text:123456 to element id:com.nice.mont:id/verify_code_num success 
2017-08-22 11:10:12,345 : 设备：XIAOMI_5 start tap element id:com.nice.mont:id/login
2017-08-22 11:10:13,054 : 设备：MEIZU_M2NOTE tap element id:android:id/button1 success
2017-08-22 11:10:13,054 : 设备：MEIZU_M2NOTE start tap element id:android:id/button1
2017-08-22 11:10:13,439 : 设备：XIAOMI_5 tap element id:com.nice.mont:id/login success
2017-08-22 11:10:13,440 : 设备：XIAOMI_5 登录成功
2017-08-22 11:10:13,440 : 设备：XIAOMI_5 获取相机及录音权限
2017-08-22 11:10:13,440 : 设备：XIAOMI_5 start tap element id:com.nice.mont:id/feed_open_camera
2017-08-22 11:10:15,576 : 设备：XIAOMI_5 tap element id:com.nice.mont:id/feed_open_camera success
2017-08-22 11:10:15,576 : 设备：XIAOMI_5 start tap element id:android:id/button1
2017-08-22 11:10:16,235 : 设备：MEIZU_M2NOTE tap element id:android:id/button1 success
2017-08-22 11:10:16,235 : 设备：MEIZU_M2NOTE start tap element id:com.nice.mont:id/iv_close
2017-08-22 11:10:16,401 : 设备：XIAOMI_5 tap element id:android:id/button1 success
2017-08-22 11:10:16,401 : 设备：XIAOMI_5 start tap element id:android:id/button1
2017-08-22 11:10:16,648 : 设备：MEIZU_M2NOTE tap element id:com.nice.mont:id/iv_close success
2017-08-22 11:10:16,648 : 设备：MEIZU_M2NOTE 预处理成功，开始执行Monkey测试
2017-08-22 11:10:17,274 : 设备：XIAOMI_5 tap element id:android:id/button1 success
2017-08-22 11:10:17,274 : 设备：XIAOMI_5 start tap element id:android:id/button1
2017-08-22 11:10:21,088 : 设备：XIAOMI_5 tap element id:android:id/button1 success
2017-08-22 11:10:21,088 : 设备：XIAOMI_5 start tap element id:com.nice.mont:id/iv_close
2017-08-22 11:10:21,426 : 设备：XIAOMI_5 tap element id:com.nice.mont:id/iv_close success
2017-08-22 11:10:21,426 : 设备：XIAOMI_5 预处理成功，开始执行Monkey测试
2017-08-22 11:10:21,426 : -----------完成全部monkey测试--------------
