2017-08-22 14:35:35,020 : 加载设备及用户配置信息
2017-08-22 14:35:35,073 : 配置列表中一共有 39 台设备
2017-08-22 14:35:35,073 : 配置列表中一共有 5 个用户信息
2017-08-22 14:35:35,073 : 获得服务器上待测试的设备
2017-08-22 14:35:35,158 : 已连接的设备： LJYTZ5D699999999 ------ Redmi_Note2
2017-08-22 14:35:35,159 : 开始执行任务...
2017-08-22 14:35:36,907 : 设备：Redmi_Note2 开始预处理流程...
2017-08-22 14:35:37,456 : 设备：Redmi_Note2 卸载老的nice包
2017-08-22 14:35:39,284 : 设备：Redmi_Note2 开始安装测试的nice包
2017-08-22 14:35:39,284 : 设备：Redmi_Note2 安装app并处理GPS弹窗
2017-08-22 14:35:54,640 : 设备：Redmi_Note2 启动成功
2017-08-22 14:35:54,640 : 设备：Redmi_Note2 开始登录，使用账号:19922223369
2017-08-22 14:35:56,644 : 设备：Redmi_Note2 查找控件 com.nice.mont:id/img
2017-08-22 14:35:56,737 : 设备：Redmi_Note2 找到控件: com.nice.mont:id/img
2017-08-22 14:35:56,738 : 设备：Redmi_Note2 [action]按系统按键(keycode='4')
2017-08-22 14:35:56,775 : 设备：Redmi_Note2 start tap element id:com.nice.mont:id/circle_avatar
2017-08-22 14:35:58,008 : 设备：Redmi_Note2 tap element id:com.nice.mont:id/circle_avatar success
2017-08-22 14:35:58,008 : 设备：Redmi_Note2 start tap element id:com.nice.mont:id/btn_phone_login
2017-08-22 14:35:59,424 : 设备：Redmi_Note2 tap element id:com.nice.mont:id/btn_phone_login success
2017-08-22 14:35:59,424 : 设备：Redmi_Note2 查找控件 com.nice.mont:id/phone_number
2017-08-22 14:35:59,466 : 设备：Redmi_Note2 找到控件: com.nice.mont:id/phone_number
2017-08-22 14:35:59,467 : 设备：Redmi_Note2 start tap element id:com.nice.mont:id/phone_number
2017-08-22 14:36:00,543 : 设备：Redmi_Note2 tap element id:com.nice.mont:id/phone_number success
2017-08-22 14:36:01,544 : 设备：Redmi_Note2 start send_key 19922223369 to element id:com.nice.mont:id/phone_number
2017-08-22 14:36:07,476 : 设备：Redmi_Note2 send_key text:19922223369 to element id:com.nice.mont:id/phone_number success 
2017-08-22 14:36:07,476 : 设备：Redmi_Note2 start tap element id:com.nice.mont:id/btn_obtain_verify_code
2017-08-22 14:36:08,308 : 设备：Redmi_Note2 tap element id:com.nice.mont:id/btn_obtain_verify_code success
2017-08-22 14:36:09,313 : 设备：Redmi_Note2 start send_key 123456 to element id:com.nice.mont:id/verify_code_num
2017-08-22 14:36:15,325 : 设备：Redmi_Note2 send_key text:123456 to element id:com.nice.mont:id/verify_code_num success 
2017-08-22 14:36:16,330 : 设备：Redmi_Note2 start tap element id:com.nice.mont:id/login
2017-08-22 14:36:17,029 : 设备：Redmi_Note2 tap element id:com.nice.mont:id/login success
2017-08-22 14:36:17,029 : 设备：Redmi_Note2 登录成功
2017-08-22 14:36:17,029 : 设备：Redmi_Note2 获取相机及录音权限
2017-08-22 14:36:17,029 : 设备：Redmi_Note2 start tap element id:com.nice.mont:id/feed_open_camera
2017-08-22 14:36:20,026 : 设备：Redmi_Note2 tap element id:com.nice.mont:id/feed_open_camera success
2017-08-22 14:36:20,026 : 设备：Redmi_Note2 start tap element id:com.lbe.security.miui:id/accept
2017-08-22 14:36:20,710 : 设备：Redmi_Note2 tap element id:com.lbe.security.miui:id/accept success
2017-08-22 14:36:20,710 : 设备：Redmi_Note2 start tap element id:com.lbe.security.miui:id/accept
2017-08-22 14:36:21,838 : 设备：Redmi_Note2 tap element id:com.lbe.security.miui:id/accept success
2017-08-22 14:36:21,838 : 设备：Redmi_Note2 start tap element id:com.nice.mont:id/iv_close
2017-08-22 14:36:22,653 : 设备：Redmi_Note2 tap element id:com.nice.mont:id/iv_close success
2017-08-22 14:36:22,654 : 设备：Redmi_Note2 预处理成功，开始执行Monkey测试
2017-08-22 14:36:22,654 : 设备：Redmi_Note2 -----------------执行monkey脚本-----------------
2017-08-22 14:36:23,262 : -----------完成全部monkey测试--------------
