2017-07-26 17:28:42,068 : 加载设备及用户配置信息
2017-07-26 17:28:42,377 : 配置列表中一共有 39 台设备
2017-07-26 17:28:42,378 : 配置列表中一共有 5 个用户信息
2017-07-26 17:28:42,378 : 获得服务器上待测试的设备
2017-07-26 17:28:42,574 : 已连接的设备： 3DN4C16411014042 ------ HuaWei_G9
2017-07-26 17:28:42,574 : 开始执行任务...
2017-07-26 17:28:47,046 : 设备：HuaWei_G9 开始预处理流程...
2017-07-26 17:28:52,939 : 设备：HuaWei_G9 查找控件 android:id/button1
2017-07-26 17:28:54,129 : 设备：HuaWei_G9 未找到控件: android:id/button1
2017-07-26 17:28:54,129 : 设备：HuaWei_G9 开始安装测试的nice包
2017-07-26 17:28:54,130 : 设备：HuaWei_G9 启动app并处理GPS弹窗
2017-07-26 17:28:54,131 : 设备：HuaWei_G9 查找控件 com.android.packageinstaller:id/decide_to_continue
2017-07-26 17:28:58,617 : 设备：HuaWei_G9 找到控件: com.android.packageinstaller:id/decide_to_continue
2017-07-26 17:28:58,618 : 设备：HuaWei_G9 start tap element id:com.android.packageinstaller:id/decide_to_continue
2017-07-26 17:28:59,268 : 设备：HuaWei_G9 tap element id:com.android.packageinstaller:id/decide_to_continue success
2017-07-26 17:28:59,269 : 设备：HuaWei_G9 start tap element id:com.android.packageinstaller:id/goinstall
2017-07-26 17:29:00,446 : 设备：HuaWei_G9 tap element id:com.android.packageinstaller:id/goinstall success
2017-07-26 17:29:19,912 : 设备：HuaWei_G9 start tap element id:com.huawei.systemmanager:id/btn_allow
2017-07-26 17:29:24,396 : 设备：HuaWei_G9 tap element id:com.huawei.systemmanager:id/btn_allow success
2017-07-26 17:29:24,397 : 设备：HuaWei_G9 启动成功
2017-07-26 17:29:24,397 : 设备：HuaWei_G9 开始登录，使用账号:19922223369
2017-07-26 17:29:26,401 : 设备：HuaWei_G9 查找控件 com.nice.mont:id/img
2017-07-26 17:29:26,557 : 设备：HuaWei_G9 找到控件: com.nice.mont:id/img
2017-07-26 17:29:26,558 : 设备：HuaWei_G9 [action]按系统按键(keycode='4')
2017-07-26 17:29:26,593 : 设备：HuaWei_G9 start tap element id:com.nice.mont:id/circle_avatar
2017-07-26 17:29:27,954 : 设备：HuaWei_G9 tap element id:com.nice.mont:id/circle_avatar success
2017-07-26 17:29:27,954 : 设备：HuaWei_G9 start tap element id:com.nice.mont:id/btn_phone_login
