2017-08-22 10:54:20,493 : 加载设备及用户配置信息
2017-08-22 10:54:20,541 : 配置列表中一共有 39 台设备
2017-08-22 10:54:20,541 : 配置列表中一共有 5 个用户信息
2017-08-22 10:54:20,542 : 获得服务器上待测试的设备
2017-08-22 10:54:20,629 : 已连接的设备： 810EBL22MGP3 ------ MEIZU_M2NOTE
2017-08-22 10:54:20,629 : 开始执行任务...
2017-08-22 10:54:24,693 : 设备：MEIZU_M2NOTE 开始预处理流程...
2017-08-22 10:54:25,535 : 设备：MEIZU_M2NOTE 卸载老的nice包
2017-08-22 10:54:27,855 : 设备：MEIZU_M2NOTE 开始安装测试的nice包
2017-08-22 10:54:27,856 : 设备：MEIZU_M2NOTE 安装app并处理GPS弹窗
2017-08-22 10:54:27,856 : 设备：MEIZU_M2NOTE start tap element id:android:id/button1
2017-08-22 10:54:34,767 : 设备：MEIZU_M2NOTE tap element id:android:id/button1 success
2017-08-22 10:54:46,032 : 设备：MEIZU_M2NOTE 启动成功
2017-08-22 10:54:46,033 : 设备：MEIZU_M2NOTE 开始登录，使用账号:19922223369
2017-08-22 10:54:48,035 : 设备：MEIZU_M2NOTE 查找控件 com.nice.mont:id/img
2017-08-22 10:54:48,265 : 设备：MEIZU_M2NOTE 找到控件: com.nice.mont:id/img
2017-08-22 10:54:48,266 : 设备：MEIZU_M2NOTE [action]按系统按键(keycode='4')
2017-08-22 10:54:48,317 : 设备：MEIZU_M2NOTE start tap element id:com.nice.mont:id/circle_avatar
2017-08-22 10:54:49,689 : 设备：MEIZU_M2NOTE tap element id:com.nice.mont:id/circle_avatar success
2017-08-22 10:54:49,689 : 设备：MEIZU_M2NOTE start tap element id:com.nice.mont:id/btn_phone_login
2017-08-22 10:54:50,724 : 设备：MEIZU_M2NOTE tap element id:com.nice.mont:id/btn_phone_login success
2017-08-22 10:54:50,724 : 设备：MEIZU_M2NOTE 查找控件 com.nice.mont:id/phone_number
2017-08-22 10:54:50,802 : 设备：MEIZU_M2NOTE 找到控件: com.nice.mont:id/phone_number
2017-08-22 10:54:50,802 : 设备：MEIZU_M2NOTE start tap element id:com.nice.mont:id/phone_number
2017-08-22 10:54:54,423 : 设备：MEIZU_M2NOTE tap element id:com.nice.mont:id/phone_number success
2017-08-22 10:54:55,428 : 设备：MEIZU_M2NOTE start send_key 19922223369 to element id:com.nice.mont:id/phone_number
2017-08-22 10:55:00,699 : 设备：MEIZU_M2NOTE send_key text:19922223369 to element id:com.nice.mont:id/phone_number success 
2017-08-22 10:55:00,699 : 设备：MEIZU_M2NOTE start tap element id:com.nice.mont:id/btn_obtain_verify_code
2017-08-22 10:55:01,394 : 设备：MEIZU_M2NOTE tap element id:com.nice.mont:id/btn_obtain_verify_code success
2017-08-22 10:55:02,396 : 设备：MEIZU_M2NOTE start send_key 123456 to element id:com.nice.mont:id/verify_code_num
2017-08-22 10:55:07,756 : 设备：MEIZU_M2NOTE send_key text:123456 to element id:com.nice.mont:id/verify_code_num success 
2017-08-22 10:55:08,760 : 设备：MEIZU_M2NOTE start tap element id:com.nice.mont:id/login
2017-08-22 10:55:09,542 : 设备：MEIZU_M2NOTE tap element id:com.nice.mont:id/login success
2017-08-22 10:55:09,543 : 设备：MEIZU_M2NOTE 登录成功
2017-08-22 10:55:09,543 : 设备：MEIZU_M2NOTE 获取相机及录音权限
2017-08-22 10:55:09,543 : 设备：MEIZU_M2NOTE start tap element id:com.nice.mont:id/feed_open_camera
2017-08-22 10:55:11,607 : 设备：MEIZU_M2NOTE tap element id:com.nice.mont:id/feed_open_camera success
2017-08-22 10:55:11,608 : 设备：MEIZU_M2NOTE start tap element id:android:id/button1
2017-08-22 10:55:15,365 : 设备：MEIZU_M2NOTE tap element id:android:id/button1 success
2017-08-22 10:55:15,365 : 设备：MEIZU_M2NOTE start tap element id:android:id/button1
2017-08-22 10:55:18,556 : 设备：MEIZU_M2NOTE tap element id:android:id/button1 success
2017-08-22 10:55:18,556 : 设备：MEIZU_M2NOTE start tap element id:com.nice.mont:id/iv_close
2017-08-22 10:55:19,076 : 设备：MEIZU_M2NOTE tap element id:com.nice.mont:id/iv_close success
2017-08-22 10:55:19,076 : 设备：MEIZU_M2NOTE 预处理成功，开始执行Monkey测试
2017-08-22 10:55:19,077 : 设备：MEIZU_M2NOTE -----------------执行monkey脚本-----------------
2017-08-22 10:55:32,068 : -----------完成全部monkey测试--------------
