2017-07-25 20:42:52,006 : 加载设备及用户配置信息
2017-07-25 20:42:52,055 : 配置列表中一共有 39 台设备
2017-07-25 20:42:52,055 : 配置列表中一共有 5 个用户信息
2017-07-25 20:42:52,055 : 获得服务器上待测试的设备
2017-07-25 20:42:52,157 : 已连接的设备： 8526c60c ------ SumSing_Note4
2017-07-25 20:42:52,157 : 已连接的设备： 8c9847a5 ------ Samrtosan_1
2017-07-25 20:42:52,157 : 开始执行任务...
2017-07-25 20:42:53,781 : 设备：SumSing_Note4 开始预处理流程...
2017-07-25 20:42:54,295 : 设备：SumSing_Note4 卸载老的nice包
2017-07-25 20:42:55,609 : 设备：Samrtosan_1 开始预处理流程...
2017-07-25 20:42:56,587 : 设备：SumSing_Note4 开始安装测试的nice包
2017-07-25 20:42:56,588 : 设备：SumSing_Note4 启动app并处理GPS弹窗
2017-07-25 20:42:56,651 : 设备：Samrtosan_1 卸载老的nice包
2017-07-25 20:42:57,133 : 设备：SumSing_Note4 start tap element id:com.android.settings:id/button
2017-07-25 20:42:59,685 : 设备：Samrtosan_1 开始安装测试的nice包
2017-07-25 20:42:59,686 : 设备：Samrtosan_1 安装app并处理GPS弹窗
2017-07-25 20:43:15,922 : 设备：Samrtosan_1 启动成功
2017-07-25 20:43:15,922 : 设备：Samrtosan_1 开始登录，使用账号:19922223368
2017-07-25 20:43:17,927 : 设备：Samrtosan_1 查找控件 com.nice.mont:id/img
2017-07-25 20:43:18,370 : 设备：Samrtosan_1 找到控件: com.nice.mont:id/img
2017-07-25 20:43:18,370 : 设备：Samrtosan_1 [action]按系统按键(keycode='4')
2017-07-25 20:43:18,430 : 设备：Samrtosan_1 start tap element id:com.nice.mont:id/circle_avatar
2017-07-25 20:43:19,288 : 设备：SumSing_Note4 tap element id:com.android.settings:id/button success
2017-07-25 20:43:19,787 : 设备：Samrtosan_1 tap element id:com.nice.mont:id/circle_avatar success
2017-07-25 20:43:19,787 : 设备：Samrtosan_1 start tap element id:com.nice.mont:id/btn_phone_login
2017-07-25 20:43:21,290 : 设备：SumSing_Note4 启动成功
2017-07-25 20:43:21,290 : 设备：SumSing_Note4 开始登录，使用账号:19922223369
2017-07-25 20:43:21,377 : 设备：Samrtosan_1 tap element id:com.nice.mont:id/btn_phone_login success
2017-07-25 20:43:21,377 : 设备：Samrtosan_1 start send_key 19922223368 to element id:com.nice.mont:id/phone_number
2017-07-25 20:43:23,294 : 设备：SumSing_Note4 查找控件 com.nice.mont:id/img
2017-07-25 20:43:23,394 : 设备：SumSing_Note4 找到控件: com.nice.mont:id/img
2017-07-25 20:43:23,395 : 设备：SumSing_Note4 [action]按系统按键(keycode='4')
2017-07-25 20:43:23,417 : 设备：SumSing_Note4 start tap element id:com.nice.mont:id/circle_avatar
2017-07-25 20:43:24,435 : 设备：SumSing_Note4 tap element id:com.nice.mont:id/circle_avatar success
2017-07-25 20:43:24,435 : 设备：SumSing_Note4 start tap element id:com.nice.mont:id/btn_phone_login
2017-07-25 20:43:25,347 : 设备：SumSing_Note4 tap element id:com.nice.mont:id/btn_phone_login success
2017-07-25 20:43:25,347 : 设备：SumSing_Note4 start send_key 19922223369 to element id:com.nice.mont:id/phone_number
2017-07-25 20:43:27,914 : 设备：Samrtosan_1 send_key text:19922223368 to element id:com.nice.mont:id/phone_number success 
2017-07-25 20:43:28,914 : 设备：Samrtosan_1 start tap element id:com.nice.mont:id/btn_obtain_verify_code
2017-07-25 20:43:29,324 : 设备：Samrtosan_1 tap element id:com.nice.mont:id/btn_obtain_verify_code success
2017-07-25 20:43:30,325 : 设备：Samrtosan_1 start send_key 123456 to element id:com.nice.mont:id/verify_code_num
2017-07-25 20:43:32,054 : 设备：SumSing_Note4 send_key text:19922223369 to element id:com.nice.mont:id/phone_number success 
2017-07-25 20:43:33,059 : 设备：SumSing_Note4 start tap element id:com.nice.mont:id/btn_obtain_verify_code
2017-07-25 20:43:33,740 : 设备：SumSing_Note4 tap element id:com.nice.mont:id/btn_obtain_verify_code success
2017-07-25 20:43:34,744 : 设备：SumSing_Note4 start send_key 123456 to element id:com.nice.mont:id/verify_code_num
2017-07-25 20:43:36,299 : 设备：Samrtosan_1 send_key text:123456 to element id:com.nice.mont:id/verify_code_num success 
2017-07-25 20:43:37,305 : 设备：Samrtosan_1 start tap element id:com.nice.mont:id/login
2017-07-25 20:43:38,667 : 设备：Samrtosan_1 tap element id:com.nice.mont:id/login success
2017-07-25 20:43:38,667 : 设备：Samrtosan_1 登录成功
2017-07-25 20:43:38,668 : 设备：Samrtosan_1 获取相机及录音权限
2017-07-25 20:43:38,668 : 设备：Samrtosan_1 start tap element id:com.nice.mont:id/feed_open_camera
2017-07-25 20:43:41,483 : 设备：Samrtosan_1 tap element id:com.nice.mont:id/feed_open_camera success
2017-07-25 20:43:41,483 : 设备：Samrtosan_1 start tap element id:android:id/button1
2017-07-25 20:43:42,093 : 设备：SumSing_Note4 send_key text:123456 to element id:com.nice.mont:id/verify_code_num success 
2017-07-25 20:43:43,096 : 设备：SumSing_Note4 start tap element id:com.nice.mont:id/login
2017-07-25 20:43:43,658 : 设备：Samrtosan_1 tap element id:android:id/button1 success
2017-07-25 20:43:43,659 : 设备：Samrtosan_1 start tap element id:android:id/button1
2017-07-25 20:43:43,931 : 设备：SumSing_Note4 tap element id:com.nice.mont:id/login success
2017-07-25 20:43:43,932 : 设备：SumSing_Note4 登录成功
2017-07-25 20:43:43,932 : 设备：SumSing_Note4 获取相机及录音权限
2017-07-25 20:43:43,933 : 设备：SumSing_Note4 查找控件 com.nice.mont:id/feed_open_camera
2017-07-25 20:43:44,132 : 设备：SumSing_Note4 找到控件: com.nice.mont:id/feed_open_camera
2017-07-25 20:43:44,133 : 设备：SumSing_Note4 start tap element id:com.nice.mont:id/feed_open_camera
2017-07-25 20:43:44,782 : 设备：Samrtosan_1 tap element id:android:id/button1 success
2017-07-25 20:43:44,782 : 设备：Samrtosan_1 start tap element id:com.nice.mont:id/iv_close
2017-07-25 20:43:48,149 : 设备：SumSing_Note4 tap element id:com.nice.mont:id/feed_open_camera success
2017-07-25 20:43:48,618 : 设备：Samrtosan_1 tap element id:com.nice.mont:id/iv_close success
2017-07-25 20:43:48,618 : 设备：Samrtosan_1 预处理成功，开始执行Monkey测试
2017-07-25 20:43:48,618 : 设备：Samrtosan_1 -----------------开始执行monkey脚本-----------------
2017-07-25 20:43:49,152 : 设备：SumSing_Note4 start tap element id:com.nice.mont:id/iv_close
2017-07-25 20:43:55,307 : 设备：SumSing_Note4 tap element id:com.nice.mont:id/iv_close success
2017-07-25 20:43:55,308 : 设备：SumSing_Note4 预处理成功，开始执行Monkey测试
2017-07-25 20:43:55,308 : 设备：SumSing_Note4 -----------------开始执行monkey脚本-----------------
2017-07-25 20:44:03,915 : -----------完成全部monkey测试--------------
