2017-07-25 11:43:17,046 : 加载设备及用户配置信息
2017-07-25 11:43:17,104 : 配置列表中一共有 39 台设备
2017-07-25 11:43:17,104 : 配置列表中一共有 5 个用户信息
2017-07-25 11:43:17,104 : 获得服务器上待测试的设备
2017-07-25 11:43:17,216 : 已连接的设备： RCKVVCSO99999999 ------ OPPO_A59
2017-07-25 11:43:17,217 : 已连接的设备： 8c9847a5 ------ Samrtosan_1
2017-07-25 11:43:17,217 : 开始执行任务...
2017-07-25 11:43:18,899 : 设备：OPPO_A59 开始预处理流程...
2017-07-25 11:43:19,779 : 设备：OPPO_A59 卸载老的nice包
2017-07-25 11:43:20,216 : 设备：Samrtosan_1 开始预处理流程...
2017-07-25 11:43:21,146 : 设备：Samrtosan_1 卸载老的nice包
2017-07-25 11:43:22,826 : 设备：OPPO_A59 开始安装测试的nice包
2017-07-25 11:43:22,827 : 设备：OPPO_A59 处理安装中各种弹窗
2017-07-25 11:43:22,829 : 设备：OPPO_A59 start tap element id:com.android.packageinstaller:id/bottom_button_two
2017-07-25 11:43:23,944 : 设备：Samrtosan_1 开始安装测试的nice包
2017-07-25 11:43:23,944 : 设备：Samrtosan_1 安装app并处理GPS弹窗
2017-07-25 11:43:36,630 : 设备：Samrtosan_1 启动成功
2017-07-25 11:43:36,630 : 设备：Samrtosan_1 开始登录，使用账号:19922223368
2017-07-25 11:43:37,635 : 设备：Samrtosan_1 [action]按系统按键(keycode='4')
2017-07-25 11:43:37,703 : 设备：Samrtosan_1 start tap element id:com.nice.mont:id/circle_avatar
2017-07-25 11:43:50,696 : 设备：Samrtosan_1 tap element id:com.nice.mont:id/circle_avatar success
2017-07-25 11:43:50,696 : 设备：Samrtosan_1 start tap element id:com.nice.mont:id/btn_phone_login
2017-07-25 11:43:51,550 : 设备：Samrtosan_1 tap element id:com.nice.mont:id/btn_phone_login success
2017-07-25 11:43:51,551 : 设备：Samrtosan_1 start send_key 19922223368 to element id:com.nice.mont:id/phone_number
2017-07-25 11:43:51,858 : 设备：OPPO_A59 tap element id:com.android.packageinstaller:id/bottom_button_two success
2017-07-25 11:43:59,002 : 设备：Samrtosan_1 send_key text:19922223368 to element id:com.nice.mont:id/phone_number success 
2017-07-25 11:44:00,004 : 设备：Samrtosan_1 start tap element id:com.nice.mont:id/btn_obtain_verify_code
2017-07-25 11:44:00,269 : 设备：Samrtosan_1 tap element id:com.nice.mont:id/btn_obtain_verify_code success
2017-07-25 11:44:01,271 : 设备：Samrtosan_1 start send_key 123456 to element id:com.nice.mont:id/verify_code_num
2017-07-25 11:44:02,755 : 设备：OPPO_A59 启动成功
2017-07-25 11:44:02,755 : 设备：OPPO_A59 开始登录，使用账号:19922223369
2017-07-25 11:44:03,760 : 设备：OPPO_A59 [action]按系统按键(keycode='4')
2017-07-25 11:44:04,323 : 设备：OPPO_A59 start tap element id:com.nice.mont:id/circle_avatar
2017-07-25 11:44:08,216 : 设备：Samrtosan_1 send_key text:123456 to element id:com.nice.mont:id/verify_code_num success 
2017-07-25 11:44:09,219 : 设备：Samrtosan_1 start tap element id:com.nice.mont:id/login
2017-07-25 11:44:10,323 : 设备：Samrtosan_1 tap element id:com.nice.mont:id/login success
2017-07-25 11:44:10,323 : 设备：Samrtosan_1 登录成功
2017-07-25 11:44:10,323 : 设备：Samrtosan_1 获取相机及录音权限
2017-07-25 11:44:10,323 : 设备：Samrtosan_1 start tap element id:com.nice.mont:id/feed_open_camera
2017-07-25 11:44:13,223 : 设备：Samrtosan_1 tap element id:com.nice.mont:id/feed_open_camera success
2017-07-25 11:44:13,223 : 设备：Samrtosan_1 start tap element id:android:id/button1
2017-07-25 11:44:15,301 : 设备：Samrtosan_1 tap element id:android:id/button1 success
2017-07-25 11:44:15,301 : 设备：Samrtosan_1 start tap element id:android:id/button1
2017-07-25 11:44:16,873 : 设备：Samrtosan_1 tap element id:android:id/button1 success
2017-07-25 11:44:16,873 : 设备：Samrtosan_1 start tap element id:com.nice.mont:id/iv_close
2017-07-25 11:44:20,739 : 设备：Samrtosan_1 tap element id:com.nice.mont:id/iv_close success
2017-07-25 11:44:20,739 : 设备：Samrtosan_1 预处理成功，开始执行Monkey测试
2017-07-25 11:44:20,740 : 设备：Samrtosan_1 -----------------开始执行monkey脚本-----------------
2017-07-25 11:44:37,021 : 设备：OPPO_A59 tap element id:com.nice.mont:id/circle_avatar success
2017-07-25 11:44:37,021 : 设备：OPPO_A59 start tap element id:com.nice.mont:id/btn_phone_login
2017-07-25 11:44:39,925 : 设备：OPPO_A59 tap element id:com.nice.mont:id/btn_phone_login success
2017-07-25 11:44:39,925 : 设备：OPPO_A59 start send_key 19922223369 to element id:com.nice.mont:id/phone_number
2017-07-25 11:44:52,050 : 设备：OPPO_A59 send_key text:19922223369 to element id:com.nice.mont:id/phone_number success 
2017-07-25 11:44:53,055 : 设备：OPPO_A59 start tap element id:com.nice.mont:id/btn_obtain_verify_code
2017-07-25 11:44:55,777 : 设备：OPPO_A59 tap element id:com.nice.mont:id/btn_obtain_verify_code success
2017-07-25 11:44:56,778 : 设备：OPPO_A59 start send_key 123456 to element id:com.nice.mont:id/verify_code_num
2017-07-25 11:45:07,747 : 设备：OPPO_A59 send_key text:123456 to element id:com.nice.mont:id/verify_code_num success 
2017-07-25 11:45:08,752 : 设备：OPPO_A59 start tap element id:com.nice.mont:id/login
2017-07-25 11:45:12,893 : 设备：OPPO_A59 tap element id:com.nice.mont:id/login success
2017-07-25 11:45:12,893 : 设备：OPPO_A59 登录成功
2017-07-25 11:45:12,894 : 设备：OPPO_A59 获取相机及录音权限
2017-07-25 11:45:12,894 : 设备：OPPO_A59 start tap element id:com.nice.mont:id/feed_open_camera
2017-07-25 11:45:16,868 : 设备：OPPO_A59 tap element id:com.nice.mont:id/feed_open_camera success
2017-07-25 11:45:16,868 : 设备：OPPO_A59 start tap element id:oppo:id/remember_cb
2017-07-25 11:45:20,134 : 设备：OPPO_A59 tap element id:oppo:id/remember_cb success
2017-07-25 11:45:20,135 : 设备：OPPO_A59 start tap element id:android:id/button1
2017-07-25 11:45:23,333 : 设备：OPPO_A59 tap element id:android:id/button1 success
2017-07-25 11:45:23,333 : 设备：OPPO_A59 start tap element id:oppo:id/remember_cb
2017-07-25 11:45:27,166 : 设备：OPPO_A59 tap element id:oppo:id/remember_cb success
2017-07-25 11:45:27,167 : 设备：OPPO_A59 start tap element id:android:id/button1
2017-07-25 11:45:30,207 : 设备：OPPO_A59 tap element id:android:id/button1 success
2017-07-25 11:45:30,207 : 设备：OPPO_A59 start tap element id:com.nice.mont:id/iv_close
2017-07-25 11:45:33,260 : 设备：OPPO_A59 tap element id:com.nice.mont:id/iv_close success
2017-07-25 11:45:33,261 : 设备：OPPO_A59 预处理成功，开始执行Monkey测试
2017-07-25 11:45:33,261 : 设备：OPPO_A59 -----------------开始执行monkey脚本-----------------
2017-07-25 11:45:34,912 : -----------完成monkey测试--------------
