2017-07-25 11:57:46,547 : 加载设备及用户配置信息
2017-07-25 11:57:46,602 : 配置列表中一共有 39 台设备
2017-07-25 11:57:46,602 : 配置列表中一共有 5 个用户信息
2017-07-25 11:57:46,603 : 获得服务器上待测试的设备
2017-07-25 11:57:46,676 : 已连接的设备： 8c9847a5 ------ Samrtosan_1
2017-07-25 11:57:46,676 : 开始执行任务...
2017-07-25 11:57:47,823 : 设备：Samrtosan_1 开始预处理流程...
2017-07-25 11:57:48,727 : 设备：Samrtosan_1 卸载老的nice包
2017-07-25 11:57:51,717 : 设备：Samrtosan_1 开始安装测试的nice包
2017-07-25 11:57:51,718 : 设备：Samrtosan_1 安装app并处理GPS弹窗
2017-07-25 11:58:04,706 : 设备：Samrtosan_1 启动成功
2017-07-25 11:58:04,706 : 设备：Samrtosan_1 开始登录，使用账号:19922223369
2017-07-25 11:58:06,710 : 设备：Samrtosan_1 查找控件 com.nice.mont:id/img
2017-07-25 11:58:06,884 : 设备：Samrtosan_1 找到控件: com.nice.mont:id/img
2017-07-25 11:58:06,884 : 设备：Samrtosan_1 [action]按系统按键(keycode='4')
2017-07-25 11:58:06,919 : 设备：Samrtosan_1 start tap element id:com.nice.mont:id/circle_avatar
2017-07-25 11:58:08,475 : 设备：Samrtosan_1 tap element id:com.nice.mont:id/circle_avatar success
2017-07-25 11:58:08,475 : 设备：Samrtosan_1 start tap element id:com.nice.mont:id/btn_phone_login
2017-07-25 11:58:10,054 : 设备：Samrtosan_1 tap element id:com.nice.mont:id/btn_phone_login success
2017-07-25 11:58:10,054 : 设备：Samrtosan_1 start send_key 19922223369 to element id:com.nice.mont:id/phone_number
2017-07-25 11:58:16,772 : 设备：Samrtosan_1 send_key text:19922223369 to element id:com.nice.mont:id/phone_number success 
2017-07-25 11:58:17,776 : 设备：Samrtosan_1 start tap element id:com.nice.mont:id/btn_obtain_verify_code
2017-07-25 11:58:18,245 : 设备：Samrtosan_1 tap element id:com.nice.mont:id/btn_obtain_verify_code success
2017-07-25 11:58:19,250 : 设备：Samrtosan_1 start send_key 123456 to element id:com.nice.mont:id/verify_code_num
2017-07-25 11:58:25,124 : 设备：Samrtosan_1 send_key text:123456 to element id:com.nice.mont:id/verify_code_num success 
2017-07-25 11:58:26,127 : 设备：Samrtosan_1 start tap element id:com.nice.mont:id/login
2017-07-25 11:58:27,225 : 设备：Samrtosan_1 tap element id:com.nice.mont:id/login success
2017-07-25 11:58:27,225 : 设备：Samrtosan_1 登录成功
2017-07-25 11:58:27,225 : 设备：Samrtosan_1 获取相机及录音权限
2017-07-25 11:58:27,226 : 设备：Samrtosan_1 start tap element id:com.nice.mont:id/feed_open_camera
2017-07-25 11:58:32,704 : 设备：Samrtosan_1 tap element id:com.nice.mont:id/feed_open_camera success
2017-07-25 11:58:32,705 : 设备：Samrtosan_1 start tap element id:android:id/button1
2017-07-25 11:58:34,757 : 设备：Samrtosan_1 tap element id:android:id/button1 success
2017-07-25 11:58:34,758 : 设备：Samrtosan_1 start tap element id:android:id/button1
2017-07-25 11:58:36,135 : 设备：Samrtosan_1 tap element id:android:id/button1 success
2017-07-25 11:58:36,135 : 设备：Samrtosan_1 start tap element id:com.nice.mont:id/iv_close
2017-07-25 11:58:39,984 : 设备：Samrtosan_1 tap element id:com.nice.mont:id/iv_close success
2017-07-25 11:58:39,984 : 设备：Samrtosan_1 预处理成功，开始执行Monkey测试
2017-07-25 11:58:39,984 : 设备：Samrtosan_1 -----------------开始执行monkey脚本-----------------
2017-07-25 11:58:40,924 : -----------完成全部monkey测试--------------
