2017-08-17 15:40:51,666 : 加载设备及用户配置信息
2017-08-17 15:40:51,779 : 配置列表中一共有 39 台设备
2017-08-17 15:40:51,779 : 配置列表中一共有 5 个用户信息
2017-08-17 15:40:51,779 : 获得服务器上待测试的设备
2017-08-17 15:40:51,980 : 已连接的设备： 8526c60c ------ SumSing_Note4
2017-08-17 15:40:51,981 : 开始执行任务...
2017-08-17 15:40:54,921 : 设备：SumSing_Note4 开始预处理流程...
2017-08-17 15:40:55,550 : 设备：SumSing_Note4 卸载老的nice包
2017-08-17 15:40:57,821 : 设备：SumSing_Note4 开始安装测试的nice包
2017-08-17 15:40:57,822 : 设备：SumSing_Note4 启动app并处理GPS弹窗
2017-08-17 15:41:15,646 : 设备：SumSing_Note4 start tap element id:com.android.settings:id/button
2017-08-17 15:41:18,857 : 设备：SumSing_Note4 tap element id:com.android.settings:id/button success
2017-08-17 15:41:20,993 : 设备：SumSing_Note4 启动成功
2017-08-17 15:41:20,994 : 设备：SumSing_Note4 开始登录，使用账号:19922223369
2017-08-17 15:41:22,994 : 设备：SumSing_Note4 查找控件 com.nice.mont:id/img
2017-08-17 15:41:23,060 : 设备：SumSing_Note4 找到控件: com.nice.mont:id/img
2017-08-17 15:41:23,060 : 设备：SumSing_Note4 [action]按系统按键(keycode='4')
2017-08-17 15:41:23,096 : 设备：SumSing_Note4 start tap element id:com.nice.mont:id/circle_avatar
2017-08-17 15:41:24,287 : 设备：SumSing_Note4 tap element id:com.nice.mont:id/circle_avatar success
2017-08-17 15:41:24,287 : 设备：SumSing_Note4 start tap element id:com.nice.mont:id/btn_phone_login
2017-08-17 15:41:25,236 : 设备：SumSing_Note4 tap element id:com.nice.mont:id/btn_phone_login success
2017-08-17 15:41:25,237 : 设备：SumSing_Note4 查找控件 com.nice.mont:id/phone_number
2017-08-17 15:41:25,324 : 设备：SumSing_Note4 找到控件: com.nice.mont:id/phone_number
2017-08-17 15:41:25,325 : 设备：SumSing_Note4 start tap element id:com.nice.main:id/phone_number
2017-08-17 15:43:52,943 : -----------完成全部monkey测试--------------
