2017-08-15 21:57:54,300 : 加载设备及用户配置信息
2017-08-15 21:57:54,363 : 配置列表中一共有 39 台设备
2017-08-15 21:57:54,364 : 配置列表中一共有 5 个用户信息
2017-08-15 21:57:54,364 : 获得服务器上待测试的设备
2017-08-15 21:57:54,528 : 已连接的设备： 3DN4C16411014042 ------ HuaWei_G9
2017-08-15 21:57:54,528 : 开始执行任务...
2017-08-15 21:57:57,124 : 设备：HuaWei_G9 开始预处理流程...
2017-08-15 21:57:57,972 : 设备：HuaWei_G9 卸载老的nice包
2017-08-15 21:58:05,218 : 设备：HuaWei_G9 查找控件 android:id/button1
2017-08-15 21:58:06,389 : 设备：HuaWei_G9 未找到控件: android:id/button1
2017-08-15 21:58:06,389 : 设备：HuaWei_G9 开始安装测试的nice包
2017-08-15 21:58:06,390 : 设备：HuaWei_G9 启动app并处理GPS弹窗
2017-08-15 21:58:06,390 : 设备：HuaWei_G9 查找控件 com.android.packageinstaller:id/decide_to_continue
2017-08-15 21:58:17,695 : 设备：HuaWei_G9 未找到控件: com.android.packageinstaller:id/decide_to_continue
2017-08-15 21:58:17,695 : 设备：HuaWei_G9 查找控件 com.android.packageinstaller:id/ok_button
2017-08-15 21:58:29,095 : 设备：HuaWei_G9 未找到控件: com.android.packageinstaller:id/ok_button
2017-08-15 21:58:32,611 : 设备：HuaWei_G9 start tap element id:com.huawei.systemmanager:id/btn_allow
2017-08-15 21:58:36,303 : 设备：HuaWei_G9 tap element id:com.huawei.systemmanager:id/btn_allow success
2017-08-15 21:58:36,303 : 设备：HuaWei_G9 启动成功
2017-08-15 21:58:36,304 : 设备：HuaWei_G9 开始登录，使用账号:19922223369
2017-08-15 21:58:38,307 : 设备：HuaWei_G9 查找控件 com.nice.mont:id/img
2017-08-15 21:58:38,343 : 设备：HuaWei_G9 找到控件: com.nice.mont:id/img
2017-08-15 21:58:38,343 : 设备：HuaWei_G9 [action]按系统按键(keycode='4')
2017-08-15 21:58:38,372 : 设备：HuaWei_G9 start tap element id:com.nice.mont:id/circle_avatar
2017-08-15 21:58:39,454 : 设备：HuaWei_G9 tap element id:com.nice.mont:id/circle_avatar success
2017-08-15 21:58:39,455 : 设备：HuaWei_G9 start tap element id:com.nice.mont:id/btn_phone_login
2017-08-15 21:58:40,372 : 设备：HuaWei_G9 tap element id:com.nice.mont:id/btn_phone_login success
2017-08-15 21:58:40,373 : 设备：HuaWei_G9 查找控件 com.nice.mont:id/phone_number
2017-08-15 21:58:40,417 : 设备：HuaWei_G9 找到控件: com.nice.mont:id/phone_number
2017-08-15 21:58:43,814 : 设备：HuaWei_G9 预处理流程失败，终止相应任务
2017-08-15 21:58:43,815 : -----------完成全部monkey测试--------------
