2017-08-22 15:00:06,786 : 加载设备及用户配置信息
2017-08-22 15:00:06,837 : 配置列表中一共有 39 台设备
2017-08-22 15:00:06,837 : 配置列表中一共有 5 个用户信息
2017-08-22 15:00:06,837 : 获得服务器上待测试的设备
2017-08-22 15:00:06,903 : 已连接的设备： LJYTZ5D699999999 ------ Redmi_Note2
2017-08-22 15:00:06,903 : 开始执行任务...
2017-08-22 15:00:09,053 : 设备：Redmi_Note2 开始预处理流程...
2017-08-22 15:00:09,589 : 设备：Redmi_Note2 卸载老的nice包
2017-08-22 15:00:11,649 : 设备：Redmi_Note2 开始安装测试的nice包
2017-08-22 15:00:11,649 : 设备：Redmi_Note2 安装app并处理GPS弹窗
2017-08-22 15:00:35,208 : 设备：Redmi_Note2 启动成功
2017-08-22 15:00:35,209 : 设备：Redmi_Note2 开始登录，使用账号:19922223369
2017-08-22 15:00:37,213 : 设备：Redmi_Note2 查找控件 com.nice.mont:id/img
2017-08-22 15:00:37,421 : 设备：Redmi_Note2 找到控件: com.nice.mont:id/img
2017-08-22 15:00:37,421 : 设备：Redmi_Note2 [action]按系统按键(keycode='4')
2017-08-22 15:00:37,486 : 设备：Redmi_Note2 start tap element id:com.nice.mont:id/circle_avatar
2017-08-22 15:00:39,477 : 设备：Redmi_Note2 tap element id:com.nice.mont:id/circle_avatar success
2017-08-22 15:00:39,477 : 设备：Redmi_Note2 start tap element id:com.nice.mont:id/btn_phone_login
2017-08-22 15:00:41,726 : 设备：Redmi_Note2 tap element id:com.nice.mont:id/btn_phone_login success
2017-08-22 15:00:41,726 : 设备：Redmi_Note2 查找控件 com.nice.mont:id/phone_number
2017-08-22 15:00:41,834 : 设备：Redmi_Note2 找到控件: com.nice.mont:id/phone_number
2017-08-22 15:00:41,834 : 设备：Redmi_Note2 start tap element id:com.nice.mont:id/phone_number
2017-08-22 15:00:42,832 : 设备：Redmi_Note2 tap element id:com.nice.mont:id/phone_number success
2017-08-22 15:00:43,837 : 设备：Redmi_Note2 start send_key 19922223369 to element id:com.nice.mont:id/phone_number
2017-08-22 15:00:49,800 : 设备：Redmi_Note2 send_key text:19922223369 to element id:com.nice.mont:id/phone_number success 
2017-08-22 15:00:49,801 : 设备：Redmi_Note2 start tap element id:com.nice.mont:id/btn_obtain_verify_code
2017-08-22 15:00:50,557 : 设备：Redmi_Note2 tap element id:com.nice.mont:id/btn_obtain_verify_code success
2017-08-22 15:00:51,562 : 设备：Redmi_Note2 start send_key 123456 to element id:com.nice.mont:id/verify_code_num
2017-08-22 15:00:57,602 : 设备：Redmi_Note2 send_key text:123456 to element id:com.nice.mont:id/verify_code_num success 
2017-08-22 15:00:58,608 : 设备：Redmi_Note2 start tap element id:com.nice.mont:id/login
2017-08-22 15:00:59,307 : 设备：Redmi_Note2 tap element id:com.nice.mont:id/login success
2017-08-22 15:00:59,307 : 设备：Redmi_Note2 登录成功
2017-08-22 15:00:59,308 : 设备：Redmi_Note2 获取相机及录音权限
2017-08-22 15:00:59,308 : 设备：Redmi_Note2 start tap element id:com.nice.mont:id/feed_open_camera
2017-08-22 15:01:02,840 : 设备：Redmi_Note2 tap element id:com.nice.mont:id/feed_open_camera success
2017-08-22 15:01:02,840 : 设备：Redmi_Note2 start tap element id:com.lbe.security.miui:id/accept
2017-08-22 15:01:03,686 : 设备：Redmi_Note2 tap element id:com.lbe.security.miui:id/accept success
2017-08-22 15:01:03,686 : 设备：Redmi_Note2 start tap element id:com.lbe.security.miui:id/accept
2017-08-22 15:01:04,701 : 设备：Redmi_Note2 tap element id:com.lbe.security.miui:id/accept success
2017-08-22 15:01:04,701 : 设备：Redmi_Note2 start tap element id:com.nice.mont:id/iv_close
2017-08-22 15:01:05,978 : 设备：Redmi_Note2 tap element id:com.nice.mont:id/iv_close success
2017-08-22 15:01:05,979 : 设备：Redmi_Note2 预处理成功，开始执行Monkey测试
2017-08-22 15:01:05,979 : 设备：Redmi_Note2 -----------------执行monkey脚本-----------------
2017-08-22 15:01:07,236 : -----------完成全部monkey测试--------------
