2017-08-22 11:10:49,704 : 加载设备及用户配置信息
2017-08-22 11:10:49,759 : 配置列表中一共有 39 台设备
2017-08-22 11:10:49,759 : 配置列表中一共有 5 个用户信息
2017-08-22 11:10:49,759 : 获得服务器上待测试的设备
2017-08-22 11:10:49,846 : 已连接的设备： 810EBL22MGP3 ------ MEIZU_M2NOTE
2017-08-22 11:10:49,846 : 已连接的设备： b33aa57c ------ XIAOMI_5
2017-08-22 11:10:49,846 : 开始执行任务...
2017-08-22 11:10:55,137 : 设备：MEIZU_M2NOTE 开始预处理流程...
2017-08-22 11:10:55,824 : 设备：MEIZU_M2NOTE 卸载老的nice包
2017-08-22 11:10:58,082 : 设备：MEIZU_M2NOTE 开始安装测试的nice包
2017-08-22 11:10:58,083 : 设备：MEIZU_M2NOTE 安装app并处理GPS弹窗
2017-08-22 11:10:58,083 : 设备：MEIZU_M2NOTE start tap element id:android:id/button1
2017-08-22 11:10:58,465 : 设备：XIAOMI_5 开始预处理流程...
2017-08-22 11:10:58,990 : 设备：XIAOMI_5 卸载老的nice包
2017-08-22 11:11:00,418 : 设备：XIAOMI_5 开始安装测试的nice包
2017-08-22 11:11:00,419 : 设备：XIAOMI_5 启动app并处理GPS弹窗
2017-08-22 11:11:03,997 : 设备：MEIZU_M2NOTE tap element id:android:id/button1 success
2017-08-22 11:11:15,229 : 设备：MEIZU_M2NOTE 启动成功
2017-08-22 11:11:15,229 : 设备：MEIZU_M2NOTE 开始登录，使用账号:19922223369
2017-08-22 11:11:17,233 : 设备：MEIZU_M2NOTE 查找控件 com.nice.mont:id/img
2017-08-22 11:11:17,539 : 设备：MEIZU_M2NOTE 找到控件: com.nice.mont:id/img
2017-08-22 11:11:17,539 : 设备：MEIZU_M2NOTE [action]按系统按键(keycode='4')
2017-08-22 11:11:17,565 : 设备：MEIZU_M2NOTE start tap element id:com.nice.mont:id/circle_avatar
2017-08-22 11:11:18,749 : 设备：MEIZU_M2NOTE tap element id:com.nice.mont:id/circle_avatar success
2017-08-22 11:11:18,750 : 设备：MEIZU_M2NOTE start tap element id:com.nice.mont:id/btn_phone_login
2017-08-22 11:11:19,913 : 设备：MEIZU_M2NOTE tap element id:com.nice.mont:id/btn_phone_login success
2017-08-22 11:11:19,914 : 设备：MEIZU_M2NOTE 查找控件 com.nice.mont:id/phone_number
2017-08-22 11:11:20,021 : 设备：MEIZU_M2NOTE 找到控件: com.nice.mont:id/phone_number
2017-08-22 11:11:20,022 : 设备：MEIZU_M2NOTE start tap element id:com.nice.mont:id/phone_number
2017-08-22 11:11:23,336 : 设备：XIAOMI_5 启动成功
2017-08-22 11:11:23,336 : 设备：XIAOMI_5 开始登录，使用账号:19922223368
2017-08-22 11:11:23,666 : 设备：MEIZU_M2NOTE tap element id:com.nice.mont:id/phone_number success
2017-08-22 11:11:24,670 : 设备：MEIZU_M2NOTE start send_key 19922223369 to element id:com.nice.mont:id/phone_number
2017-08-22 11:11:25,339 : 设备：XIAOMI_5 查找控件 com.nice.mont:id/img
2017-08-22 11:11:25,463 : 设备：XIAOMI_5 找到控件: com.nice.mont:id/img
2017-08-22 11:11:25,463 : 设备：XIAOMI_5 [action]按系统按键(keycode='4')
2017-08-22 11:11:25,497 : 设备：XIAOMI_5 start tap element id:com.nice.mont:id/circle_avatar
2017-08-22 11:11:26,636 : 设备：XIAOMI_5 tap element id:com.nice.mont:id/circle_avatar success
2017-08-22 11:11:26,637 : 设备：XIAOMI_5 start tap element id:com.nice.mont:id/btn_phone_login
2017-08-22 11:11:27,484 : 设备：XIAOMI_5 tap element id:com.nice.mont:id/btn_phone_login success
2017-08-22 11:11:27,484 : 设备：XIAOMI_5 查找控件 com.nice.mont:id/phone_number
2017-08-22 11:11:27,520 : 设备：XIAOMI_5 找到控件: com.nice.mont:id/phone_number
2017-08-22 11:11:27,520 : 设备：XIAOMI_5 start tap element id:com.nice.mont:id/phone_number
2017-08-22 11:11:29,862 : 设备：MEIZU_M2NOTE send_key text:19922223369 to element id:com.nice.mont:id/phone_number success 
2017-08-22 11:11:29,862 : 设备：MEIZU_M2NOTE start tap element id:com.nice.mont:id/btn_obtain_verify_code
2017-08-22 11:11:30,618 : 设备：MEIZU_M2NOTE tap element id:com.nice.mont:id/btn_obtain_verify_code success
2017-08-22 11:11:31,562 : 设备：XIAOMI_5 tap element id:com.nice.mont:id/phone_number success
2017-08-22 11:11:31,619 : 设备：MEIZU_M2NOTE start send_key 123456 to element id:com.nice.mont:id/verify_code_num
2017-08-22 11:11:32,563 : 设备：XIAOMI_5 start send_key 19922223368 to element id:com.nice.mont:id/phone_number
2017-08-22 11:11:37,909 : 设备：XIAOMI_5 send_key text:19922223368 to element id:com.nice.mont:id/phone_number success 
2017-08-22 11:11:37,909 : 设备：XIAOMI_5 start tap element id:com.nice.mont:id/btn_obtain_verify_code
2017-08-22 11:11:38,749 : 设备：XIAOMI_5 tap element id:com.nice.mont:id/btn_obtain_verify_code success
2017-08-22 11:11:39,752 : 设备：XIAOMI_5 start send_key 123456 to element id:com.nice.mont:id/verify_code_num
2017-08-22 11:11:44,292 : 设备：MEIZU_M2NOTE send_key text:123456 to element id:com.nice.mont:id/verify_code_num success 
2017-08-22 11:11:45,297 : 设备：MEIZU_M2NOTE start tap element id:com.nice.mont:id/login
2017-08-22 11:11:45,864 : 设备：XIAOMI_5 send_key text:123456 to element id:com.nice.mont:id/verify_code_num success 
2017-08-22 11:11:46,423 : 设备：MEIZU_M2NOTE tap element id:com.nice.mont:id/login success
2017-08-22 11:11:46,423 : 设备：MEIZU_M2NOTE 登录成功
2017-08-22 11:11:46,423 : 设备：MEIZU_M2NOTE 获取相机及录音权限
2017-08-22 11:11:46,423 : 设备：MEIZU_M2NOTE start tap element id:com.nice.mont:id/feed_open_camera
2017-08-22 11:11:46,869 : 设备：XIAOMI_5 start tap element id:com.nice.mont:id/login
2017-08-22 11:11:47,873 : 设备：XIAOMI_5 tap element id:com.nice.mont:id/login success
2017-08-22 11:11:47,873 : 设备：XIAOMI_5 登录成功
2017-08-22 11:11:47,874 : 设备：XIAOMI_5 获取相机及录音权限
2017-08-22 11:11:47,874 : 设备：XIAOMI_5 start tap element id:com.nice.mont:id/feed_open_camera
2017-08-22 11:11:48,519 : 设备：MEIZU_M2NOTE tap element id:com.nice.mont:id/feed_open_camera success
2017-08-22 11:11:48,519 : 设备：MEIZU_M2NOTE start tap element id:android:id/button1
2017-08-22 11:11:50,229 : 设备：XIAOMI_5 tap element id:com.nice.mont:id/feed_open_camera success
2017-08-22 11:11:50,230 : 设备：XIAOMI_5 start tap element id:android:id/button1
2017-08-22 11:11:50,954 : 设备：XIAOMI_5 tap element id:android:id/button1 success
2017-08-22 11:11:50,955 : 设备：XIAOMI_5 start tap element id:android:id/button1
2017-08-22 11:11:51,964 : 设备：XIAOMI_5 tap element id:android:id/button1 success
2017-08-22 11:11:51,965 : 设备：XIAOMI_5 start tap element id:android:id/button1
2017-08-22 11:11:52,273 : 设备：MEIZU_M2NOTE tap element id:android:id/button1 success
2017-08-22 11:11:52,273 : 设备：MEIZU_M2NOTE start tap element id:android:id/button1
2017-08-22 11:11:55,521 : 设备：MEIZU_M2NOTE tap element id:android:id/button1 success
2017-08-22 11:11:55,521 : 设备：MEIZU_M2NOTE start tap element id:com.nice.mont:id/iv_close
2017-08-22 11:11:55,754 : 设备：XIAOMI_5 tap element id:android:id/button1 success
2017-08-22 11:11:55,755 : 设备：XIAOMI_5 start tap element id:com.nice.mont:id/iv_close
2017-08-22 11:11:55,985 : 设备：MEIZU_M2NOTE tap element id:com.nice.mont:id/iv_close success
2017-08-22 11:11:55,985 : 设备：MEIZU_M2NOTE 预处理成功，开始执行Monkey测试
2017-08-22 11:11:55,985 : 设备：MEIZU_M2NOTE -----------------执行monkey脚本-----------------
2017-08-22 11:11:56,179 : 设备：XIAOMI_5 tap element id:com.nice.mont:id/iv_close success
2017-08-22 11:11:56,180 : 设备：XIAOMI_5 预处理成功，开始执行Monkey测试
2017-08-22 11:11:56,180 : 设备：XIAOMI_5 -----------------执行monkey脚本-----------------
2017-08-22 11:15:41,926 : -----------完成全部monkey测试--------------
