2017-08-22 14:40:00,368 : 加载设备及用户配置信息
2017-08-22 14:40:00,420 : 配置列表中一共有 39 台设备
2017-08-22 14:40:00,420 : 配置列表中一共有 5 个用户信息
2017-08-22 14:40:00,420 : 获得服务器上待测试的设备
2017-08-22 14:40:00,541 : 已连接的设备： LJYTZ5D699999999 ------ Redmi_Note2
2017-08-22 14:40:00,541 : 开始执行任务...
2017-08-22 14:40:02,211 : 设备：Redmi_Note2 开始预处理流程...
2017-08-22 14:40:02,778 : 设备：Redmi_Note2 卸载老的nice包
2017-08-22 14:40:04,676 : 设备：Redmi_Note2 开始安装测试的nice包
2017-08-22 14:40:04,676 : 设备：Redmi_Note2 安装app并处理GPS弹窗
2017-08-22 14:40:30,584 : 设备：Redmi_Note2 启动成功
2017-08-22 14:40:30,584 : 设备：Redmi_Note2 开始登录，使用账号:19922223369
2017-08-22 14:40:32,585 : 设备：Redmi_Note2 查找控件 com.nice.mont:id/img
2017-08-22 14:40:32,753 : 设备：Redmi_Note2 找到控件: com.nice.mont:id/img
2017-08-22 14:40:32,754 : 设备：Redmi_Note2 [action]按系统按键(keycode='4')
2017-08-22 14:40:32,790 : 设备：Redmi_Note2 start tap element id:com.nice.mont:id/circle_avatar
2017-08-22 14:40:35,504 : 设备：Redmi_Note2 tap element id:com.nice.mont:id/circle_avatar success
2017-08-22 14:40:35,504 : 设备：Redmi_Note2 start tap element id:com.nice.mont:id/btn_phone_login
2017-08-22 14:40:36,964 : 设备：Redmi_Note2 tap element id:com.nice.mont:id/btn_phone_login success
2017-08-22 14:40:36,965 : 设备：Redmi_Note2 查找控件 com.nice.mont:id/phone_number
2017-08-22 14:40:37,056 : 设备：Redmi_Note2 找到控件: com.nice.mont:id/phone_number
2017-08-22 14:40:37,056 : 设备：Redmi_Note2 start tap element id:com.nice.mont:id/phone_number
2017-08-22 14:40:38,109 : 设备：Redmi_Note2 tap element id:com.nice.mont:id/phone_number success
2017-08-22 14:40:39,112 : 设备：Redmi_Note2 start send_key 19922223369 to element id:com.nice.mont:id/phone_number
2017-08-22 14:40:44,717 : 设备：Redmi_Note2 send_key text:19922223369 to element id:com.nice.mont:id/phone_number success 
2017-08-22 14:40:44,717 : 设备：Redmi_Note2 start tap element id:com.nice.mont:id/btn_obtain_verify_code
2017-08-22 14:40:45,478 : 设备：Redmi_Note2 tap element id:com.nice.mont:id/btn_obtain_verify_code success
2017-08-22 14:40:46,483 : 设备：Redmi_Note2 start send_key 123456 to element id:com.nice.mont:id/verify_code_num
2017-08-22 14:40:52,522 : 设备：Redmi_Note2 send_key text:123456 to element id:com.nice.mont:id/verify_code_num success 
2017-08-22 14:40:53,523 : 设备：Redmi_Note2 start tap element id:com.nice.mont:id/login
2017-08-22 14:40:54,207 : 设备：Redmi_Note2 tap element id:com.nice.mont:id/login success
2017-08-22 14:40:54,207 : 设备：Redmi_Note2 登录成功
2017-08-22 14:40:54,207 : 设备：Redmi_Note2 获取相机及录音权限
2017-08-22 14:40:54,208 : 设备：Redmi_Note2 start tap element id:com.nice.mont:id/feed_open_camera
2017-08-22 14:40:58,005 : 设备：Redmi_Note2 tap element id:com.nice.mont:id/feed_open_camera success
2017-08-22 14:40:58,005 : 设备：Redmi_Note2 start tap element id:com.lbe.security.miui:id/accept
2017-08-22 14:40:58,816 : 设备：Redmi_Note2 tap element id:com.lbe.security.miui:id/accept success
2017-08-22 14:40:58,817 : 设备：Redmi_Note2 start tap element id:com.lbe.security.miui:id/accept
2017-08-22 14:40:59,918 : 设备：Redmi_Note2 tap element id:com.lbe.security.miui:id/accept success
2017-08-22 14:40:59,919 : 设备：Redmi_Note2 start tap element id:com.nice.mont:id/iv_close
2017-08-22 14:41:00,698 : 设备：Redmi_Note2 tap element id:com.nice.mont:id/iv_close success
2017-08-22 14:41:00,698 : 设备：Redmi_Note2 预处理成功，开始执行Monkey测试
2017-08-22 14:41:00,698 : 设备：Redmi_Note2 -----------------执行monkey脚本-----------------
2017-08-22 14:41:01,554 : -----------完成全部monkey测试--------------
