2017-07-24 20:37:07,959 : 加载设备及用户配置信息
2017-07-24 20:37:08,019 : 配置列表中一共有 38 台设备
2017-07-24 20:37:08,020 : 配置列表中一共有 5 个用户信息
2017-07-24 20:37:08,020 : 获得服务器上待测试的设备
2017-07-24 20:37:08,156 : 已连接的设备： 8526c60c ------ SumSing_Note4
2017-07-24 20:37:08,157 : 开始执行任务...
2017-07-24 20:37:09,558 : 设备：SumSing_Note4 开始预处理流程...
2017-07-24 20:37:10,089 : 设备：SumSing_Note4 卸载老的nice包
2017-07-24 20:37:12,112 : 设备：SumSing_Note4 开始安装测试的nice包
2017-07-24 20:37:12,113 : 设备：SumSing_Note4 启动app并处理GPS弹窗
2017-07-24 20:37:28,666 : 设备：SumSing_Note4 start tap element id:com.android.settings:id/button
2017-07-24 20:37:30,869 : 设备：SumSing_Note4 tap element id:com.android.settings:id/button success
2017-07-24 20:37:33,480 : 设备：SumSing_Note4 启动成功
2017-07-24 20:37:33,481 : 设备：SumSing_Note4 登录成功
2017-07-24 20:37:33,481 : 设备：SumSing_Note4 获取相机及录音权限
2017-07-24 20:37:33,481 : 设备：SumSing_Note4 查找控件 com.nice.mont:id/feed_open_camera
2017-07-24 20:37:33,949 : 设备：SumSing_Note4 找到控件: com.nice.mont:id/feed_open_camera
2017-07-24 20:37:33,950 : 设备：SumSing_Note4 start tap element id:com.nice.mont:id/feed_open_camera
2017-07-24 20:37:37,078 : 设备：SumSing_Note4 tap element id:com.nice.mont:id/feed_open_camera success
2017-07-24 20:37:38,083 : 设备：SumSing_Note4 start tap element id:com.nice.mont:id/iv_close
2017-07-24 20:37:38,997 : 设备：SumSing_Note4 tap element id:com.nice.mont:id/iv_close success
2017-07-24 20:37:38,997 : 设备：SumSing_Note4 预处理成功，开始执行Monkey测试
2017-07-24 20:37:38,998 : 设备：SumSing_Note4 -----------------开始执行monkey脚本-----------------
2017-07-24 20:37:42,126 : -----------完成monkey测试--------------
